0 %
0 %
0 %
0 %
0 %
0 %
0 %
0 %
0 %
0 %
0 %
0 %
0 %
0 %
0 %
0 %
0 %
0 %
0 %
0 %
0 %
0 %
0 %
0 %
0 %
0 %
0 %
0 %
0 %
0 %
0 %
0 %
0 %
0 %
0 %
0 %
0 %
12 %
30 %
0 %
0 %
0 %
0 %
0 %
0 %
0 %
0 %
15 %
93 %
0 %
99 %
99 %
0 %
0 %
0 %
0 %
0 %
0 %
0 %
0 %
0 %
0 %
0 %
0 %
0 %
0 %
0 %
0 %
0 %
0 %
0 %
0 %
0 %
0 %
0 %
0 %
0 %
0 %
0 %
0 %
0 %
0 %
0 %
0 %
0 %
0 %
0 %
0 %
0 %
0 %
0 %
0 %
0 %
0 %
0 %
0 %
0 %
0 %
0 %
0 %
0 %
0 %
0 %
0 %
0 %
0 %
63 %
99 %
0 %
0 %
0 %
0 %
99 %
100 %
0 %
0 %
0 %
0 %
0 %
0 %
0 %
0 %
0 %
0 %
0 %
0 %
0 %
0 %
0 %
0 %
0 %
0 %
0 %
0 %
0 %
0 %
0 %
0 %
0 %
0 %
0 %
0 %
0 %
0 %
0 %
0 %
0 %
0 %
0 %
0 %
0 %
0 %
0 %
0 %
0 %
0 %
0 %
0 %
0 %
0 %
0 %
99 %
53 %
0 %
0 %
0 %
99 %
7 %
0 %
0 %
0 %
0 %
0 %
0 %
0 %
0 %
0 %
99 %
0 %
0 %
0 %
0 %
0 %
0 %
0 %
0 %
0 %
0 %
0 %
0 %
0 %
0 %
0 %
0 %
0 %
0 %
0 %
0 %
0 %
0 %
0 %
0 %
0 %
0 %
0 %
0 %
0 %
0 %
0 %
0 %
0 %
0 %
0 %
0 %
0 %
0 %
0 %
0 %
99 %
99 %
0 %
0 %
0 %
0 %
0 %
0 %
0 %
88 %
0 %
0 %
0 %
0 %
0 %
0 %
0 %
0 %
0 %
0 %
0 %
0 %
0 %
0 %
0 %
0 %
0 %
0 %
0 %
0 %
0 %
0 %
0 %
0 %
0 %
0 %
0 %
0 %
0 %
0 %
0 %
0 %
0 %
0 %
0 %
0 %
0 %
0 %
0 %
0 %
0 %
0 %
0 %
0 %
0 %
0 %
0 %
0 %
0 %
0 %
0 %
0 %
0 %
0 %
0 %
98 %
99 %
24 %
0 %
14 %
0 %
0 %
0 %
0 %
0 %
0 %
0 %
0 %
0 %
0 %
0 %
0 %
0 %
0 %
0 %
0 %
0 %
0 %
0 %
0 %
0 %
0 %
0 %
0 %
0 %
0 %
0 %
0 %
0 %
0 %
0 %
0 %
0 %
0 %
0 %
0 %
0 %
0 %
0 %
0 %
0 %
0 %
0 %
0 %
0 %
0 %
0 %
0 %
0 %
0 %
0 %
0 %
0 %
0 %
0 %
0 %
0 %
0 %
0 %
0 %
0 %
0 %
0 %
0 %
0 %
0 %
0 %
0 %
0 %
100 %
100 %
82 %
24 %
0 %
0 %
0 %
0 %
0 %
0 %
0 %
0 %
0 %
0 %
0 %
0 %
0 %
0 %
0 %
0 %
0 %
0 %
0 %
0 %
0 %
0 %
0 %
0 %
0 %
0 %
0 %
0 %
0 %
0 %
0 %
0 %
0 %
0 %
0 %
0 %
0 %
0 %
0 %
0 %
0 %
0 %
0 %
0 %
0 %
0 %
0 %
0 %
0 %
0 %
0 %
0 %
0 %
0 %
0 %
0 %
47 %
52 %
0 %
0 %
0 %
0 %
0 %
0 %
0 %
0 %
0 %
0 %
0 %
0 %
0 %
0 %
0 %
0 %
0 %
0 %
0 %
0 %
0 %
0 %
0 %
0 %
0 %
0 %
0 %
0 %
0 %
0 %
0 %
0 %
0 %
0 %
0 %
0 %
0 %
0 %
0 %
0 %
0 %
0 %
0 %
0 %
0 %
0 %
0 %
0 %
0 %
0 %
0 %
0 %
0 %
0 %
0 %
0 %
0 %
0 %
0 %
0 %
0 %
0 %
0 %
0 %
0 %
0 %
0 %
0 %
99 %
0 %
0 %
0 %
0 %
34 %
0 %
0 %
0 %
0 %
0 %
0 %
0 %
0 %
0 %
0 %
0 %
0 %
0 %
0 %
0 %
99 %
0 %
0 %
0 %
0 %
0 %
0 %
0 %
0 %
0 %
0 %
0 %
0 %
0 %
0 %
0 %
0 %
0 %
0 %
0 %
0 %
0 %
0 %
0 %
0 %
0 %
0 %
0 %
0 %
0 %
0 %
0 %
0 %
0 %
0 %
99 %
99 %
0 %
0 %
0 %
99 %
99 %
0 %
0 %
0 %
0 %
0 %
0 %
0 %
0 %
0 %
0 %
0 %
0 %
0 %
0 %
0 %
0 %
0 %
0 %
0 %
0 %
0 %
0 %
0 %
0 %
0 %
0 %
0 %
0 %
0 %
0 %
0 %
0 %
0 %
0 %
0 %
0 %
0 %
0 %
0 %
0 %
0 %
0 %
0 %
0 %
0 %
0 %
0 %
0 %
0 %
0 %
0 %
0 %
0 %
0 %
0 %
0 %
0 %
99 %
99 %
99 %
0 %
0 %
0 %
0 %
0 %
0 %
0 %
0 %
0 %
0 %
0 %
0 %
0 %
0 %
0 %
0 %
0 %
1 %
0 %
0 %
0 %
0 %
0 %
1 %
0 %
0 %
0 %
0 %
0 %
0 %
0 %
0 %
0 %
0 %
0 %
0 %
0 %
0 %
0 %
0 %
0 %
0 %
0 %
0 %
0 %
0 %
0 %
98 %
0 %
0 %
0 %
0 %
0 %
0 %
0 %
0 %
0 %
0 %
0 %
0 %
0 %
0 %
0 %
0 %
0 %
99 %
99 %
68 %
0 %
0 %
0 %
0 %
0 %
0 %
0 %
0 %
0 %
0 %
0 %
0 %
0 %
0 %
0 %
0 %
0 %
0 %
0 %
0 %
0 %
0 %
0 %
0 %
0 %
0 %
0 %
0 %
0 %
0 %
0 %
0 %
0 %
0 %
0 %
0 %
0 %
0 %
0 %
0 %
0 %
0 %
0 %
0 %
0 %
0 %
0 %
0 %
0 %
0 %
0 %
0 %
0 %
0 %
0 %
0 %
0 %
0 %
0 %
0 %
0 %
0 %
0 %
0 %
0 %
0 %
0 %
0 %
0 %
0 %
0 %
0 %
0 %
0 %
0 %
0 %
0 %
0 %
0 %
99 %
99 %
99 %
0 %
0 %
0 %
0 %
0 %
0 %
0 %
0 %
0 %
0 %
0 %
0 %
0 %
0 %
0 %
0 %
0 %
0 %
0 %
0 %
0 %
0 %
0 %
0 %
0 %
99 %
0 %
0 %
0 %
0 %
0 %
0 %
0 %
0 %
0 %
0 %
0 %
0 %
0 %
0 %
0 %
0 %
0 %
0 %
0 %
1 %
0 %
0 %
0 %
0 %
0 %
0 %
0 %
0 %
0 %
0 %
0 %
0 %
0 %
0 %
0 %
0 %
0 %
0 %
0 %
0 %
0 %
0 %
0 %
0 %
0 %
0 %
0 %
0 %
0 %
0 %
0 %
0 %
0 %
0 %
99 %
99 %
100 %
0 %
0 %
0 %
0 %
0 %
0 %
0 %
0 %
0 %
0 %
0 %
0 %
