82 
100 
95 
0 
0 
0 
0 
0 
0 
0 
0 
0 
0 
0 
93 
0 
0 
0 
0 
0 
0 
0 
0 
0 
0 
0 
0 
0 
85 
93 
100 
100 
98 
70 
100 
98 
51 
0 
0 
0 
0 
0 
0 
0 
0 
0 
0 
0 
0 
0 
0 
100 
98 
92 
93 
90 
100 
100 
99 
55 
0 
0 
0 
0 
0 
0 
0 
0 
0 
0 
0 
0 
0 
0 
0 
0 
0 
94 
100 
93 
100 
100 
99 
68 
100 
0 
0 
0 
0 
0 
0 
0 
0 
0 
0 
92 
100 
100 
98 
90 
100 
97 
65 
29 
0 
0 
0 
0 
0 
0 
0 
0 
0 
99 
94 
81 
100 
98 
87 
94 
93 
0 
0 
0 
0 
0 
0 
0 
0 
0 
0 
0 
0 
0 
0 
0 
38 
100 
100 
0 
99 
61 
0 
0 
100 
0 
0 
0 
0 
0 
0 
0 
0 
73 
100 
99 
59 
0 
0 
0 
0 
0 
0 
0 
0 
0 
0 
0 
0 
0 
0 
0 
0 
0 
0 
0 
0 
25 
100 
98 
7 
0 
0 
0 
0 
0 
0 
0 
0 
0 
0 
0 
0 
0 
0 
0 
100 
93 
0 
0 
0 
0 
0 
0 
0 
0 
0 
0 
0 
0 
0 
0 
71 
93 
93 
77 
85 
89 
100 
0 
0 
0 
0 
0 %
