4 %
0 %
0 %
0 %
0 %
0 %
79 %
0 %
0 %
0 %
0 %
0 %
0 %
0 %
51 %
98 %
100 %
90 %
89 %
99 %
91 %
100 %
82 %
98 %
100 %
88 %
87 %
90 %
88 %
99 %
100 %
79 %
0 %
89 %
97 %
89 %
94 %
98 %
96 %
90 %
98 %
0 %
98 %
100 %
83 %
90 %
99 %
100 %
90 %
99 %
59 %
99 %
100 %
91 %
89 %
99 %
89 %
99 %
100 %
94 %
100 %
90 %
92 %
98 %
92 %
98 %
99 %
87 %
98 %
100 %
90 %
98 %
100 %
91 %
92 %
99 %
100 %
98 %
100 %
94 %
99 %
100 %
88 %
90 %
97 %
100 %
89 %
96 %
99 %
100 %
91 %
86 %
99 %
87 %
99 %
99 %
99 %
100 %
90 %
92 %
91 %
87 %
98 %
100 %
99 %
99 %
100 %
99 %
100 %
88 %
85 %
99 %
100 %
97 %
99 %
100 %
90 %
88 %
99 %
100 %
92 %
90 %
96 %
92 %
99 %
0 %
0 %
0 %
0 %
0 %
0 %
0 %
0 %
0 %
0 %
0 %
0 %
0 %
99 %
100 %
87 %
89 %
100 %
77 %
87 %
97 %
95 %
100 %
90 %
99 %
98 %
89 %
89 %
98 %
100 %
97 %
98 %
100 %
90 %
87 %
98 %
100 %
95 %
90 %
100 %
90 %
89 %
98 %
100 %
90 %
89 %
100 %
89 %
88 %
98 %
100 %
96 %
87 %
100 %
90 %
88 %
99 %
100 %
98 %
79 %
98 %
98 %
100 %
98 %
81 %
68 %
80 %
100 %
100 %
86 %
82 %
88 %
99 %
100 %
81 %
94 %
99 %
100 %
79 %
77 %
77 %
100 %
88 %
72 %
79 %
78 %
97 %
99 %
79 %
80 %
71 %
98 %
99 %
100 %
100 %
93 %
99 %
100 %
93 %
90 %
89 %
98 %
100 %
97 %
99 %
100 %
100 %
94 %
90 %
100 %
90 %
90 %
99 %
100 %
92 %
92 %
93 %
91 %
99 %
100 %
93 %
92 %
99 %
33 %
0 %
0 %
0 %
0 %
0 %
100 %
87 %
0 %
0 %
0 %
0 %
0 %
0 %
99 %
90 %
80 %
98 %
99 %
100 %
100 %
80 %
98 %
98 %
100 %
90 %
89 %
99 %
100 %
98 %
99 %
100 %
50 %
96 %
99 %
100 %
90 %
100 %
85 %
86 %
96 %
73 %
95 %
100 %
96 %
98 %
100 %
88 %
77 %
99 %
0 %
87 %
98 %
100 %
0 %
