0 %
0 %
0 %
0 %
92 %
94 %
94 %
0 %
0 %
0 %
0 %
0 %
0 %
0 %
0 %
91 %
98 %
98 %
98 %
0 %
0 %
0 %
0 %
88 %
88 %
94 %
69 %
0 %
0 %
0 %
0 %
0 %
0 %
0 %
93 %
99 %
99 %
0 %
0 %
0 %
95 %
0 %
0 %
0 %
0 %
93 %
0 %
99 %
78 %
98 %
0 %
0 %
0 %
0 %
0 %
27 %
0 %
0 %
0 %
0 %
0 %
93 %
91 %
64 %
0 %
0 %
0 %
0 %
0 %
0 %
0 %
0 %
0 %
92 %
93 %
99 %
0 %
0 %
0 %
0 %
0 %
0 %
0 %
0 %
99 %
99 %
0 %
0 %
0 %
99 %
0 %
0 %
0 %
0 %
0 %
98 %
99 %
0 %
99 %
0 %
0 %
0 %
0 %
95 %
99 %
100 %
0 %
0 %
0 %
0 %
0 %
0 %
67 %
80 %
0 %
0 %
0 %
0 %
0 %
0 %
0 %
0 %
0 %
0 %
0 %
0 %
0 %
0 %
0 %
0 %
0 %
0 %
100 %
98 %
100 %
0 %
0 %
0 %
0 %
0 %
0 %
0 %
94 %
93 %
94 %
45 %
0 %
0 %
0 %
0 %
0 %
0 %
0 %
0 %
0 %
0 %
0 %
100 %
93 %
87 %
0 %
0 %
0 %
0 %
6 %
94 %
0 %
0 %
0 %
0 %
0 %
72 %
89 %
0 %
0 %
0 %
0 %
0 %
0 %
0 %
49 %
92 %
0 %
0 %
99 %
92 %
0 %
0 %
0 %
0 %
0 %
0 %
0 %
99 %
0 %
0 %
0 %
0 %
0 %
0 %
93 %
94 %
100 %
100 %
0 %
0 %
0 %
0 %
0 %
0 %
0 %
27 %
81 %
68 %
0 %
11 %
93 %
0 %
0 %
0 %
0 %
0 %
0 %
34 %
81 %
49 %
0 %
18 %
81 %
0 %
0 %
94 %
89 %
0 %
0 %
0 %
0 %
0 %
94 %
47 %
0 %
0 %
0 %
0 %
0 %
0 %
0 %
99 %
94 %
94 %
0 %
0 %
0 %
0 %
0 %
0 %
0 %
94 %
89 %
0 %
0 %
100 %
0 %
0 %
0 %
0 %
0 %
95 %
96 %
94 %
0 %
0 %
0 %
0 %
0 %
0 %
0 %
0 %
0 %
0 %
0 %
0 %
0 %
0 %
0 %
93 %
78 %
99 %
5 %
0 %
0 %
0 %
0 %
0 %
0 %
0 %
88 %
83 %
0 %
0 %
98 %
93 %
0 %
0 %
0 %
0 %
99 %
0 %
0 %
0 %
0 %
0 %
64 %
78 %
93 %
