mango2, /home/hong/slowfast
config files: ['configs/contrastive_ssl/custom_BYOL_SlowR50_8x8.yaml']
num gpus: 1
[03/14 21:57:01][INFO] memchecker.py:   95: MemCheck
[03/14 21:57:01][INFO] kinetics.py:   90: Constructing Kinetics train...
here is the path: /home/hong/slowfast/index_files/train.csv
[03/14 21:57:01][INFO] kinetics.py:  146: Constructing kinetics dataloader (size: 500 skip_rows 0) from /home/hong/slowfast/index_files/train.csv 
[03/14 21:57:01][INFO] memchecker.py:  102: Memory check model for 500 iterations
1.0472586154937744
0.21776437759399414
1.7351794242858887
0.16947078704833984
0.21224570274353027
0.20129752159118652
2.296448230743408
0.4239680767059326
1.300621509552002
0.3130064010620117
0.5203568935394287
0.8794453144073486
0.7118678092956543
0.0274507999420166
0.26320934295654297
1.2974209785461426
0.17536687850952148
0.19607782363891602
0.156052827835083
1.0230662822723389
0.2118663787841797
0.5046954154968262
0.29827094078063965
0.390885591506958
2.527270793914795
1.041987419128418
0.06864237785339355
0.2634270191192627
0.8959136009216309
0.22254562377929688
0.7257258892059326
0.9328970909118652
0.9445867538452148
0.9880175590515137
0.6387839317321777
0.10156369209289551
1.153562307357788
0.08003878593444824
1.2048075199127197
0.06098365783691406
0.20133090019226074
0.25583600997924805
0.8503165245056152
0.19733786582946777
0.19855642318725586
0.20538091659545898
0.1581716537475586
0.8359768390655518
0.07742929458618164
1.1449174880981445
0.024100065231323242
0.18068408966064453
1.7169346809387207
0.35927820205688477
0.29320549964904785
0.11836075782775879
0.17486953735351562
0.5228312015533447
1.9539878368377686
1.0382812023162842
0.29085755348205566
1.2198269367218018
1.0267159938812256
1.5060911178588867
0.2313995361328125
0.3121216297149658
0.07277131080627441
0.25046396255493164
0.3335695266723633
0.30610156059265137
0.56929612159729
1.1793782711029053
1.549320936203003
0.21650004386901855
0.5319571495056152
0.3505983352661133
0.17580938339233398
0.648280143737793
1.0611705780029297
0.9407181739807129
0.15638232231140137
0.8468403816223145
0.11142420768737793
0.7889730930328369
0.25881385803222656
1.3252460956573486
0.1921062469482422
0.5025458335876465
0.10989642143249512
0.1170191764831543
0.3752250671386719
1.4826085567474365
1.1641263961791992
0.8757956027984619
0.2852649688720703
0.6021881103515625
0.11694860458374023
0.30692386627197266
0.05962800979614258
1.0467207431793213
0.21764063835144043
1.2842199802398682
0.29478001594543457
0.3150672912597656
0.27825021743774414
0.06471896171569824
0.3949146270751953
0.9034934043884277
0.22625207901000977
0.32170724868774414
0.26175665855407715
0.7359418869018555
0.2326650619506836
1.1753759384155273
0.16034746170043945
0.09900331497192383
0.17162823677062988
0.4987647533416748
0.11676502227783203
0.2916572093963623
0.3065807819366455
1.2656548023223877
0.07815933227539062
1.2758657932281494
0.22133874893188477
0.380687952041626
0.2796199321746826
0.13703298568725586
0.22633147239685059
1.2079441547393799
1.1233201026916504
0.04961204528808594
0.11065959930419922
0.63175368309021
1.158151626586914
0.1375718116760254
0.14403104782104492
0.20453262329101562
1.0006208419799805
1.003650426864624
0.5266637802124023
0.16990947723388672
0.19827604293823242
0.2096414566040039
0.9095067977905273
0.5994524955749512
0.7796101570129395
0.21704840660095215
1.3235831260681152
0.5518460273742676
2.439537763595581
0.8353865146636963
0.13897109031677246
0.14514708518981934
0.8894660472869873
1.8592467308044434
1.1911141872406006
0.26882266998291016
0.18716979026794434
0.16395306587219238
0.5068438053131104
1.4827351570129395
0.19487905502319336
0.057168006896972656
0.44004297256469727
0.08966851234436035
0.47866368293762207
0.7266314029693604
0.24601221084594727
1.3455076217651367
0.1629929542541504
0.7345588207244873
0.18484926223754883
0.1861886978149414
0.27174925804138184
0.22347378730773926
0.07224130630493164
0.3885178565979004
0.3605959415435791
0.3297088146209717
0.2319185733795166
0.19515132904052734
0.5200920104980469
0.2267446517944336
0.25655126571655273
0.17127084732055664
0.5038671493530273
0.18913626670837402
0.3577563762664795
0.055544137954711914
0.15499138832092285
0.3650081157684326
1.2287206649780273
0.3131411075592041
0.22482037544250488
0.3140897750854492
0.9289698600769043
0.5430819988250732
0.08848810195922852
0.46225833892822266
0.1922743320465088
0.21633553504943848
0.15349793434143066
0.8655171394348145
0.9201183319091797
0.3710939884185791
0.43770551681518555
0.19377636909484863
0.20256805419921875
0.12730646133422852
0.13616585731506348
0.5551254749298096
0.20429611206054688
0.3693273067474365
0.28618597984313965
0.1283876895904541
0.9135007858276367
0.8979446887969971
2.147904396057129
1.0052058696746826
0.17729425430297852
0.1956801414489746
0.48192405700683594
1.0777063369750977
1.0702521800994873
0.8589184284210205
2.496471643447876
0.24157452583312988
0.09454488754272461
0.08759427070617676
0.3702089786529541
0.16191983222961426
1.4270985126495361
0.10188746452331543
0.7450578212738037
0.2252366542816162
0.4293246269226074
0.45118117332458496
1.0107855796813965
0.309140682220459
0.2267589569091797
1.280968427658081
1.0551385879516602
0.16151022911071777
0.2433931827545166
0.5459086894989014
0.24401140213012695
0.14937353134155273
0.07551264762878418
0.6840524673461914
0.30299806594848633
0.17774152755737305
0.30977773666381836
1.6081440448760986
1.5901191234588623
0.0802602767944336
1.0579638481140137
0.22165584564208984
0.2795279026031494
0.35474252700805664
0.22705721855163574
0.5337588787078857
0.5406198501586914
0.41257500648498535
1.3152446746826172
0.3918020725250244
0.8985342979431152
1.2391633987426758
1.1510701179504395
0.20028448104858398
0.35054636001586914
0.1159212589263916
0.7987017631530762
0.14217734336853027
1.0201139450073242
0.3840503692626953
0.5577914714813232
0.1848597526550293
0.2732808589935303
0.18954133987426758
1.0722711086273193
1.7030506134033203
1.2658488750457764
0.7460775375366211
0.23368430137634277
0.17800211906433105
0.324099063873291
0.1584177017211914
0.5827343463897705
0.2542848587036133
1.2904717922210693
1.538309097290039
0.49175477027893066
0.09642291069030762
1.2798004150390625
0.4072847366333008
0.9537410736083984
1.0009586811065674
0.439730167388916
0.15373778343200684
0.7008106708526611
1.0375728607177734
1.514474630355835
0.31177425384521484
0.6795492172241211
0.9597148895263672
0.14943194389343262
0.037344932556152344
1.5128109455108643
0.11131048202514648
0.18584966659545898
0.4010903835296631
0.5609121322631836
1.7248902320861816
1.1373913288116455
0.2429180145263672
1.241844892501831
0.048305511474609375
0.7850899696350098
0.20292353630065918
0.2324690818786621
0.326183557510376
0.11679697036743164
1.0122084617614746
0.20887064933776855
0.432483434677124
0.3486001491546631
1.0134296417236328
1.542783498764038
2.1247482299804688
0.41855454444885254
0.38989901542663574
1.0432510375976562
2.101060152053833
0.22683310508728027
1.6237025260925293
0.5130448341369629
0.37526917457580566
1.3873379230499268
0.20225954055786133
0.5680015087127686
0.11814093589782715
0.32937097549438477
0.13271474838256836
0.16725707054138184
1.1588492393493652
0.949317216873169
0.9365863800048828
1.4600040912628174
0.21275544166564941
0.33101797103881836
1.3769474029541016
1.2088816165924072
0.15048980712890625
0.0497891902923584
0.29961276054382324
1.231520652770996
0.6742544174194336
0.15071702003479004
0.8574607372283936
0.13090777397155762
1.0187458992004395
0.2861790657043457
0.23952627182006836
0.13764667510986328
1.5091807842254639
0.3917422294616699
0.16368818283081055
0.9326560497283936
0.34718871116638184
1.3434205055236816
1.0195775032043457
1.2583324909210205
0.8551695346832275
1.211695671081543
0.13870000839233398
0.7612922191619873
0.16703152656555176
1.0708038806915283
0.8387582302093506
0.4914510250091553
0.32086873054504395
0.1451725959777832
1.007185697555542
0.401782751083374
1.573563575744629
0.8366415500640869
0.16871857643127441
0.09098243713378906
1.3660914897918701
0.49472498893737793
0.43949222564697266
1.0150659084320068
0.1784520149230957
0.17724251747131348
0.10113859176635742
1.2263386249542236
0.13519668579101562
0.13593101501464844
0.657080888748169
0.5076172351837158
0.0740816593170166
0.12459897994995117
0.08110642433166504
0.22322869300842285
0.5876071453094482
0.4775509834289551
0.783322811126709
0.6600861549377441
0.9423108100891113
2.281538248062134
1.1217966079711914
0.16289091110229492
0.9185221195220947
1.0501883029937744
0.5829269886016846
0.1744070053100586
0.34624171257019043
1.1701023578643799
0.4946155548095703
0.4739542007446289
0.08754777908325195
0.7759253978729248
0.23479962348937988
0.3354060649871826
0.3181722164154053
0.05804562568664551
0.14169764518737793
1.167529821395874
0.3451535701751709
0.8692512512207031
1.004715919494629
1.4105355739593506
0.12293028831481934
0.35147953033447266
0.5336005687713623
0.8105752468109131
1.1209235191345215
2.47890567779541
1.0067353248596191
0.1627826690673828
0.2462756633758545
1.1768138408660889
0.22716403007507324
0.39311671257019043
0.2098081111907959
0.5199947357177734
0.3135056495666504
0.36331820487976074
0.34903788566589355
0.06688308715820312
1.3121187686920166
0.1055445671081543
0.20065045356750488
0.3672521114349365
1.9711990356445312
1.6557693481445312
0.364687442779541
0.06975555419921875
1.004319429397583
0.8283298015594482
0.20242595672607422
1.0388946533203125
0.08917593955993652
1.1364126205444336
0.4013819694519043
0.32126569747924805
0.31101274490356445
1.1799368858337402
0.1168668270111084
0.8645825386047363
0.37108469009399414
0.2090446949005127
1.2621874809265137
0.17163825035095215
0.5523378849029541
1.2201735973358154
0.5851762294769287
0.27013611793518066
0.21051549911499023
1.5815203189849854
0.7054793834686279
0.19892644882202148
1.9901940822601318
1.1242458820343018
0.4578895568847656
0.23117589950561523
1.0196313858032227
0.39693331718444824
0.2588646411895752
1.0661442279815674
0.35814809799194336
0.340099573135376
0.36986351013183594
0.08974504470825195
1.2192490100860596
0.17000269889831543
1.6585426330566406
0.4191765785217285
0.1660301685333252
0, 529.3945024013519
0.2492527961730957
0.3952610492706299
0.33945727348327637
0.31069016456604004
0.5336325168609619
0.3159751892089844
0.16669249534606934
0.16959762573242188
0.5885121822357178
1.2370073795318604
0.783984899520874
0.8484570980072021
0.14685368537902832
0.21954345703125
0.24312686920166016
0.3172440528869629
0.6676273345947266
0.21445679664611816
2.031714677810669
1.0101757049560547
0.791661262512207
0.30236315727233887
0.34503769874572754
0.12823176383972168
0.17618632316589355
0.167860746383667
1.071079969406128
1.6232831478118896
0.19338417053222656
0.9374227523803711
1.391357421875
0.39092564582824707
1.3024024963378906
0.2561342716217041
1.6503713130950928
1.0435576438903809
0.4342787265777588
0.26418423652648926
1.0831403732299805
1.0614583492279053
0.10484743118286133
0.6330568790435791
0.2505455017089844
0.7236902713775635
0.023402690887451172
0.14189791679382324
1.0201458930969238
1.5631256103515625
1.0956401824951172
0.4130871295928955
0.23711442947387695
0.8753566741943359
1.2926661968231201
0.1054239273071289
0.21010851860046387
2.1504158973693848
0.2396845817565918
1.026193380355835
1.3702270984649658
2.4548392295837402
1.2733182907104492
1.1500029563903809
0.8815245628356934
0.5980091094970703
0.16906118392944336
0.14849090576171875
0.8602378368377686
0.07288813591003418
0.9301879405975342
0.23629069328308105
0.6503677368164062
1.4551334381103516
0.07413816452026367
0.845703125
0.7003400325775146
1.2256577014923096
2.1298727989196777
0.1583707332611084
1.3639798164367676
1.5095746517181396
1.0229382514953613
0.5892846584320068
0.1448981761932373
0.20859956741333008
1.165245532989502
0.47293877601623535
1.2044527530670166
0.26294851303100586
0.22045373916625977
1.7189290523529053
0.7991728782653809
0.5847001075744629
1.0168962478637695
1.3181917667388916
0.18683934211730957
0.14533305168151855
0.4582631587982178
0.9383814334869385
1.1050524711608887
0.23192667961120605
1.3017423152923584
1.1775941848754883
0.26961231231689453
0.11947441101074219
0.24915337562561035
0.9767446517944336
0.1499168872833252
1.2137346267700195
1.1766796112060547
0.45504164695739746
2.41196870803833
1.1499111652374268
0.4147465229034424
1.4335169792175293
0.2773091793060303
0.8217213153839111
0.5729823112487793
0.20113301277160645
0.27147579193115234
0.1477665901184082
0.31888604164123535
0.14893460273742676
0.36846137046813965
0.26288819313049316
0.40786123275756836
0.12631464004516602
0.26636290550231934
0.9251742362976074
1.1970891952514648
0.18292593955993652
0.18097567558288574
0.06089496612548828
0.6308550834655762
0.5060079097747803
0.2608466148376465
0.35115957260131836
0.3637981414794922
0.1534276008605957
0.17140889167785645
0.10736584663391113
0.5004205703735352
0.4338691234588623
1.0321044921875
0.8905603885650635
1.3131847381591797
0.16124176979064941
0.01934027671813965
0.2224416732788086
0.9216163158416748
1.1310527324676514
1.5382847785949707
0.12013053894042969
0.9458484649658203
0.14076995849609375
0.6005535125732422
1.314544916152954
0.23057985305786133
0.3101482391357422
0.08099603652954102
0.7684648036956787
1.5866265296936035
0.5878217220306396
0.72867751121521
1.3603432178497314
0.9821133613586426
0.940148115158081
0.4840672016143799
1.1486103534698486
0.25440192222595215
1.246722936630249
0.7096610069274902
0.24863362312316895
0.7981739044189453
0.16223526000976562
0.2795114517211914
1.4357876777648926
0.21495437622070312
0.2772865295410156
0.14175105094909668
0.20645475387573242
0.2612159252166748
0.38116884231567383
0.6071045398712158
0.28826284408569336
0.7817411422729492
0.22797489166259766
0.13032269477844238
0.32871246337890625
0.2398378849029541
0.16482234001159668
0.32101964950561523
1.797672986984253
1.0812194347381592
