Running for 1000.0 seconds (1000 samples at 1.0 second intervals).
Power measurements will start in 0 seconds time.

  Time    User  Nice   Sys  Idle    IO  Run Ctxt/s  IRQ/s Fork Exec Exit  Watts    dram  pkg-0   dram  pkg-1
17:32:40  19.8   0.0   4.8  75.4   0.0   12   1973   5271   88    7   29  89.89    7.84  26.86   3.40  63.03
17:32:41  20.6   0.0   4.3  75.1   0.0   11  11102  10434  158   14  130  89.93    7.51  27.38   3.42  62.55
17:32:42  21.0   0.0   3.3  75.7   0.0   11   5486   6668  162    7  133  88.35    7.48  27.06   3.40  61.30
17:32:43  21.2   0.0   3.0  75.7   0.0   11   2074   5279  135   14   68  89.14    7.53  26.73   3.40  62.41
17:32:44  20.5   0.0   3.4  76.1   0.0   11   2246   5213  138    7   73  88.49    7.48  26.69   3.39  61.81
17:32:45  19.4   0.0   5.1  75.5   0.0   11   2182   5354   91    3   99  89.94    7.86  26.73   3.39  63.21
17:32:46  22.4   0.0   2.7  75.0   0.0   12  11130  10003  197    4  100  89.52    7.40  27.10   3.41  62.43
17:32:47  20.8   0.0   3.5  75.8   0.0   11   6548   7089  194    5  101  88.48    7.34  27.05   3.40  61.43
17:32:48  21.7   0.0   2.7  75.6   0.0   11   1978   5143  124    2   61  89.32    7.45  26.63   3.38  62.69
17:32:49  20.4   0.0   4.7  74.9   0.0   11   2424   5889   82   22  128  91.07    7.88  26.98   3.40  64.09
17:32:50  20.4   0.0   4.0  75.6   0.0   11   2384   5621  174   17   69  89.04    7.50  26.83   3.39  62.21
17:32:51  19.9   0.0   5.1  74.9   0.0   11  10351   9951  123    3  123  89.59    7.59  27.13   3.40  62.46
17:32:52  21.1   0.0   3.7  75.2   0.0   11   4775   6347  162    6  126  89.41    7.62  27.15   3.42  62.26
17:32:53  21.2   0.0   3.1  75.7   0.0   11   2096   5127  120    3   63  88.99    7.61  26.64   3.39  62.35
17:32:54  20.3   0.0   4.4  75.3   0.0   11   2047   5520  132   24   69  90.53    7.84  26.91   3.40  63.63
17:32:55  21.4   0.0   3.0  75.6   0.0   12   2585   5549  195   17  117  90.24    7.68  26.80   3.39  63.44
17:32:56  22.2   0.0   3.2  74.5   0.0   11  10960   9924  116    3   93  90.52    7.77  27.19   3.41  63.34
17:32:57  19.3   0.0   5.2  75.4   0.0   12   5896   6752  133    6   54  89.36    7.96  27.27   3.41  62.09
17:32:58  20.1   0.0   4.1  75.8   0.0   11   2404   5236  130    3   99  88.92    7.79  26.74   3.39  62.18
17:32:59  21.3   0.0   3.1  75.6   0.0   11   2124   5216  131    3   75  87.58    7.63  26.86   3.40  60.72
17:33:00  21.8   0.0   2.6  75.6   0.0   11   2057   5238  130    3  111  90.12    7.72  26.67   3.39  63.45
17:33:01  21.6   0.0   3.5  74.9   0.0   11  10921   9835  116    3   82  91.49    7.67  27.13   3.40  64.36
17:33:02  21.7   0.0   3.1  75.2   0.0   11   3007   5516  159    6   78  90.18    7.67  27.10   3.40  63.08
17:33:03  19.9   0.0   4.1  76.0   0.0   11   2353   5283  144    3  132  88.45    7.69  26.71   3.39  61.74
17:33:04  20.9   0.0   3.3  75.7   0.0   12   2176   5113  127    6   78  88.27    7.59  26.78   3.40  61.50
17:33:05  20.6   0.0   4.1  75.4   0.0   11   1949   5020   87    3   51  89.35    7.69  26.70   3.39  62.65
17:33:06  20.0   0.0   4.8  75.2   0.0   11  11434  10270  200    3  129  89.01    7.60  27.52   3.41  61.49
17:33:07  22.1   0.0   2.7  75.2   0.0   11   5343   6672  130    6   66  89.83    7.49  27.15   3.41  62.68
  Time    User  Nice   Sys  Idle    IO  Run Ctxt/s  IRQ/s Fork Exec Exit  Watts    dram  pkg-0   dram  pkg-1
17:33:08  20.0   0.0   4.3  75.7   0.0   11   2182   5113  136    3   75  89.15    7.63  26.79   3.39  62.36
17:33:09  20.2   0.0   4.7  75.2   0.0   12   2084   5148   94    3   72  89.92    7.79  26.96   3.39  62.96
17:33:10  20.8   0.0   3.4  75.8   0.0   11   2272   5292  125    3  143  89.24    7.60  26.79   3.39  62.45
17:33:11  20.6   0.0   3.9  75.5   0.0   11  10979  10010  139    3   51  88.42    7.59  27.13   3.40  61.29
17:33:12  20.9   0.0   3.9  75.3   0.0   11   4436   6004   94    6   78  90.03    7.43  27.10   3.40  62.93
17:33:13  20.9   0.0   3.3  75.8   0.0   11   2390   5219  143    3   75  88.39    7.23  27.00   3.39  61.39
17:33:14  20.9   0.0   3.4  75.7   0.0   11   1919   4951  123    3   51  88.98    7.74  26.79   3.39  62.19
17:33:15  20.4   0.0   4.3  75.3   0.0   11   2147   5423   99    3   75  90.11    7.83  26.86   3.39  63.26
17:33:16  20.4   0.0   4.5  75.1   0.0   11  12067  10596  205    3  147  89.04    7.71  27.47   3.41  61.57
17:33:17  21.7   0.0   2.8  75.5   0.0   11   4391   6338  150    6   90  89.85    7.45  27.21   3.40  62.64
17:33:18  21.2   0.0   3.6  75.3   0.0   11   1993   5062   75    3   61  90.31    7.58  26.71   3.38  63.60
17:33:19  19.9   0.0   4.3  75.8   0.0   12   1927   5171  119    4   64  89.30    7.71  26.85   3.39  62.46
17:33:20  21.1   0.0   3.2  75.8   0.0   11   2546   5212  176    3  135  89.46    7.62  27.07   3.39  62.39
17:33:21  21.6   0.0   3.4  75.0   0.0   11  11153  10215  159    3   63  89.91    7.77  27.25   3.40  62.66
17:33:22  20.8   0.0   3.6  75.5   0.0   11   4513   6304  134    6  126  89.99    7.69  27.20   3.39  62.79
17:33:23  21.9   0.0   2.4  75.7   0.0   11   2185   5100  136    3   63  89.59    7.48  26.71   3.39  62.88
17:33:24  20.5   0.0   3.8  75.6   0.0   11   2348   5346  146    3   75  88.66    7.31  27.05   3.39  61.61
17:33:25  19.9   0.0   4.1  76.0   0.0   12   2358   5552  163    3  111  87.95    7.58  26.82   3.40  61.13
17:33:26  20.4   0.0   4.9  74.7   0.0   11  10189   9569   71    3  107  91.02    7.76  27.17   3.40  63.85
17:33:27  20.6   0.0   4.0  75.3   0.0   11   5088   6632  142    6   18  89.48    7.31  27.55   3.41  61.94
17:33:28  20.9   0.0   3.9  75.2   0.0   13   1712   5129   88    3   51  90.72    7.64  26.82   3.39  63.90
17:33:29  18.4   0.0   5.7  75.9   0.0   11   2527   5388  150    3   96  88.56    8.00  26.91   3.40  61.64
17:33:30  21.3   0.0   3.5  75.2   0.0   11   2935   5268  146    3  144  89.95    7.77  26.86   3.39  63.09
17:33:31  21.6   0.0   3.6  74.8   0.0   13  11109   9890  116    3   72  90.72    7.61  27.45   3.41  63.26
17:33:32  20.9   0.0   4.0  75.2   0.0   11   6088   6851  179    7   91  88.13    7.36  27.32   3.41  60.82
17:33:33  21.7   0.0   4.1  74.3   0.0   23   5877   5391   78    3   63  90.33    7.55  26.84   3.39  63.48
17:33:34  20.6   0.0   7.6  71.7   0.0   23 1970290   7179  122   24   78  92.51    6.80  26.91   3.39  65.60
17:33:35  20.4   0.0   8.2  71.5   0.0   23 2426582   5772  150   17  138  92.43    7.08  27.23   3.40  65.20
  Time    User  Nice   Sys  Idle    IO  Run Ctxt/s  IRQ/s Fork Exec Exit  Watts    dram  pkg-0   dram  pkg-1
17:33:36  22.3   0.0   3.3  74.3   0.0   12 547921  10191  113    3   51  91.52    7.39  27.17   3.41  64.35
17:33:37  21.7   0.0   6.2  72.1   0.0   23 1631133   6437  114    6   66  92.72    7.00  27.15   3.39  65.57
17:33:38  21.1   0.0   5.7  73.2   0.0   11 1779107   5248   63    3   27  91.48    7.18  27.08   3.39  64.40
17:33:39  20.6   0.0   4.2  75.2   0.0   12   2595   5824  120   24  102  90.46    7.79  27.09   3.40  63.37
17:33:40  20.7   0.0   6.9  72.4   0.0   12 1849499   5657  157   17  153  91.91    7.39  26.88   3.39  65.03
17:33:41  21.9   0.0   6.5  71.6   0.0   23 2273993   9746  119    3   51  92.04    6.85  27.05   3.40  64.99
17:33:42  20.9   0.0   8.0  71.1   0.0   13 2770356   6699   76    6   30  93.90    7.08  27.06   3.40  66.84
17:33:43  21.2   0.0   4.4  74.4   0.0   11 861855   5133  144    3   63  89.81    7.16  27.02   3.39  62.79
17:33:44  20.8   0.0   5.3  73.9   0.0   23 420211   5911  128   24  162  90.39    7.44  27.07   3.40  63.31
17:33:45  20.3   0.0   5.7  74.0   0.0   11 1175101   6285  169   17   57  90.81    7.08  26.94   3.40  63.87
17:33:46  20.6   0.0   4.8  74.6   0.0   11  11591  10534  137    3  180  90.13    7.65  27.63   3.42  62.50
17:33:47  21.0   0.0   3.9  75.2   0.0   11   5247   6443   78    6    6  90.89    7.70  27.38   3.40  63.51
17:33:48  20.1   0.0   4.5  75.4   0.0   13   2071   5475   98    2   97  89.91    7.88  26.84   3.39  63.07
17:33:49  21.2   0.0   3.0  75.8   0.0   11   3307   5796  270   22  176  89.84    7.47  27.45   3.43  62.39
17:33:50  21.0   0.0   3.4  75.5   0.0   12   2190   5289  174   17   78  89.94    7.70  26.91   3.40  63.03
17:33:51  20.9   0.0   4.0  75.1   0.0   11  10501  10114  135    3   75  90.03    7.62  27.33   3.41  62.71
17:33:52  20.3   0.0   4.6  75.1   0.0   12   4499   6523  143    6  138  90.36    7.69  27.25   3.41  63.10
17:33:53  19.5   0.0   4.8  75.7   0.0   11   2804   5480  172    3  156  88.72    8.01  26.86   3.40  61.85
17:33:54  21.6   0.0   3.0  75.5   0.0   11   2414   5120  161    3   75  90.28    7.69  27.25   3.40  63.02
17:33:55  20.8   0.0   3.4  75.8   0.0   11   2005   5276  149    3   75  89.59    7.52  26.97   3.40  62.62
17:33:56  21.2   0.0   4.1  74.7   0.0   11  14997  12132  102    3  851  89.57    7.48  27.27   3.41  62.30
17:33:57  22.7   0.0   2.7  74.6   0.0   11   6994   7270   72    6   66  92.20    7.64  27.73   3.42  64.47
17:33:58  21.3   0.0   3.3  75.4   0.0   11   1506   4952   77    3    3  90.59    7.52  26.89   3.39  63.69
17:33:59  19.9   0.0   4.4  75.7   0.0   11   2432   5344  154    3  123  89.48    7.85  26.89   3.40  62.60
17:34:00  22.3   0.0   2.5  75.3   0.0   12   1725   4787   76    3   60  91.12    7.65  26.84   3.40  64.27
17:34:01  22.0   0.0   3.3  74.7   0.0   11  10725  10118   88    3   51  91.75    7.71  27.30   3.40  64.45
17:34:02  20.5   0.0   4.3  75.2   0.0   11   3387   5480  120    6   30  89.90    7.88  27.48   3.43  62.42
17:34:03  22.3   0.0   1.8  75.9   0.0   11   2759   5343  230    3  147  89.27    7.41  26.96   3.40  62.31
  Time    User  Nice   Sys  Idle    IO  Run Ctxt/s  IRQ/s Fork Exec Exit  Watts    dram  pkg-0   dram  pkg-1
17:34:04  21.5   0.0   3.4  75.2   0.0   11   1869   5156   46    3   87  91.10    7.93  26.87   3.39  64.23
17:34:05  19.2   0.0   5.6  75.1   0.0   11   2076   5042  119    3   63  89.91    8.25  27.24   3.40  62.67
17:34:06  21.7   0.0   3.3  75.0   0.0   11  12664  10703  175    3  483  89.26    7.65  27.27   3.41  62.00
17:34:07  21.8   0.0   3.4  74.7   0.0   11   3403   5822   66    6   54  91.24    7.72  27.13   3.41  64.11
17:34:08  21.3   0.0   3.4  75.3   0.0   11   2369   5376  127    3   99  89.89    7.83  27.16   3.41  62.73
17:34:09  20.5   0.0   3.6  75.9   0.0   12   1957   5026  143    3   39  88.35    7.99  26.54   3.38  61.80
17:34:10  22.2   0.0   2.1  75.7   0.0   11   2584   5017  191    3  123  89.28    7.64  27.12   3.40  62.16
17:34:11  21.6   0.0   3.1  75.2   0.0   11  13165  10861  172    3  579  88.69    7.48  27.18   3.41  61.51
17:34:12  22.3   0.0   2.5  75.1   0.0   11   7121   7479   66    6  504  91.02    7.69  27.07   3.41  63.95
17:34:13  21.3   0.0   3.3  75.4   0.0   11   4802   6358  135    3  531  89.53    8.01  27.09   3.41  62.45
17:34:14  22.6   0.0   1.1  76.3   0.0   11   4808   6267  222    3  543  87.80    7.33  26.69   3.40  61.12
17:34:15  22.6   0.0   1.8  75.6   0.0   11   2299   5228  126    3  132  90.06    7.76  26.67   3.39  63.39
17:34:16  21.8   0.0   2.9  75.3   0.0   11  11382  10029  182    3   87  88.69    8.14  27.37   3.41  61.32
17:34:17  22.7   0.0   2.3  75.0   0.0   11   7653   7749  101    6  566  90.14    8.05  27.13   3.41  63.00
17:34:18  21.5   0.0   2.4  76.0   0.0   11   5159   6481  209    3  563  87.76    7.71  26.70   3.40  61.06
17:34:19  22.9   0.0   1.5  75.7   0.0   11   2381   4971  135    3  123  90.06    7.92  26.76   3.39  63.29
17:34:20  22.4   0.0   1.2  76.4   0.0   12   2027   4836  183    3   51  86.98    7.35  26.47   3.38  60.51
17:34:21  23.7   0.0   1.9  74.4   0.0   14  11122   9980   63    3   99  91.38    8.01  27.07   3.40  64.31
17:34:22  22.1   0.0   2.3  75.6   0.0   11   3315   5687  174    6   66  89.19    8.06  27.07   3.41  62.12
17:34:23  22.7   0.0   1.5  75.8   0.0   11   4461   6167  163    3  528  89.15    7.98  26.49   3.39  62.66
17:34:24  23.0   0.0   1.3  75.8   0.0   11   2670   5282  155    3  147  90.17    7.78  26.77   3.39  63.41
17:34:25  23.1   0.0   1.1  75.9   0.0   11   2083   5161  117    3   87  88.79    7.68  26.58   3.39  62.21
17:34:26  22.9   0.0   2.4  74.7   0.0   11  11243  10136  162   24   69  88.42    7.88  27.18   3.41  61.25
17:34:27  23.3   0.0   1.9  74.8   0.0   11   7167   7365  243   20  192  90.38    7.66  27.35   3.43  63.03
17:34:28  23.2   0.0   0.9  75.9   0.0   11   2586   5323  141    3  123  88.98    7.50  26.60   3.39  62.38
17:34:29  23.2   0.0   1.1  75.7   0.0   11   2390   5171  147    3   99  89.32    7.86  26.61   3.39  62.71
17:34:30  23.4   0.0   1.4  75.1   0.0   11   1767   4909   74    3   15  91.23    8.09  26.76   3.39  64.46
17:34:31  23.8   0.0   2.1  74.1   0.0   11  11459   9950  149   24   93  90.94    8.22  27.13   3.41  63.81
  Time    User  Nice   Sys  Idle    IO  Run Ctxt/s  IRQ/s Fork Exec Exit  Watts    dram  pkg-0   dram  pkg-1
17:34:32  22.5   0.0   1.1  76.4   0.0   12   4181   5962  280   17  149  87.54    7.65  26.91   3.40  60.63
17:34:33  23.1   0.0   1.5  75.5   0.0   11   3196   5446  135    6  132  88.91    7.76  26.95   3.41  61.96
17:34:34  23.3   0.0   1.1  75.6   0.0   12   2100   5164  101    3   87  90.09    7.50  26.58   3.38  63.51
17:34:35  23.6   0.0   1.4  75.0   0.0   11   2141   4952  104    3   60  90.66    7.72  26.58   3.38  64.08
17:34:36  23.4   0.0   1.9  74.7   0.0   11  10855   9686  132    3   49  91.00    8.06  27.25   3.40  63.75
17:34:37  23.6   0.0   0.6  75.9   0.0   12   4479   6113  129    3  159  89.07    7.84  26.48   3.38  62.59
17:34:38  22.8   0.0   3.9  73.3   0.0   23 1263865   5591  174    6   18  91.20    7.78  27.14   3.41  64.06
17:34:39  22.9   0.0   5.7  71.4   0.0   13 2626354   5775  115   24  165  93.51    7.02  26.96   3.39  66.56
17:34:40  23.3   0.0   4.6  72.1   0.0   12 1939937   5809  137   17  114  92.60    7.37  26.55   3.38  66.05
17:34:41  23.5   0.0   5.7  70.8   0.0   23 2887804  10109  114    3   15  92.93    7.13  27.21   3.39  65.72
17:34:42  23.0   0.0   5.0  72.0   0.0   23 2412832   7040  139    3   73  92.40    7.36  26.72   3.38  65.68
17:34:43  23.2   0.0   5.4  71.5   0.0   12 2690172   5727  120    6  144  94.02    7.17  26.74   3.39  67.28
17:34:44  23.2   0.0   4.7  72.2   0.0   12 1746388   5601  198   24  105  92.01    7.47  27.08   3.39  64.93
17:34:45  22.6   0.0   5.6  71.7   0.0   23 1799492   5586  162   17  101  92.94    7.04  26.74   3.37  66.21
17:34:46  23.4   0.0   4.3  72.3   0.0   14 1158707  10081   70    2   97  93.02    7.26  27.08   3.40  65.94
17:34:47  24.0   0.0   0.8  75.2   0.0   11   3884   5664  117    1   98  91.38    7.41  27.02   3.38  64.36
17:34:48  22.7   0.0   1.0  76.3   0.0   11   2981   5527  203    6  150  88.58    7.95  26.94   3.40  61.64
17:34:49  23.0   0.0   1.1  75.9   0.0   12   2604   5133  182   24   93  89.93    7.62  26.90   3.40  63.03
17:34:50  23.2   0.0   1.2  75.6   0.0   11   2590   5492  181   17  105  90.52    7.84  27.04   3.39  63.49
17:34:51  23.2   0.0   1.6  75.2   0.0   11  11197   9638  175    3  120  89.53    7.71  26.87   3.39  62.66
17:34:52  23.1   0.0   1.2  75.7   0.0   11   6638   6851  180    3   39  89.44    7.95  27.25   3.39  62.20
17:34:53  23.5   0.0   1.4  75.1   0.0   12   2396   5360   90    6  123  91.72    7.83  27.05   3.40  64.67
17:34:54  23.2   0.0   1.2  75.6   0.0   11   2478   5266  150    3  123  89.79    8.06  26.65   3.38  63.13
17:34:55  22.9   0.0   1.5  75.6   0.0   11   2351   5169  147    3  108  89.89    8.02  27.01   3.39  62.88
17:34:56  23.7   0.0   1.0  75.3   0.0   11  10543   9573  147    3   63  89.89    7.51  27.18   3.40  62.71
17:34:57  23.1   0.0   1.0  75.9   0.0   11   3778   5649  147    3  120  89.82    8.28  26.84   3.39  62.98
17:34:58  23.6   0.0   1.2  75.2   0.0   11   2961   5505  126    6  138  90.90    7.98  27.24   3.41  63.67
17:34:59  23.2   0.0   0.9  75.9   0.0   11   2308   4955  195    3   75  89.45    7.67  26.83   3.39  62.62
  Time    User  Nice   Sys  Idle    IO  Run Ctxt/s  IRQ/s Fork Exec Exit  Watts    dram  pkg-0   dram  pkg-1
17:35:00  23.4   0.0   0.7  75.8   0.0   11   2401   5359  164    3  123  90.21    7.77  26.77   3.39  63.45
17:35:01  23.6   0.0   1.4  75.0   0.0   11  11231   9748  115    3   75  91.53    7.94  27.43   3.41  64.10
17:35:02  23.2   0.0   1.1  75.6   0.0   11   3925   5733  171    3   87  90.12    8.12  26.56   3.38  63.55
17:35:03  23.4   0.0   1.0  75.7   0.0   12   2895   5443  150    6  114  89.57    7.74  27.19   3.42  62.38
17:35:04  22.7   0.0   2.0  75.3   0.0   12   1918   5138   90    3   75  90.63    8.04  26.98   3.40  63.65
17:35:05  22.4   0.0   0.8  76.8   0.0   11   2867   5167  240    3   99  87.56    7.50  26.62   3.39  60.94
17:35:06  24.5   0.0   1.3  74.3   0.0   11  11087  10472   99    3  111  91.33    7.30  27.53   3.41  63.80
17:35:07  22.1   0.0   2.2  75.7   0.0   11   4116   6018  159    3   87  90.05    7.97  27.07   3.40  62.99
17:35:08  23.3   0.0   1.2  75.5   0.0   11   2765   5570  138    6  114  90.38    7.70  26.97   3.40  63.41
17:35:09  23.1   0.0   1.6  75.3   0.0   13   2252   4690  123    3   27  90.65    7.99  27.13   3.40  63.52
17:35:10  23.1   0.0   1.6  75.3   0.0   12   1649   5080   87    3   63  90.51    7.91  26.67   3.39  63.83
17:35:11  22.8   0.0   2.0  75.2   0.0   11  11201   9565  192    3  135  89.64    8.29  27.38   3.41  62.26
17:35:12  22.9   0.0   1.4  75.7   0.0   11   4516   6144  159    3   75  89.80    7.65  27.46   3.40  62.33
17:35:13  22.6   0.0   1.8  75.6   0.0   11   2429   5252  126    6  102  89.00    7.79  26.61   3.39  62.40
17:35:14  22.6   0.0   2.3  75.2   0.0   11   2584   5560  111    3   99  90.40    7.99  27.27   3.40  63.14
17:35:15  21.9   0.0   2.2  75.8   0.0   12   2544   5380  171    3  147  89.46    8.08  26.93   3.41  62.53
17:35:16  22.7   0.0   1.7  75.5   0.0   12  10868   9588  171    3   51  89.12    7.54  27.20   3.41  61.92
17:35:17  20.6   0.0   2.3  77.1   0.0   10   5670   6395  111    3   39  89.04    7.97  27.40   3.43  61.64
17:35:18  21.4   0.0   1.3  77.3   0.0   10   2167   5370  111    3  147  89.23    7.52  26.82   3.39  62.42
17:35:19  20.0   0.0   2.6  77.4   0.0   10   2011   4823   94    4   52  88.35    7.79  26.87   3.39  61.48
17:35:20  20.7   0.0   2.1  77.2   0.0   10   2182   5187  141    3   63  88.54    7.75  27.30   3.41  61.24
17:35:21  20.7   0.0   2.4  76.9   0.0   10  11133   9987   87    3   99  88.88    7.68  26.94   3.40  61.95
17:35:22  19.7   0.0   2.8  77.5   0.0    9   4268   5952  123    3   99  88.44    7.95  27.45   3.41  60.99
17:35:23  18.3   0.0   2.2  79.5   0.0    9   1903   4571   87    3   27  85.92    7.45  27.23   3.41  58.69
17:35:24  18.1   0.0   1.8  80.1   0.0    9   1829   4734  144    3   75  84.47    7.28  26.44   3.39  58.03
17:35:25  16.0   0.0   2.4  81.7   0.0    8   2252   4589  111    3   75  82.13    7.23  27.26   3.42  54.87
17:35:26  15.1   0.0   2.9  82.0   0.0    7  10737   9559   75    3   15  80.17    7.19  27.13   3.42  53.05
17:35:27  11.6   0.0   3.3  85.1   0.0    6   5119   5418   63    3   87  75.76    6.64  26.84   3.40  48.91
  Time    User  Nice   Sys  Idle    IO  Run Ctxt/s  IRQ/s Fork Exec Exit  Watts    dram  pkg-0   dram  pkg-1
17:35:28  10.9   0.0   2.2  87.0   0.0    6   1831   3888   87    3   27  72.97    6.38  27.19   3.39  45.77
17:35:29  11.9   0.0   0.8  87.4   0.0    6   1678   4061   51    3   87  72.38    5.74  26.38   3.38  45.99
17:35:30   8.8   0.0   2.5  88.8   0.0    5   1741   3863   64    3   28  70.29    6.20  27.27   3.40  43.02
17:35:31   7.1   0.0   1.7  91.2   0.0    3  10934   9558   27    3   39  65.70    5.12  27.38   3.41  38.32
17:35:32   4.8   0.0   0.5  94.7   0.0    3   3696   3956   27    3   27  61.77    4.58  26.46   3.38  35.31
17:35:33   6.8   0.0   4.7  88.6   0.0    4 433060   3425   27    3    3  69.91    5.13  27.13   3.40  42.78
17:35:34  10.6   0.0  10.2  79.2   0.0    5 1334202   4718   69   24   69  81.21    4.71  26.94   3.39  54.27
17:35:35   9.4   0.0   6.9  83.7   0.0    4 1195474   4619   91   18   58  75.37    4.60  26.83   3.38  48.54
17:35:36  10.5   0.0  10.6  78.9   0.0   15 916111   9961   13    6    6  80.91    5.03  27.58   3.41  53.33
17:35:37  10.1   0.0   9.1  80.8   0.0   16 1335741   5232   20    3    3  78.95    4.93  26.44   3.37  52.51
17:35:38   9.4   0.0   9.9  80.7   0.0    4 1382108   4310   27    3   63  79.71    5.17  27.07   3.39  52.64
17:35:39   9.4   0.0   8.2  82.4   0.0   15 1272350   3999   36   24   21  77.25    4.94  27.33   3.39  49.92
17:35:40   8.7   0.0  10.7  80.6   0.0    3 1169851   4832   66   17   45  79.16    4.66  26.53   3.37  52.63
17:35:41   4.6   0.0   4.2  91.2   0.0    2 316398   8059   27    3   27  65.31    4.15  27.31   3.41  38.00
17:35:42   2.6   0.0   0.6  96.9   0.0    2   3632   3176   15    3   15  58.20    4.02  27.05   3.39  31.16
17:35:43   2.5   0.0   0.2  97.3   0.0    3    996   1957   26    2    1  57.22    4.29  26.26   3.38  30.96
17:35:44   2.7   0.0   0.7  96.7   0.0    2   1609   2314   22   22   20  57.81    3.95  27.21   3.41  30.60
17:35:45   2.5   0.0   0.5  97.0   0.0    3   1433   2445   42   17   45  57.55    4.18  26.72   3.39  30.83
17:35:46   2.7   0.0   0.7  96.6   0.0    2  10311   7335   15    3    3  58.04    4.04  27.06   3.40  30.99
17:35:47   2.4   0.0   0.8  96.9   0.0    2   3025   3064   47    3   27  57.79    4.31  27.09   3.40  30.70
17:35:48   2.3   0.0   0.4  97.3   0.0    2   1077   1995   15    3    3  56.76    4.12  26.28   3.38  30.48
17:35:49   2.6   0.0   0.7  96.7   0.0    2   2464   2667   15    3   47  57.97    4.07  27.17   3.40  30.80
17:35:50   2.4   0.0   1.0  96.6   0.0    2   1965   2375   18    6    6  57.96    4.26  27.32   3.41  30.64
17:35:51   3.0   0.0   1.0  96.0   0.0    2  10116   7068   36   24   21  57.80    4.11  26.76   3.40  31.04
17:35:52   2.2   0.0   1.1  96.7   0.0    2   3347   3198   30   17   45  57.75    4.18  27.16   3.40  30.58
17:35:53   2.2   0.0   0.7  97.1   0.0    3   1318   2142   39    3    3  57.14    4.11  26.70   3.39  30.44
17:35:54   2.1   0.0   0.7  97.2   0.0    2   1263   2142    3    3   27  57.15    4.25  26.57   3.38  30.58
17:35:55   2.5   0.0   0.8  96.7   0.0    2   1500   2478   18    6    6  57.94    4.01  27.20   3.41  30.74
  Time    User  Nice   Sys  Idle    IO  Run Ctxt/s  IRQ/s Fork Exec Exit  Watts    dram  pkg-0   dram  pkg-1
17:35:56   2.0   0.0   1.0  97.0   0.0    2   9661   6943   15    3    3  57.35    4.28  26.69   3.39  30.66
17:35:57   2.4   0.0   0.7  96.8   0.0    2   3588   2885    3    3    3  57.52    3.97  27.07   3.39  30.45
17:35:58   2.0   0.0   1.1  96.9   0.0    2   1166   2010   15    3    3  57.25    4.27  27.01   3.39  30.24
17:35:59   2.3   0.0   0.5  97.3   0.0    2   1171   2200   15    3   27  56.89    4.32  26.29   3.38  30.60
17:36:00   2.3   0.0   1.0  96.6   0.0    2   1698   2420    6    6    6  57.80    4.39  27.20   3.42  30.60
17:36:01   2.7   0.0   1.1  96.2   0.0    2  10922   7069   15    3    3  57.95    4.17  27.32   3.41  30.63
17:36:02   2.0   0.0   0.8  97.2   0.0    2   2474   2848   27    3   27  56.53    4.25  26.34   3.38  30.19
17:36:03   2.3   0.0   0.9  96.9   0.0    2   1487   2351    3    3    3  57.67    4.36  27.05   3.39  30.61
17:36:04   2.0   0.0   0.8  97.2   0.0    3   1301   2103   27    3    3  56.65    4.33  26.32   3.38  30.33
17:36:05   2.7   0.0   0.6  96.7   0.0    2   1870   2717   18    6   30  57.62    4.13  27.18   3.40  30.44
17:36:06   2.6   0.0   1.2  96.2   0.0    2  10506   6946   27    3   27  57.79    4.37  27.34   3.40  30.45
17:36:07   2.6   0.0   0.2  97.2   0.0    2   4015   3479   51    3   15  56.93    4.16  26.40   3.37  30.53
17:36:08   2.4   0.0   0.7  96.9   0.0    2   1607   2280   27    3   15  57.51    4.26  27.04   3.39  30.47
17:36:09   2.2   0.0   1.0  96.8   0.0    2   1458   2090   15    3    3  57.24    4.23  27.07   3.39  30.17
17:36:10   2.5   0.0   0.4  97.1   0.0    2   1476   2341   18    6   42  56.77    4.10  26.43   3.38  30.34
17:36:11   2.4   0.0   1.3  96.3   0.0    2  10233   6878   15    3    3  58.05    4.45  27.37   3.40  30.69
17:36:12   2.1   0.0   0.8  97.1   0.0    4   1945   2301   27    3    3  56.90    4.33  26.64   3.38  30.26
17:36:13   2.1   0.0   1.0  96.9   0.0    2   1614   2625    3    3   27  57.61    4.40  27.15   3.40  30.46
17:36:14   2.4   0.0   0.8  96.9   0.0    3   1207   1954   27    3    3  57.27    4.09  26.98   3.40  30.28
17:36:15   1.9   0.0   0.8  97.3   0.0    2   1199   2470   27    3   27  56.61    4.24  26.34   3.38  30.27
17:36:16   2.9   0.0   1.0  96.0   0.0    2   9777   6738    3    3    3  58.15    4.10  27.34   3.41  30.80
17:36:17   2.1   0.0   1.2  96.7   0.0    2   4469   3603   27    3   27  57.65    4.35  27.16   3.40  30.49
17:36:18   2.6   0.0   0.4  97.0   0.0    2   1316   2167   39    3   27  57.32    4.10  26.80   3.39  30.52
17:36:19   2.3   0.0   0.8  96.8   0.0    2   1408   2167   16    4    4  57.55    4.16  27.20   3.39  30.35
17:36:20   1.8   0.0   1.2  97.0   0.0    3   1568   2195   15    3   15  56.75    4.43  26.65   3.38  30.11
17:36:21   5.0   0.0  13.6  81.4   0.0   11  28867   9600    4    3 4287  75.02    4.36  27.41   3.41  47.60
17:36:22   0.6   0.0   9.8  89.6   0.0   11   6184   7190   76   24   41  65.15    4.84  27.32   3.40  37.83
17:36:23  20.7   0.0   3.4  75.9   0.0   11   2645   5446  177    7   23  88.84    7.29  26.99   3.39  61.85
  Time    User  Nice   Sys  Idle    IO  Run Ctxt/s  IRQ/s Fork Exec Exit  Watts    dram  pkg-0   dram  pkg-1
17:36:24  19.6   0.0   4.7  75.7   0.0   11   1893   4985  109    3    3  88.59    7.89  26.67   3.39  61.92
17:36:25  19.7   0.0   4.9  75.4   0.0   11   2237   5251   98    3   96  89.21    7.73  26.71   3.39  62.50
17:36:26  21.3   0.0   3.9  74.8   0.0   11  10649   9860  120    3   39  89.63    7.54  27.04   3.40  62.59
17:36:27  19.8   0.0   4.6  75.6   0.0   12   3756   6271  168   24   90  89.04    7.51  26.90   3.39  62.14
17:36:28  19.9   0.0   4.9  75.2   0.0   11   2528   5639   90   17   81  90.43    7.63  26.86   3.38  63.57
17:36:29  18.9   0.0   5.2  75.9   0.0   11   2325   5352  156    3   75  87.78    7.71  26.66   3.39  61.13
17:36:30  20.7   0.0   3.7  75.7   0.0   11   2147   5213  102    3  129  89.11    7.57  26.60   3.39  62.52
17:36:31  20.9   0.0   4.2  74.9   0.0   11  10800   9565  153    3   51  89.74    7.71  27.20   3.40  62.55
17:36:32  20.6   0.0   3.7  75.7   0.0   11   6031   6604  112    4  124  89.47    7.72  26.82   3.40  62.65
17:36:33  19.6   0.0   3.8  76.6   0.0   11   3364   5314  255    3  156  86.59    7.62  26.65   3.39  59.94
17:36:34  20.4   0.0   4.3  75.3   0.0   11   2186   5325  111   21   87  89.90    7.91  26.93   3.39  62.98
17:36:35  20.8   0.0   3.7  75.5   0.0   11   2512   5521  156   14  111  89.04    7.41  26.74   3.39  62.29
17:36:36  20.5   0.0   4.1  75.4   0.0   11  11092   9935  111    3   27  90.04    7.62  27.20   3.39  62.84
17:36:37  19.9   0.0   4.7  75.3   0.0   11   3690   5760  113    3   51  89.90    7.76  27.01   3.40  62.89
17:36:38  21.7   0.0   2.8  75.5   0.0   11   2295   5159  126    3  123  89.85    7.45  26.43   3.38  63.42
17:36:39  20.3   0.0   4.6  75.1   0.0   11   2870   5463  122   22   91  90.52    7.91  26.99   3.40  63.53
17:36:40  20.5   0.0   3.8  75.7   0.0   11   2645   5190  182   15  110  88.91    7.89  26.86   3.41  62.05
17:36:41  20.6   0.0   4.1  75.3   0.0   11  11124  10079  107    2  106  88.47    7.85  26.85   3.40  61.62
17:36:42  19.8   0.0   4.2  76.0   0.0   11   4864   6128  153    1   38  88.23    7.67  27.03   3.39  61.20
17:36:43  20.2   0.0   4.1  75.7   0.0   11   2356   5424  127    3  111  88.53    7.77  26.80   3.40  61.73
17:36:44  19.6   0.0   4.8  75.6   0.0   11   2082   4989  135    3   75  89.24    7.88  26.66   3.39  62.57
17:36:45  22.2   0.0   2.8  74.9   0.0   11   3865   6257  136    3  159  89.18    7.28  27.67   3.44  61.51
17:36:46  20.1   0.0   4.8  75.1   0.0   11  10795   9843  130    3   63  89.37    7.80  27.13   3.43  62.24
17:36:47  22.3   0.0   2.2  75.5   0.0   11   7306   7681  117    3   87  89.76    7.35  26.76   3.41  63.00
17:36:48  19.7   0.0   4.3  76.0   0.0   11   2411   5186  149    3   72  87.91    7.62  26.96   3.42  60.95
17:36:49  20.3   0.0   4.1  75.6   0.0   11   1968   5208  111    3   73  89.24    7.89  26.74   3.40  62.50
17:36:50  21.2   0.0   2.7  76.1   0.0   11   2258   4877  135    3   99  88.45    7.37  26.71   3.40  61.73
17:36:51  20.7   0.0   4.0  75.3   0.0   11  11358   9974  180    3  123  88.49    7.72  27.37   3.43  61.12
  Time    User  Nice   Sys  Idle    IO  Run Ctxt/s  IRQ/s Fork Exec Exit  Watts    dram  pkg-0   dram  pkg-1
17:36:52  20.1   0.0   4.4  75.4   0.0   11   3635   5821   97    3   75  89.78    7.97  26.85   3.39  62.93
17:36:53  21.3   0.0   3.3  75.4   0.0   11   2185   5119   98    3   69  89.35    7.51  26.74   3.40  62.60
17:36:54  20.2   0.0   4.5  75.3   0.0   11   1863   5116   99    3   51  89.89    7.79  26.90   3.40  62.99
17:36:55  19.5   0.0   4.6  76.0   0.0   11   1905   5243  159    3   63  88.59    7.63  26.54   3.39  62.05
17:36:56  21.4   0.0   3.9  74.7   0.0   11  10553   9462  116    3   63  89.92    7.85  27.28   3.41  62.64
17:36:57  20.5   0.0   4.1  75.5   0.0   12   7001   7114  144    3  135  89.20    7.88  26.99   3.40  62.21
17:36:58  20.7   0.0   3.0  76.3   0.0   11   2224   5159  124    3   98  87.55    7.53  26.58   3.38  60.97
17:36:59  19.8   0.0   4.5  75.7   0.0   11   2171   5353   98    3   75  89.65    7.82  27.02   3.40  62.63
17:37:00  20.9   0.0   3.4  75.7   0.0   11   2097   4953  154    3   51  88.87    7.90  26.77   3.40  62.09
17:37:01  20.2   0.0   5.0  74.8   0.0   11  11346  10296  147    3  145  89.69    8.01  27.17   3.41  62.52
17:37:02  20.9   0.0   3.9  75.1   0.0   11   3505   5592   90    3   39  90.13    7.80  26.99   3.41  63.14
17:37:03  20.7   0.0   3.5  75.8   0.0   11   2403   5588  174    3  123  88.81    7.60  26.81   3.39  62.00
17:37:04  20.6   0.0   3.5  75.9   0.0   11   2218   5009  153    3   63  88.55    7.74  26.73   3.39  61.82
17:37:05  21.5   0.0   2.7  75.8   0.0   11   2745   5270  216    3  123  89.75    7.49  27.05   3.41  62.70
17:37:06  22.4   0.0   2.4  75.2   0.0   11  10716   9652  132    3   75  90.25    7.27  27.23   3.40  63.03
17:37:07  19.7   0.0   4.8  75.5   0.0   11   3621   5878   82    3   48  89.77    7.78  26.98   3.39  62.79
17:37:08  20.8   0.0   3.6  75.6   0.0   11   2952   5347  147    3  156  88.94    7.47  27.00   3.41  61.94
17:37:09  21.2   0.0   3.0  75.9   0.0   11   2084   4974  141    3   48  89.36    7.66  26.53   3.38  62.83
17:37:10  20.6   0.0   3.7  75.7   0.0   11   2020   5156  125    3   51  89.12    7.44  27.01   3.39  62.10
17:37:11  21.5   0.0   3.7  74.8   0.0   12  10743  10277   84    3   93  89.90    7.40  27.19   3.40  62.71
17:37:12  20.8   0.0   3.9  75.3   0.0   11   6024   6948   90    3   99  90.03    7.61  27.02   3.38  63.00
17:37:13  20.4   0.0   6.1  73.5   0.0   12 848349   7927  167    3   39  91.10    7.54  27.11   3.39  63.99
17:37:14  20.4   0.0   5.7  73.9   0.0   11 1026198   5896  104   24  117  91.54    7.84  27.01   3.40  64.53
17:37:15  19.9   0.0   4.7  75.4   0.0   11   2187   5412  102   17   69  90.94    7.93  26.88   3.39  64.06
17:37:16  20.9   0.0   3.5  75.5   0.0   11  11371   9857  171    3  147  90.21    7.32  27.46   3.42  62.75
17:37:17  20.7   0.0   3.8  75.5   0.0   11   4694   5988  129    3   27  90.80    7.92  27.03   3.40  63.77
17:37:18  20.7   0.0   3.4  75.9   0.0   11   2338   5184  167    3  111  89.05    7.62  26.82   3.39  62.23
17:37:19  21.5   0.0   3.5  75.1   0.0   11   2440   5518  136   24   69  91.19    7.60  27.28   3.41  63.91
  Time    User  Nice   Sys  Idle    IO  Run Ctxt/s  IRQ/s Fork Exec Exit  Watts    dram  pkg-0   dram  pkg-1
17:37:20  19.9   0.0   4.3  75.8   0.0   11   2716   5708  174   17  160  89.32    7.83  26.71   3.39  62.62
17:37:21  22.3   0.0   3.0  74.6   0.0   11  10877   9743  120    3   84  91.01    7.74  27.44   3.41  63.57
17:37:22  20.2   0.0   4.3  75.5   0.0   12   3946   6161  123    3   75  89.83    7.84  27.26   3.40  62.57
17:37:23  18.9   0.0   5.0  76.1   0.0   11   2525   5374  152    3  129  88.85    7.93  26.68   3.39  62.17
17:37:24  20.9   0.0   4.1  75.0   0.0   11   2168   5065   93    3    3  91.14    7.65  27.13   3.39  64.01
17:37:25  19.6   0.0   4.6  75.7   0.0   11   2070   5136  116    3   63  89.18    7.71  26.81   3.39  62.37
17:37:26  20.8   0.0   4.1  75.1   0.0   11  10368   9776  142    3  123  89.33    7.66  27.18   3.40  62.15
17:37:27  21.0   0.0   6.6  72.4   0.0   12 1909519   6669   89    3   27  91.92    7.09  27.20   3.39  64.73
17:37:28  21.6   0.0   3.4  75.0   0.0   11   2365   5892   84   24  117  90.97    7.48  27.02   3.40  63.95
17:37:29  19.2   0.0   5.0  75.8   0.0   11   3664   5799  233   17  117  87.81    7.63  26.94   3.40  60.87
17:37:30  21.7   0.0   3.4  74.9   0.0   11   1787   5276   55    3   63  91.76    7.77  27.09   3.40  64.66
17:37:31  21.0   0.0   3.9  75.1   0.0   11  10061   9804  123    3   84  89.42    7.77  26.72   3.39  62.71
17:37:32  20.7   0.0   4.4  74.9   0.0   11   5764   6590   99    3   75  91.03    7.85  27.33   3.39  63.70
17:37:33  22.4   0.0   4.4  73.2   0.0   14 989498   5588  122   24   21  92.60    7.38  27.22   3.39  65.38
17:37:34  20.8   0.0   7.9  71.3   0.0   23 2408081   5858   93   17   81  92.87    7.23  26.74   3.37  66.13
17:37:35  21.1   0.0   7.1  71.7   0.0   12 2380822   5645  122    3  123  92.07    7.09  27.09   3.38  64.98
17:37:36  21.7   0.0   7.2  71.1   0.0   12 1272827   9953   87    3   27  93.63    7.33  27.21   3.39  66.42
17:37:37  19.5   0.0   9.2  71.2   0.0   25 2835371   6881   79    3   63  93.44    7.07  27.08   3.38  66.36
17:37:38  21.6   0.0   7.5  70.9   0.0   23 2237735   5674  126   24   57  93.68    6.94  27.36   3.39  66.32
17:37:39  20.1   0.0   8.3  71.6   0.0   12 2267559   5992  188   17  141  92.42    7.05  26.84   3.38  65.58
17:37:40  21.6   0.0   2.6  75.8   0.0   11   2395   5238  135    3   63  89.37    7.51  26.96   3.39  62.42
17:37:41  22.1   0.0   3.0  74.9   0.0   11  11885  10319  179    2  169  88.45    7.67  27.45   3.41  61.00
17:37:42  20.4   0.0   3.5  76.1   0.0   11   3712   5741  162    1  120  88.70    7.91  26.41   3.38  62.29
17:37:43  21.6   0.0   4.0  74.4   0.0   11   2363   5820  113   24   82  91.38    7.85  27.45   3.41  63.94
17:37:44  19.9   0.0   4.6  75.6   0.0   11   2817   5771  200   17  153  88.94    7.63  27.05   3.40  61.89
17:37:45  21.7   0.0   2.5  75.9   0.0   11   2329   5250  171    3   75  88.70    7.48  26.84   3.39  61.86
17:37:46  21.4   0.0   3.7  74.9   0.0   11  10852  10026  111    3   99  90.47    7.56  27.65   3.41  62.82
17:37:47  20.9   0.0   3.8  75.3   0.0   11   3951   5879   87    3   63  90.45    7.85  27.01   3.39  63.44
  Time    User  Nice   Sys  Idle    IO  Run Ctxt/s  IRQ/s Fork Exec Exit  Watts    dram  pkg-0   dram  pkg-1
17:37:48  20.2   0.0   4.0  75.8   0.0   12   4797   6643  156    3  591  89.02    7.72  26.90   3.39  62.12
17:37:49  20.7   0.0   4.1  75.3   0.0   11   3840   5817  114    3  387  90.40    7.77  27.14   3.40  63.26
17:37:50  21.0   0.0   3.3  75.7   0.0   11   6474   7599  135    3  959  89.36    7.52  26.54   3.39  62.81
17:37:51  22.5   0.0   3.0  74.5   0.0   11  10764   9897  135    3   75  91.34    7.42  27.48   3.41  63.86
17:37:52  21.3   0.0   3.6  75.1   0.0   11   2921   5264  106    3   15  91.05    7.75  27.09   3.39  63.97
17:37:53  20.9   0.0   3.0  76.1   0.0   11   2388   5537  176    3  123  88.51    7.77  26.62   3.38  61.90
17:37:54  22.9   0.0   1.8  75.3   0.0   11   2300   5236  123    3   87  90.64    7.41  27.00   3.38  63.64
17:37:55  21.8   0.0   2.7  75.6   0.0   11   2549   5438  180    3  171  89.92    7.69  26.77   3.39  63.15
17:37:56  23.9   0.0   1.3  74.8   0.0   11  12519  10643  110    3  458  91.32    6.90  26.98   3.39  64.34
17:37:57  22.3   0.0   2.5  75.2   0.0   11   6189   6785  111    3   51  90.89    7.72  27.13   3.38  63.76
17:37:58  22.6   0.0   1.9  75.5   0.0   11   2153   4687  168    3   72  90.57    7.47  26.73   3.39  63.84
17:37:59  21.8   0.0   2.2  76.0   0.0   11   2606   5472  175    3  147  88.38    7.85  26.74   3.39  61.64
17:38:00  21.7   0.0   2.7  75.5   0.0   11   2267   5326  155    3  108  89.15    7.77  27.09   3.39  62.05
17:38:01  22.7   0.0   1.9  75.4   0.0   11  10784   9712  159    3   87  88.75    7.33  26.91   3.39  61.84
17:38:02  21.3   0.0   3.5  75.3   0.0   11   7908   7577   84    3  957  89.93    7.87  27.06   3.41  62.87
17:38:03  21.4   0.0   2.9  75.7   0.0   11   4301   6300  135    3  459  89.48    8.12  26.92   3.40  62.56
17:38:04  22.8   0.0   1.4  75.8   0.0   11   6576   7497  187    3  939  87.78    7.52  26.48   3.38  61.31
17:38:05  23.1   0.0   1.5  75.4   0.0   11   2025   5127   95    3   63  89.98    7.65  26.73   3.39  63.25
17:38:06  22.9   0.0   1.8  75.2   0.0   13  10532   9505  141    3   75  89.75    7.67  27.14   3.41  62.61
17:38:07  22.9   0.0   1.3  75.8   0.0   11   5827   6948  126    3  147  89.75    7.84  26.86   3.38  62.89
17:38:08  22.5   0.0   1.6  75.9   0.0   11   2425   4701  135    3   15  87.92    7.98  26.73   3.39  61.19
17:38:09  22.7   0.0   1.3  75.9   0.0   11   2159   5104  135    3   99  89.17    8.14  26.62   3.38  62.55
17:38:10  23.3   0.0   1.3  75.5   0.0   11   2073   5096  135    3   96  89.84    7.92  26.57   3.39  63.26
17:38:11  23.7   0.0   1.4  74.9   0.0   11  11240   9732  148    3  135  89.30    7.88  27.21   3.40  62.09
17:38:12  23.3   0.0   1.5  75.2   0.0   11   4745   6277   92    3   48  90.46    7.84  26.84   3.39  63.62
17:38:13  23.5   0.0   1.4  75.1   0.0   23  10660   5356  201    3  123  88.29    8.03  26.64   3.39  61.65
17:38:14  22.6   0.0   4.5  72.9   0.0   11 1726332   5695  192   24  129  91.57    6.96  27.01   3.41  64.56
17:38:15  23.0   0.0   1.9  75.2   0.0   11   2469   5505  112   17   90  91.07    8.20  26.73   3.39  64.34
  Time    User  Nice   Sys  Idle    IO  Run Ctxt/s  IRQ/s Fork Exec Exit  Watts    dram  pkg-0   dram  pkg-1
17:38:16  23.2   0.0   1.6  75.3   0.0   12  10993   9978  185    3   87  88.64    8.14  27.12   3.40  61.51
17:38:17  23.3   0.0   1.3  75.3   0.0   11   4524   6021  108    3  117  90.74    8.05  26.95   3.40  63.79
17:38:18  22.8   0.0   1.5  75.7   0.0   11   1796   4624  126    3   51  89.04    8.13  26.37   3.38  62.67
17:38:19  23.2   0.0   1.7  75.1   0.0   11   2555   5481   94   25  118  90.62    7.97  26.93   3.41  63.68
17:38:20  23.1   0.0   1.3  75.6   0.0   11   2555   5470  192   17   81  89.07    7.74  26.96   3.40  62.12
17:38:21  23.5   0.0   1.5  75.0   0.0   12  10698   9889  165    3  135  90.76    8.08  26.86   3.40  63.89
17:38:22  22.9   0.0   1.3  75.8   0.0   11   6326   6785  195    3  123  89.06    7.62  27.16   3.40  61.90
17:38:23  23.3   0.0   1.3  75.4   0.0   12   2117   5427  111    3   75  89.95    7.79  26.79   3.40  63.16
17:38:24  22.6   0.0   1.2  76.2   0.0   11   3029   5381  192    3  147  88.60    7.77  26.58   3.40  62.02
17:38:25  22.2   0.0   5.5  72.3   0.0   23 1544973   5303  135    3   27  92.61    7.50  26.88   3.40  65.73
17:38:26  23.4   0.0   2.0  74.6   0.0   11  16155  10213  204   24  141  90.49    7.85  27.24   3.43  63.25
17:38:27  23.4   0.0   1.2  75.4   0.0   11   3757   6184  162   17  105  90.72    7.87  26.89   3.40  63.83
17:38:28  23.1   0.0   1.7  75.3   0.0   11   2957   5088  119    3  144  90.05    7.63  26.87   3.40  63.18
17:38:29  23.4   0.0   2.1  74.4   0.0   23 450234   5232  140    3  107  90.77    7.58  26.65   3.39  64.12
17:38:30  22.1   0.0   5.9  72.0   0.0   23 1513120   5206   91    3   15  92.51    7.24  26.60   3.39  65.92
17:38:31  23.4   0.0   6.4  70.2   0.0   12 3038862  10346  100   24   57  94.27    7.55  27.51   3.42  66.77
17:38:32  22.9   0.0   5.3  71.8   0.0   12 1552978   7401  113   17  105  92.80    7.51  26.89   3.39  65.91
17:38:33  23.2   0.0   5.2  71.6   0.0   23 1238515   5521  107    3   39  93.60    7.31  26.89   3.39  66.72
17:38:34  22.3   0.0   6.4  71.4   0.0   12 2434400   5541  100    3  135  94.64    7.25  26.87   3.39  67.77
17:38:35  23.7   0.0   4.6  71.7   0.0   23 1887876   5649   97    4   88  93.02    7.15  26.48   3.38  66.54
17:38:36  23.1   0.0   2.3  74.6   0.0   11 534160   9801  216   24   81  89.22    7.94  27.51   3.42  61.72
17:38:37  23.8   0.0   1.1  75.2   0.0   13   6055   7323  210   17  153  90.66    7.70  27.23   3.41  63.43
17:38:38  23.3   0.0   0.8  75.9   0.0   11   2235   4928  158    3   87  89.72    7.98  26.50   3.39  63.21
17:38:39  23.3   0.0   0.8  75.9   0.0   13   2881   5545  182    0  169  89.06    7.59  26.92   3.41  62.14
17:38:40  22.9   0.0   1.1  75.9   0.0   11   2302   5012  194    3   74  89.21    7.98  26.71   3.39  62.50
17:38:41  23.6   0.0   1.4  75.1   0.0   11  11393  10086  209   24  117  90.22    8.31  27.19   3.43  63.03
17:38:42  23.5   0.0   1.3  75.2   0.0   11   6242   7037  165   17  153  90.49    7.99  27.11   3.42  63.38
17:38:43  23.9   0.0   1.1  75.0   0.0   12   1676   5110   84    3   95  91.57    7.79  26.60   3.39  64.98
  Time    User  Nice   Sys  Idle    IO  Run Ctxt/s  IRQ/s Fork Exec Exit  Watts    dram  pkg-0   dram  pkg-1
17:38:44  23.4   0.0   1.2  75.4   0.0   11   2129   4961  107    3   39  91.23    7.89  26.65   3.39  64.58
17:38:45  23.6   0.0   1.1  75.3   0.0   11   2500   5216  144    3  140  90.69    7.73  26.96   3.41  63.72
17:38:46  23.2   0.0   1.4  75.4   0.0   11  11031   9945  171    3   99  89.59    8.14  26.94   3.41  62.65
17:38:47  23.5   0.0   1.4  75.1   0.0   11   6035   6970  163   24   93  90.87    7.90  27.47   3.42  63.39
17:38:48  23.5   0.0   1.3  75.2   0.0   11   2732   5406  171   17  129  90.61    7.77  27.19   3.42  63.43
17:38:49  23.4   0.0   0.9  75.7   0.0   11   2142   5224  143    3  120  90.18    7.92  26.39   3.39  63.79
17:38:50  23.2   0.0   1.2  75.6   0.0   11   2013   5101  144    3   63  88.97    8.05  26.93   3.41  62.03
17:38:51  23.4   0.0   2.2  74.4   0.0   11  10220   9146   79    3   39  90.91    8.09  27.07   3.41  63.84
17:38:52  23.0   0.0   1.3  75.7   0.0   11   4573   6250  200   24  177  89.21    7.59  27.01   3.40  62.21
17:38:53  23.5   0.0   1.4  75.1   0.0   11   2700   5483  159   17   81  89.65    7.76  27.22   3.40  62.43
17:38:54  23.1   0.0   1.3  75.6   0.0   12   2036   5202  147    3  111  89.64    8.22  26.69   3.39  62.96
17:38:55  23.4   0.0   0.8  75.8   0.0   11   2487   5261  139    3  108  89.25    7.61  26.81   3.40  62.44
17:38:56  23.1   0.0   2.0  74.9   0.0   10  11201   9758  150    3  106  90.35    7.92  27.47   3.42  62.89
17:38:57  21.2   0.0   0.9  77.9   0.0   10   3511   5490  207    3   75  87.64    7.68  26.49   3.39  61.15
17:38:58  21.4   0.0   1.5  77.1   0.0   10   2492   5146  117    3  123  88.63    7.43  27.13   3.40  61.50
17:38:59  21.6   0.0   1.3  77.2   0.0   12   2531   5065  192    3   87  89.03    7.72  27.11   3.41  61.92
17:39:00  21.8   0.0   0.7  77.4   0.0   10   1633   4878   99    3   75  88.76    7.36  26.38   3.38  62.38
17:39:01  22.3   0.0   1.5  76.1   0.0   10  10843   9723  147    3  123  89.61    7.66  27.55   3.42  62.06
17:39:02  21.8   0.0   0.9  77.3   0.0   10   2894   5252  147    3   63  88.35    7.61  26.87   3.40  61.48
17:39:03  21.6   0.0   1.0  77.4   0.0   10   2849   5213  204    3  156  88.49    7.84  26.80   3.40  61.69
17:39:04  21.7   0.0   1.1  77.2   0.0   10   2489   5081  164    3   99  88.90    7.32  27.14   3.40  61.76
17:39:05  19.9   0.0   1.3  78.8   0.0   10   1681   4797  106    3   39  86.78    7.59  26.44   3.38  60.33
17:39:06  19.8   0.0   1.4  78.8   0.0    9  10998   9323   75    3   51  86.22    7.47  27.51   3.41  58.71
17:39:07  19.0   0.0   1.6  79.5   0.0    9   4245   5715  147    3   63  85.79    7.47  27.36   3.40  58.43
17:39:08  18.9   0.0   1.3  79.8   0.0    9   1969   4744   99    3  123  85.45    7.77  26.40   3.38  59.05
17:39:09  20.1   0.0   5.0  74.9   0.0    9 1568534   4743  111    3   39  89.30    6.69  27.06   3.39  62.24
17:39:10  19.2   0.0   1.5  79.4   0.0   10   2430   5210  152   24  117  86.11    7.65  27.15   3.40  58.97
17:39:11  18.6   0.0   2.3  79.1   0.0    8  11602  10568  126   17  137  86.21    7.71  27.27   3.40  58.94
  Time    User  Nice   Sys  Idle    IO  Run Ctxt/s  IRQ/s Fork Exec Exit  Watts    dram  pkg-0   dram  pkg-1
17:39:12  16.9   0.0   1.1  81.9   0.0    8   5011   5820  171    3   87  82.12    6.66  27.29   3.40  54.83
17:39:13  16.9   0.0   1.0  82.2   0.0    9   1587   4635   75    3   75  81.57    6.64  26.66   3.39  54.91
17:39:14  16.3   0.0   1.5  82.2   0.0    8   2148   4460  123    3   27  81.47    6.89  26.92   3.40  54.55
17:39:15  17.1   0.0   5.7  77.2   0.0   19 1481674   5235   93   24   69  86.44    6.40  27.36   3.40  59.07
17:39:16  14.7   0.0   2.0  83.3   0.0    7 206525   9464  140   17  117  78.07    6.16  26.80   3.40  51.26
17:39:17  14.7   0.0   1.2  84.2   0.0    7   5668   5953  124    3   75  78.24    6.46  27.27   3.40  50.97
17:39:18  13.8   0.0   1.8  84.4   0.0    7   1954   4318   63    3   63  77.56    6.57  27.13   3.39  50.44
17:39:19  13.9   0.0   1.3  84.8   0.0    7   1890   4190  133    4   64  76.85    6.70  26.41   3.38  50.45
17:39:20  14.1   0.0   7.0  78.9   0.0    6 2005721   4922   48   24   69  82.96    5.93  27.40   3.40  55.56
17:39:21   9.5   0.0   1.8  88.7   0.0    5  10656   8621   66   17   57  70.16    5.96  27.25   3.40  42.91
17:39:22   8.8   0.0   1.6  89.6   0.0    5   2721   4029  108    3   48  69.27    5.79  26.75   3.39  42.52
17:39:23   8.5   0.0   2.2  89.3   0.0    6   1710   3787   51    3   27  70.26    6.26  27.18   3.40  43.08
17:39:24   9.1   0.0   1.0  89.9   0.0    5   1767   4197   99    3   96  69.08    5.66  26.39   3.38  42.69
17:39:25   9.3   0.0   1.7  89.0   0.0    5   2346   4362  138   24   90  70.07    5.69  27.40   3.41  42.67
17:39:26   6.7   0.0   1.6  91.7   0.0    3  10727   8321   78   17   45  65.82    5.17  27.65   3.41  38.16
17:39:27   4.3   0.0   1.1  94.7   0.0    3   5172   4997   39    3   63  62.64    5.10  26.59   3.38  36.05
17:39:28   7.1   0.0   8.1  84.7   0.0    3 352351   3736    3    3    3  73.96    4.38  27.11   3.38  46.85
17:39:29   7.6   0.0   9.6  82.8   0.0   14 512962   3835    3    3    3  75.71    4.43  26.67   3.38  49.04
17:39:30   8.0   0.0  10.2  81.8   0.0   14 695469   4381   48   24   45  77.37    4.36  26.86   3.39  50.51
17:39:31   9.2   0.0  11.5  79.3   0.0    4 898369   9243   54   17   33  80.12    4.39  27.64   3.40  52.47
17:39:32   7.8   0.0   7.2  85.1   0.0    3 608429   4625   40    4   16  73.39    4.40  26.34   3.38  47.06
17:39:33   6.5   0.0   7.6  85.9   0.0    2 606167   3656   27    3   27  71.96    4.35  27.10   3.39  44.87
17:39:34   2.4   0.0   0.8  96.8   0.0    4   1425   2304    3    3   15  57.73    4.08  27.02   3.40  30.71
17:39:35   2.1   0.0   0.8  97.1   0.0    2   1528   2655   72   24   45  57.18    4.28  26.51   3.39  30.67
17:39:36   2.7   0.0   1.5  95.8   0.0    2  10440   7718   42   17   33  58.60    4.38  27.59   3.41  31.01
17:39:37   2.3   0.0   0.8  96.9   0.0    3   2179   2518    3    3    3  57.72    4.03  26.85   3.40  30.86
17:39:38   1.9   0.0   1.0  97.2   0.0    2   1393   2149   14    2    1  57.12    4.22  26.45   3.39  30.67
17:39:39   2.3   0.0   0.7  97.0   0.0    2   1368   1993    1    1   26  57.77    4.02  26.94   3.39  30.82
  Time    User  Nice   Sys  Idle    IO  Run Ctxt/s  IRQ/s Fork Exec Exit  Watts    dram  pkg-0   dram  pkg-1
17:39:40   2.6   0.0   0.2  97.3   0.0    3    836   1967    3    3    3  57.21    3.91  26.24   3.38  30.98
17:39:41   2.7   0.0   1.2  96.1   0.0    2  10332   6942   15    3    3  58.51    4.31  27.30   3.41  31.21
17:39:42   2.2   0.0   1.1  96.8   0.0    2   2761   2697   15    3    3  57.82    4.34  27.08   3.39  30.74
17:39:43   2.0   0.0   0.7  97.3   0.0    2   1217   2292   39    3   27  56.96    4.28  26.26   3.38  30.70
17:39:44   2.5   0.0   0.6  96.9   0.0    2   1371   2108    3    3    3  58.06    4.03  27.03   3.39  31.03
17:39:45   2.1   0.0   1.0  96.9   0.0    2   1264   2341   15    3   15  57.65    4.25  27.03   3.39  30.63
17:39:46   2.3   0.0   1.0  96.7   0.0    2   9603   6582   15    3    3  57.45    4.21  26.55   3.39  30.90
17:39:47   2.0   0.0   1.3  96.7   0.0    2   4479   3364   15    3    3  57.75    4.29  27.15   3.40  30.60
17:39:48   2.6   0.0   0.2  97.1   0.0    3   1294   2629   63    3   51  56.95    4.07  26.46   3.39  30.49
17:39:49   2.2   0.0   0.8  97.0   0.0    2   1759   1893    3    3    3  57.67    4.30  26.84   3.39  30.84
17:39:50   2.5   0.0   0.7  96.8   0.0    2   1375   2503   27    3   27  57.70    4.12  27.08   3.40  30.62
17:39:51   2.1   0.0   1.1  96.7   0.0    2  10517   7128   15    3    3  57.31    4.36  26.62   3.40  30.70
17:39:52   3.1   0.0   5.2  91.7   0.0    2 188975   3331    3    3    3  63.55    4.38  27.10   3.41  36.45
