config files: ['configs/contrastive_ssl/custom_BYOL_SlowR50_8x8.yaml']
num gpus: 1
[03/02 00:09:30][INFO] train_net.py:  542: Train with config:
[03/02 00:09:37][INFO] misc.py:  185: Model:
ContrastiveModel(
  (backbone): ResNet(
    (s1): VideoModelStem(
      (pathway0_stem): ResNetBasicStem(
        (conv): Conv3d(3, 64, kernel_size=(1, 7, 7), stride=(1, 2, 2), padding=(0, 3, 3), bias=False)
        (bn): NaiveSyncBatchNorm3d(64, eps=1e-05, momentum=0.1, affine=True, track_running_stats=True)
        (relu): ReLU(inplace=True)
        (pool_layer): MaxPool3d(kernel_size=[1, 3, 3], stride=[1, 2, 2], padding=[0, 1, 1], dilation=1, ceil_mode=False)
      )
    )
    (s2): ResStage(
      (pathway0_res0): ResBlock(
        (branch1): Conv3d(64, 256, kernel_size=(1, 1, 1), stride=(1, 1, 1), bias=False)
        (branch1_bn): NaiveSyncBatchNorm3d(256, eps=1e-05, momentum=0.1, affine=True, track_running_stats=True)
        (branch2): BottleneckTransform(
          (a): Conv3d(64, 64, kernel_size=(1, 1, 1), stride=(1, 1, 1), bias=False)
          (a_bn): NaiveSyncBatchNorm3d(64, eps=1e-05, momentum=0.1, affine=True, track_running_stats=True)
          (a_relu): ReLU(inplace=True)
          (b): Conv3d(64, 64, kernel_size=(1, 3, 3), stride=(1, 1, 1), padding=(0, 1, 1), bias=False)
          (b_bn): NaiveSyncBatchNorm3d(64, eps=1e-05, momentum=0.1, affine=True, track_running_stats=True)
          (b_relu): ReLU(inplace=True)
          (c): Conv3d(64, 256, kernel_size=(1, 1, 1), stride=(1, 1, 1), bias=False)
          (c_bn): NaiveSyncBatchNorm3d(256, eps=1e-05, momentum=0.1, affine=True, track_running_stats=True)
        )
        (relu): ReLU(inplace=True)
      )
      (pathway0_res1): ResBlock(
        (branch2): BottleneckTransform(
          (a): Conv3d(256, 64, kernel_size=(1, 1, 1), stride=(1, 1, 1), bias=False)
          (a_bn): NaiveSyncBatchNorm3d(64, eps=1e-05, momentum=0.1, affine=True, track_running_stats=True)
          (a_relu): ReLU(inplace=True)
          (b): Conv3d(64, 64, kernel_size=(1, 3, 3), stride=(1, 1, 1), padding=(0, 1, 1), bias=False)
          (b_bn): NaiveSyncBatchNorm3d(64, eps=1e-05, momentum=0.1, affine=True, track_running_stats=True)
          (b_relu): ReLU(inplace=True)
          (c): Conv3d(64, 256, kernel_size=(1, 1, 1), stride=(1, 1, 1), bias=False)
          (c_bn): NaiveSyncBatchNorm3d(256, eps=1e-05, momentum=0.1, affine=True, track_running_stats=True)
        )
        (relu): ReLU(inplace=True)
      )
      (pathway0_res2): ResBlock(
        (branch2): BottleneckTransform(
          (a): Conv3d(256, 64, kernel_size=(1, 1, 1), stride=(1, 1, 1), bias=False)
          (a_bn): NaiveSyncBatchNorm3d(64, eps=1e-05, momentum=0.1, affine=True, track_running_stats=True)
          (a_relu): ReLU(inplace=True)
          (b): Conv3d(64, 64, kernel_size=(1, 3, 3), stride=(1, 1, 1), padding=(0, 1, 1), bias=False)
          (b_bn): NaiveSyncBatchNorm3d(64, eps=1e-05, momentum=0.1, affine=True, track_running_stats=True)
          (b_relu): ReLU(inplace=True)
          (c): Conv3d(64, 256, kernel_size=(1, 1, 1), stride=(1, 1, 1), bias=False)
          (c_bn): NaiveSyncBatchNorm3d(256, eps=1e-05, momentum=0.1, affine=True, track_running_stats=True)
        )
        (relu): ReLU(inplace=True)
      )
    )
    (pathway0_pool): MaxPool3d(kernel_size=[1, 1, 1], stride=[1, 1, 1], padding=[0, 0, 0], dilation=1, ceil_mode=False)
    (s3): ResStage(
      (pathway0_res0): ResBlock(
        (branch1): Conv3d(256, 512, kernel_size=(1, 1, 1), stride=(1, 2, 2), bias=False)
        (branch1_bn): NaiveSyncBatchNorm3d(512, eps=1e-05, momentum=0.1, affine=True, track_running_stats=True)
        (branch2): BottleneckTransform(
          (a): Conv3d(256, 128, kernel_size=(1, 1, 1), stride=(1, 1, 1), bias=False)
          (a_bn): NaiveSyncBatchNorm3d(128, eps=1e-05, momentum=0.1, affine=True, track_running_stats=True)
          (a_relu): ReLU(inplace=True)
          (b): Conv3d(128, 128, kernel_size=(1, 3, 3), stride=(1, 2, 2), padding=(0, 1, 1), bias=False)
          (b_bn): NaiveSyncBatchNorm3d(128, eps=1e-05, momentum=0.1, affine=True, track_running_stats=True)
          (b_relu): ReLU(inplace=True)
          (c): Conv3d(128, 512, kernel_size=(1, 1, 1), stride=(1, 1, 1), bias=False)
          (c_bn): NaiveSyncBatchNorm3d(512, eps=1e-05, momentum=0.1, affine=True, track_running_stats=True)
        )
        (relu): ReLU(inplace=True)
      )
      (pathway0_res1): ResBlock(
        (branch2): BottleneckTransform(
          (a): Conv3d(512, 128, kernel_size=(1, 1, 1), stride=(1, 1, 1), bias=False)
          (a_bn): NaiveSyncBatchNorm3d(128, eps=1e-05, momentum=0.1, affine=True, track_running_stats=True)
          (a_relu): ReLU(inplace=True)
          (b): Conv3d(128, 128, kernel_size=(1, 3, 3), stride=(1, 1, 1), padding=(0, 1, 1), bias=False)
          (b_bn): NaiveSyncBatchNorm3d(128, eps=1e-05, momentum=0.1, affine=True, track_running_stats=True)
          (b_relu): ReLU(inplace=True)
          (c): Conv3d(128, 512, kernel_size=(1, 1, 1), stride=(1, 1, 1), bias=False)
          (c_bn): NaiveSyncBatchNorm3d(512, eps=1e-05, momentum=0.1, affine=True, track_running_stats=True)
        )
        (relu): ReLU(inplace=True)
      )
      (pathway0_res2): ResBlock(
        (branch2): BottleneckTransform(
          (a): Conv3d(512, 128, kernel_size=(1, 1, 1), stride=(1, 1, 1), bias=False)
          (a_bn): NaiveSyncBatchNorm3d(128, eps=1e-05, momentum=0.1, affine=True, track_running_stats=True)
          (a_relu): ReLU(inplace=True)
          (b): Conv3d(128, 128, kernel_size=(1, 3, 3), stride=(1, 1, 1), padding=(0, 1, 1), bias=False)
          (b_bn): NaiveSyncBatchNorm3d(128, eps=1e-05, momentum=0.1, affine=True, track_running_stats=True)
          (b_relu): ReLU(inplace=True)
          (c): Conv3d(128, 512, kernel_size=(1, 1, 1), stride=(1, 1, 1), bias=False)
          (c_bn): NaiveSyncBatchNorm3d(512, eps=1e-05, momentum=0.1, affine=True, track_running_stats=True)
        )
        (relu): ReLU(inplace=True)
      )
      (pathway0_res3): ResBlock(
        (branch2): BottleneckTransform(
          (a): Conv3d(512, 128, kernel_size=(1, 1, 1), stride=(1, 1, 1), bias=False)
          (a_bn): NaiveSyncBatchNorm3d(128, eps=1e-05, momentum=0.1, affine=True, track_running_stats=True)
          (a_relu): ReLU(inplace=True)
          (b): Conv3d(128, 128, kernel_size=(1, 3, 3), stride=(1, 1, 1), padding=(0, 1, 1), bias=False)
          (b_bn): NaiveSyncBatchNorm3d(128, eps=1e-05, momentum=0.1, affine=True, track_running_stats=True)
          (b_relu): ReLU(inplace=True)
          (c): Conv3d(128, 512, kernel_size=(1, 1, 1), stride=(1, 1, 1), bias=False)
          (c_bn): NaiveSyncBatchNorm3d(512, eps=1e-05, momentum=0.1, affine=True, track_running_stats=True)
        )
        (relu): ReLU(inplace=True)
      )
    )
    (s4): ResStage(
      (pathway0_res0): ResBlock(
        (branch1): Conv3d(512, 1024, kernel_size=(1, 1, 1), stride=(1, 2, 2), bias=False)
        (branch1_bn): NaiveSyncBatchNorm3d(1024, eps=1e-05, momentum=0.1, affine=True, track_running_stats=True)
        (branch2): BottleneckTransform(
          (a): Conv3d(512, 256, kernel_size=(3, 1, 1), stride=(1, 1, 1), padding=(1, 0, 0), bias=False)
          (a_bn): NaiveSyncBatchNorm3d(256, eps=1e-05, momentum=0.1, affine=True, track_running_stats=True)
          (a_relu): ReLU(inplace=True)
          (b): Conv3d(256, 256, kernel_size=(1, 3, 3), stride=(1, 2, 2), padding=(0, 1, 1), bias=False)
          (b_bn): NaiveSyncBatchNorm3d(256, eps=1e-05, momentum=0.1, affine=True, track_running_stats=True)
          (b_relu): ReLU(inplace=True)
          (c): Conv3d(256, 1024, kernel_size=(1, 1, 1), stride=(1, 1, 1), bias=False)
          (c_bn): NaiveSyncBatchNorm3d(1024, eps=1e-05, momentum=0.1, affine=True, track_running_stats=True)
        )
        (relu): ReLU(inplace=True)
      )
      (pathway0_res1): ResBlock(
        (branch2): BottleneckTransform(
          (a): Conv3d(1024, 256, kernel_size=(3, 1, 1), stride=(1, 1, 1), padding=(1, 0, 0), bias=False)
          (a_bn): NaiveSyncBatchNorm3d(256, eps=1e-05, momentum=0.1, affine=True, track_running_stats=True)
          (a_relu): ReLU(inplace=True)
          (b): Conv3d(256, 256, kernel_size=(1, 3, 3), stride=(1, 1, 1), padding=(0, 1, 1), bias=False)
          (b_bn): NaiveSyncBatchNorm3d(256, eps=1e-05, momentum=0.1, affine=True, track_running_stats=True)
          (b_relu): ReLU(inplace=True)
          (c): Conv3d(256, 1024, kernel_size=(1, 1, 1), stride=(1, 1, 1), bias=False)
          (c_bn): NaiveSyncBatchNorm3d(1024, eps=1e-05, momentum=0.1, affine=True, track_running_stats=True)
        )
        (relu): ReLU(inplace=True)
      )
      (pathway0_res2): ResBlock(
        (branch2): BottleneckTransform(
          (a): Conv3d(1024, 256, kernel_size=(3, 1, 1), stride=(1, 1, 1), padding=(1, 0, 0), bias=False)
          (a_bn): NaiveSyncBatchNorm3d(256, eps=1e-05, momentum=0.1, affine=True, track_running_stats=True)
          (a_relu): ReLU(inplace=True)
          (b): Conv3d(256, 256, kernel_size=(1, 3, 3), stride=(1, 1, 1), padding=(0, 1, 1), bias=False)
          (b_bn): NaiveSyncBatchNorm3d(256, eps=1e-05, momentum=0.1, affine=True, track_running_stats=True)
          (b_relu): ReLU(inplace=True)
          (c): Conv3d(256, 1024, kernel_size=(1, 1, 1), stride=(1, 1, 1), bias=False)
          (c_bn): NaiveSyncBatchNorm3d(1024, eps=1e-05, momentum=0.1, affine=True, track_running_stats=True)
        )
        (relu): ReLU(inplace=True)
      )
      (pathway0_res3): ResBlock(
        (branch2): BottleneckTransform(
          (a): Conv3d(1024, 256, kernel_size=(3, 1, 1), stride=(1, 1, 1), padding=(1, 0, 0), bias=False)
          (a_bn): NaiveSyncBatchNorm3d(256, eps=1e-05, momentum=0.1, affine=True, track_running_stats=True)
          (a_relu): ReLU(inplace=True)
          (b): Conv3d(256, 256, kernel_size=(1, 3, 3), stride=(1, 1, 1), padding=(0, 1, 1), bias=False)
          (b_bn): NaiveSyncBatchNorm3d(256, eps=1e-05, momentum=0.1, affine=True, track_running_stats=True)
          (b_relu): ReLU(inplace=True)
          (c): Conv3d(256, 1024, kernel_size=(1, 1, 1), stride=(1, 1, 1), bias=False)
          (c_bn): NaiveSyncBatchNorm3d(1024, eps=1e-05, momentum=0.1, affine=True, track_running_stats=True)
        )
        (relu): ReLU(inplace=True)
      )
      (pathway0_res4): ResBlock(
        (branch2): BottleneckTransform(
          (a): Conv3d(1024, 256, kernel_size=(3, 1, 1), stride=(1, 1, 1), padding=(1, 0, 0), bias=False)
          (a_bn): NaiveSyncBatchNorm3d(256, eps=1e-05, momentum=0.1, affine=True, track_running_stats=True)
          (a_relu): ReLU(inplace=True)
          (b): Conv3d(256, 256, kernel_size=(1, 3, 3), stride=(1, 1, 1), padding=(0, 1, 1), bias=False)
          (b_bn): NaiveSyncBatchNorm3d(256, eps=1e-05, momentum=0.1, affine=True, track_running_stats=True)
          (b_relu): ReLU(inplace=True)
          (c): Conv3d(256, 1024, kernel_size=(1, 1, 1), stride=(1, 1, 1), bias=False)
          (c_bn): NaiveSyncBatchNorm3d(1024, eps=1e-05, momentum=0.1, affine=True, track_running_stats=True)
        )
        (relu): ReLU(inplace=True)
      )
      (pathway0_res5): ResBlock(
        (branch2): BottleneckTransform(
          (a): Conv3d(1024, 256, kernel_size=(3, 1, 1), stride=(1, 1, 1), padding=(1, 0, 0), bias=False)
          (a_bn): NaiveSyncBatchNorm3d(256, eps=1e-05, momentum=0.1, affine=True, track_running_stats=True)
          (a_relu): ReLU(inplace=True)
          (b): Conv3d(256, 256, kernel_size=(1, 3, 3), stride=(1, 1, 1), padding=(0, 1, 1), bias=False)
          (b_bn): NaiveSyncBatchNorm3d(256, eps=1e-05, momentum=0.1, affine=True, track_running_stats=True)
          (b_relu): ReLU(inplace=True)
          (c): Conv3d(256, 1024, kernel_size=(1, 1, 1), stride=(1, 1, 1), bias=False)
          (c_bn): NaiveSyncBatchNorm3d(1024, eps=1e-05, momentum=0.1, affine=True, track_running_stats=True)
        )
        (relu): ReLU(inplace=True)
      )
    )
    (s5): ResStage(
      (pathway0_res0): ResBlock(
        (branch1): Conv3d(1024, 2048, kernel_size=(1, 1, 1), stride=(1, 2, 2), bias=False)
        (branch1_bn): NaiveSyncBatchNorm3d(2048, eps=1e-05, momentum=0.1, affine=True, track_running_stats=True)
        (branch2): BottleneckTransform(
          (a): Conv3d(1024, 512, kernel_size=(3, 1, 1), stride=(1, 1, 1), padding=(1, 0, 0), bias=False)
          (a_bn): NaiveSyncBatchNorm3d(512, eps=1e-05, momentum=0.1, affine=True, track_running_stats=True)
          (a_relu): ReLU(inplace=True)
          (b): Conv3d(512, 512, kernel_size=(1, 3, 3), stride=(1, 2, 2), padding=(0, 1, 1), bias=False)
          (b_bn): NaiveSyncBatchNorm3d(512, eps=1e-05, momentum=0.1, affine=True, track_running_stats=True)
          (b_relu): ReLU(inplace=True)
          (c): Conv3d(512, 2048, kernel_size=(1, 1, 1), stride=(1, 1, 1), bias=False)
          (c_bn): NaiveSyncBatchNorm3d(2048, eps=1e-05, momentum=0.1, affine=True, track_running_stats=True)
        )
        (relu): ReLU(inplace=True)
      )
      (pathway0_res1): ResBlock(
        (branch2): BottleneckTransform(
          (a): Conv3d(2048, 512, kernel_size=(3, 1, 1), stride=(1, 1, 1), padding=(1, 0, 0), bias=False)
          (a_bn): NaiveSyncBatchNorm3d(512, eps=1e-05, momentum=0.1, affine=True, track_running_stats=True)
          (a_relu): ReLU(inplace=True)
          (b): Conv3d(512, 512, kernel_size=(1, 3, 3), stride=(1, 1, 1), padding=(0, 1, 1), bias=False)
          (b_bn): NaiveSyncBatchNorm3d(512, eps=1e-05, momentum=0.1, affine=True, track_running_stats=True)
          (b_relu): ReLU(inplace=True)
          (c): Conv3d(512, 2048, kernel_size=(1, 1, 1), stride=(1, 1, 1), bias=False)
          (c_bn): NaiveSyncBatchNorm3d(2048, eps=1e-05, momentum=0.1, affine=True, track_running_stats=True)
        )
        (relu): ReLU(inplace=True)
      )
      (pathway0_res2): ResBlock(
        (branch2): BottleneckTransform(
          (a): Conv3d(2048, 512, kernel_size=(3, 1, 1), stride=(1, 1, 1), padding=(1, 0, 0), bias=False)
          (a_bn): NaiveSyncBatchNorm3d(512, eps=1e-05, momentum=0.1, affine=True, track_running_stats=True)
          (a_relu): ReLU(inplace=True)
          (b): Conv3d(512, 512, kernel_size=(1, 3, 3), stride=(1, 1, 1), padding=(0, 1, 1), bias=False)
          (b_bn): NaiveSyncBatchNorm3d(512, eps=1e-05, momentum=0.1, affine=True, track_running_stats=True)
          (b_relu): ReLU(inplace=True)
          (c): Conv3d(512, 2048, kernel_size=(1, 1, 1), stride=(1, 1, 1), bias=False)
          (c_bn): NaiveSyncBatchNorm3d(2048, eps=1e-05, momentum=0.1, affine=True, track_running_stats=True)
        )
        (relu): ReLU(inplace=True)
      )
    )
    (head): ResNetBasicHead(
      (predictors): ModuleList(
        (0): MLPHead(
          (projection): Sequential(
            (0): Linear(in_features=256, out_features=4096, bias=False)
            (1): BatchNorm1d(4096, eps=1e-05, momentum=0.1, affine=True, track_running_stats=True)
            (2): ReLU(inplace=True)
            (3): Linear(in_features=4096, out_features=256, bias=True)
          )
        )
      )
      (pathway0_avgpool): AdaptiveAvgPool3d(output_size=(1, 1, 1))
      (projection): MLPHead(
        (projection): Sequential(
          (0): Linear(in_features=2048, out_features=4096, bias=False)
          (1): BatchNorm1d(4096, eps=1e-05, momentum=0.1, affine=True, track_running_stats=True)
          (2): ReLU(inplace=True)
          (3): Linear(in_features=4096, out_features=256, bias=True)
        )
      )
    )
  )
  (l2_norm): Normalize()
  (nce_loss_fun): ContrastiveLoss()
  (softmax): Softmax(dim=1)
  (backbone_hist): ResNet(
    (s1): VideoModelStem(
      (pathway0_stem): ResNetBasicStem(
        (conv): Conv3d(3, 64, kernel_size=(1, 7, 7), stride=(1, 2, 2), padding=(0, 3, 3), bias=False)
        (bn): NaiveSyncBatchNorm3d(64, eps=1e-05, momentum=0.1, affine=True, track_running_stats=True)
        (relu): ReLU(inplace=True)
        (pool_layer): MaxPool3d(kernel_size=[1, 3, 3], stride=[1, 2, 2], padding=[0, 1, 1], dilation=1, ceil_mode=False)
      )
    )
    (s2): ResStage(
      (pathway0_res0): ResBlock(
        (branch1): Conv3d(64, 256, kernel_size=(1, 1, 1), stride=(1, 1, 1), bias=False)
        (branch1_bn): NaiveSyncBatchNorm3d(256, eps=1e-05, momentum=0.1, affine=True, track_running_stats=True)
        (branch2): BottleneckTransform(
          (a): Conv3d(64, 64, kernel_size=(1, 1, 1), stride=(1, 1, 1), bias=False)
          (a_bn): NaiveSyncBatchNorm3d(64, eps=1e-05, momentum=0.1, affine=True, track_running_stats=True)
          (a_relu): ReLU(inplace=True)
          (b): Conv3d(64, 64, kernel_size=(1, 3, 3), stride=(1, 1, 1), padding=(0, 1, 1), bias=False)
          (b_bn): NaiveSyncBatchNorm3d(64, eps=1e-05, momentum=0.1, affine=True, track_running_stats=True)
          (b_relu): ReLU(inplace=True)
          (c): Conv3d(64, 256, kernel_size=(1, 1, 1), stride=(1, 1, 1), bias=False)
          (c_bn): NaiveSyncBatchNorm3d(256, eps=1e-05, momentum=0.1, affine=True, track_running_stats=True)
        )
        (relu): ReLU(inplace=True)
      )
      (pathway0_res1): ResBlock(
        (branch2): BottleneckTransform(
          (a): Conv3d(256, 64, kernel_size=(1, 1, 1), stride=(1, 1, 1), bias=False)
          (a_bn): NaiveSyncBatchNorm3d(64, eps=1e-05, momentum=0.1, affine=True, track_running_stats=True)
          (a_relu): ReLU(inplace=True)
          (b): Conv3d(64, 64, kernel_size=(1, 3, 3), stride=(1, 1, 1), padding=(0, 1, 1), bias=False)
          (b_bn): NaiveSyncBatchNorm3d(64, eps=1e-05, momentum=0.1, affine=True, track_running_stats=True)
          (b_relu): ReLU(inplace=True)
          (c): Conv3d(64, 256, kernel_size=(1, 1, 1), stride=(1, 1, 1), bias=False)
          (c_bn): NaiveSyncBatchNorm3d(256, eps=1e-05, momentum=0.1, affine=True, track_running_stats=True)
        )
        (relu): ReLU(inplace=True)
      )
      (pathway0_res2): ResBlock(
        (branch2): BottleneckTransform(
          (a): Conv3d(256, 64, kernel_size=(1, 1, 1), stride=(1, 1, 1), bias=False)
          (a_bn): NaiveSyncBatchNorm3d(64, eps=1e-05, momentum=0.1, affine=True, track_running_stats=True)
          (a_relu): ReLU(inplace=True)
          (b): Conv3d(64, 64, kernel_size=(1, 3, 3), stride=(1, 1, 1), padding=(0, 1, 1), bias=False)
          (b_bn): NaiveSyncBatchNorm3d(64, eps=1e-05, momentum=0.1, affine=True, track_running_stats=True)
          (b_relu): ReLU(inplace=True)
          (c): Conv3d(64, 256, kernel_size=(1, 1, 1), stride=(1, 1, 1), bias=False)
          (c_bn): NaiveSyncBatchNorm3d(256, eps=1e-05, momentum=0.1, affine=True, track_running_stats=True)
        )
        (relu): ReLU(inplace=True)
      )
    )
    (pathway0_pool): MaxPool3d(kernel_size=[1, 1, 1], stride=[1, 1, 1], padding=[0, 0, 0], dilation=1, ceil_mode=False)
    (s3): ResStage(
      (pathway0_res0): ResBlock(
        (branch1): Conv3d(256, 512, kernel_size=(1, 1, 1), stride=(1, 2, 2), bias=False)
        (branch1_bn): NaiveSyncBatchNorm3d(512, eps=1e-05, momentum=0.1, affine=True, track_running_stats=True)
        (branch2): BottleneckTransform(
          (a): Conv3d(256, 128, kernel_size=(1, 1, 1), stride=(1, 1, 1), bias=False)
          (a_bn): NaiveSyncBatchNorm3d(128, eps=1e-05, momentum=0.1, affine=True, track_running_stats=True)
          (a_relu): ReLU(inplace=True)
          (b): Conv3d(128, 128, kernel_size=(1, 3, 3), stride=(1, 2, 2), padding=(0, 1, 1), bias=False)
          (b_bn): NaiveSyncBatchNorm3d(128, eps=1e-05, momentum=0.1, affine=True, track_running_stats=True)
          (b_relu): ReLU(inplace=True)
          (c): Conv3d(128, 512, kernel_size=(1, 1, 1), stride=(1, 1, 1), bias=False)
          (c_bn): NaiveSyncBatchNorm3d(512, eps=1e-05, momentum=0.1, affine=True, track_running_stats=True)
        )
        (relu): ReLU(inplace=True)
      )
      (pathway0_res1): ResBlock(
        (branch2): BottleneckTransform(
          (a): Conv3d(512, 128, kernel_size=(1, 1, 1), stride=(1, 1, 1), bias=False)
          (a_bn): NaiveSyncBatchNorm3d(128, eps=1e-05, momentum=0.1, affine=True, track_running_stats=True)
          (a_relu): ReLU(inplace=True)
          (b): Conv3d(128, 128, kernel_size=(1, 3, 3), stride=(1, 1, 1), padding=(0, 1, 1), bias=False)
          (b_bn): NaiveSyncBatchNorm3d(128, eps=1e-05, momentum=0.1, affine=True, track_running_stats=True)
          (b_relu): ReLU(inplace=True)
          (c): Conv3d(128, 512, kernel_size=(1, 1, 1), stride=(1, 1, 1), bias=False)
          (c_bn): NaiveSyncBatchNorm3d(512, eps=1e-05, momentum=0.1, affine=True, track_running_stats=True)
        )
        (relu): ReLU(inplace=True)
      )
      (pathway0_res2): ResBlock(
        (branch2): BottleneckTransform(
          (a): Conv3d(512, 128, kernel_size=(1, 1, 1), stride=(1, 1, 1), bias=False)
          (a_bn): NaiveSyncBatchNorm3d(128, eps=1e-05, momentum=0.1, affine=True, track_running_stats=True)
          (a_relu): ReLU(inplace=True)
          (b): Conv3d(128, 128, kernel_size=(1, 3, 3), stride=(1, 1, 1), padding=(0, 1, 1), bias=False)
          (b_bn): NaiveSyncBatchNorm3d(128, eps=1e-05, momentum=0.1, affine=True, track_running_stats=True)
          (b_relu): ReLU(inplace=True)
          (c): Conv3d(128, 512, kernel_size=(1, 1, 1), stride=(1, 1, 1), bias=False)
          (c_bn): NaiveSyncBatchNorm3d(512, eps=1e-05, momentum=0.1, affine=True, track_running_stats=True)
        )
        (relu): ReLU(inplace=True)
      )
      (pathway0_res3): ResBlock(
        (branch2): BottleneckTransform(
          (a): Conv3d(512, 128, kernel_size=(1, 1, 1), stride=(1, 1, 1), bias=False)
          (a_bn): NaiveSyncBatchNorm3d(128, eps=1e-05, momentum=0.1, affine=True, track_running_stats=True)
          (a_relu): ReLU(inplace=True)
          (b): Conv3d(128, 128, kernel_size=(1, 3, 3), stride=(1, 1, 1), padding=(0, 1, 1), bias=False)
          (b_bn): NaiveSyncBatchNorm3d(128, eps=1e-05, momentum=0.1, affine=True, track_running_stats=True)
          (b_relu): ReLU(inplace=True)
          (c): Conv3d(128, 512, kernel_size=(1, 1, 1), stride=(1, 1, 1), bias=False)
          (c_bn): NaiveSyncBatchNorm3d(512, eps=1e-05, momentum=0.1, affine=True, track_running_stats=True)
        )
        (relu): ReLU(inplace=True)
      )
    )
    (s4): ResStage(
      (pathway0_res0): ResBlock(
        (branch1): Conv3d(512, 1024, kernel_size=(1, 1, 1), stride=(1, 2, 2), bias=False)
        (branch1_bn): NaiveSyncBatchNorm3d(1024, eps=1e-05, momentum=0.1, affine=True, track_running_stats=True)
        (branch2): BottleneckTransform(
          (a): Conv3d(512, 256, kernel_size=(3, 1, 1), stride=(1, 1, 1), padding=(1, 0, 0), bias=False)
          (a_bn): NaiveSyncBatchNorm3d(256, eps=1e-05, momentum=0.1, affine=True, track_running_stats=True)
          (a_relu): ReLU(inplace=True)
          (b): Conv3d(256, 256, kernel_size=(1, 3, 3), stride=(1, 2, 2), padding=(0, 1, 1), bias=False)
          (b_bn): NaiveSyncBatchNorm3d(256, eps=1e-05, momentum=0.1, affine=True, track_running_stats=True)
          (b_relu): ReLU(inplace=True)
          (c): Conv3d(256, 1024, kernel_size=(1, 1, 1), stride=(1, 1, 1), bias=False)
          (c_bn): NaiveSyncBatchNorm3d(1024, eps=1e-05, momentum=0.1, affine=True, track_running_stats=True)
        )
        (relu): ReLU(inplace=True)
      )
      (pathway0_res1): ResBlock(
        (branch2): BottleneckTransform(
          (a): Conv3d(1024, 256, kernel_size=(3, 1, 1), stride=(1, 1, 1), padding=(1, 0, 0), bias=False)
          (a_bn): NaiveSyncBatchNorm3d(256, eps=1e-05, momentum=0.1, affine=True, track_running_stats=True)
          (a_relu): ReLU(inplace=True)
          (b): Conv3d(256, 256, kernel_size=(1, 3, 3), stride=(1, 1, 1), padding=(0, 1, 1), bias=False)
          (b_bn): NaiveSyncBatchNorm3d(256, eps=1e-05, momentum=0.1, affine=True, track_running_stats=True)
          (b_relu): ReLU(inplace=True)
          (c): Conv3d(256, 1024, kernel_size=(1, 1, 1), stride=(1, 1, 1), bias=False)
          (c_bn): NaiveSyncBatchNorm3d(1024, eps=1e-05, momentum=0.1, affine=True, track_running_stats=True)
        )
        (relu): ReLU(inplace=True)
      )
      (pathway0_res2): ResBlock(
        (branch2): BottleneckTransform(
          (a): Conv3d(1024, 256, kernel_size=(3, 1, 1), stride=(1, 1, 1), padding=(1, 0, 0), bias=False)
          (a_bn): NaiveSyncBatchNorm3d(256, eps=1e-05, momentum=0.1, affine=True, track_running_stats=True)
          (a_relu): ReLU(inplace=True)
          (b): Conv3d(256, 256, kernel_size=(1, 3, 3), stride=(1, 1, 1), padding=(0, 1, 1), bias=False)
          (b_bn): NaiveSyncBatchNorm3d(256, eps=1e-05, momentum=0.1, affine=True, track_running_stats=True)
          (b_relu): ReLU(inplace=True)
          (c): Conv3d(256, 1024, kernel_size=(1, 1, 1), stride=(1, 1, 1), bias=False)
          (c_bn): NaiveSyncBatchNorm3d(1024, eps=1e-05, momentum=0.1, affine=True, track_running_stats=True)
        )
        (relu): ReLU(inplace=True)
      )
      (pathway0_res3): ResBlock(
        (branch2): BottleneckTransform(
          (a): Conv3d(1024, 256, kernel_size=(3, 1, 1), stride=(1, 1, 1), padding=(1, 0, 0), bias=False)
          (a_bn): NaiveSyncBatchNorm3d(256, eps=1e-05, momentum=0.1, affine=True, track_running_stats=True)
          (a_relu): ReLU(inplace=True)
          (b): Conv3d(256, 256, kernel_size=(1, 3, 3), stride=(1, 1, 1), padding=(0, 1, 1), bias=False)
          (b_bn): NaiveSyncBatchNorm3d(256, eps=1e-05, momentum=0.1, affine=True, track_running_stats=True)
          (b_relu): ReLU(inplace=True)
          (c): Conv3d(256, 1024, kernel_size=(1, 1, 1), stride=(1, 1, 1), bias=False)
          (c_bn): NaiveSyncBatchNorm3d(1024, eps=1e-05, momentum=0.1, affine=True, track_running_stats=True)
        )
        (relu): ReLU(inplace=True)
      )
      (pathway0_res4): ResBlock(
        (branch2): BottleneckTransform(
          (a): Conv3d(1024, 256, kernel_size=(3, 1, 1), stride=(1, 1, 1), padding=(1, 0, 0), bias=False)
          (a_bn): NaiveSyncBatchNorm3d(256, eps=1e-05, momentum=0.1, affine=True, track_running_stats=True)
          (a_relu): ReLU(inplace=True)
          (b): Conv3d(256, 256, kernel_size=(1, 3, 3), stride=(1, 1, 1), padding=(0, 1, 1), bias=False)
          (b_bn): NaiveSyncBatchNorm3d(256, eps=1e-05, momentum=0.1, affine=True, track_running_stats=True)
          (b_relu): ReLU(inplace=True)
          (c): Conv3d(256, 1024, kernel_size=(1, 1, 1), stride=(1, 1, 1), bias=False)
          (c_bn): NaiveSyncBatchNorm3d(1024, eps=1e-05, momentum=0.1, affine=True, track_running_stats=True)
        )
        (relu): ReLU(inplace=True)
      )
      (pathway0_res5): ResBlock(
        (branch2): BottleneckTransform(
          (a): Conv3d(1024, 256, kernel_size=(3, 1, 1), stride=(1, 1, 1), padding=(1, 0, 0), bias=False)
          (a_bn): NaiveSyncBatchNorm3d(256, eps=1e-05, momentum=0.1, affine=True, track_running_stats=True)
          (a_relu): ReLU(inplace=True)
          (b): Conv3d(256, 256, kernel_size=(1, 3, 3), stride=(1, 1, 1), padding=(0, 1, 1), bias=False)
          (b_bn): NaiveSyncBatchNorm3d(256, eps=1e-05, momentum=0.1, affine=True, track_running_stats=True)
          (b_relu): ReLU(inplace=True)
          (c): Conv3d(256, 1024, kernel_size=(1, 1, 1), stride=(1, 1, 1), bias=False)
          (c_bn): NaiveSyncBatchNorm3d(1024, eps=1e-05, momentum=0.1, affine=True, track_running_stats=True)
        )
        (relu): ReLU(inplace=True)
      )
    )
    (s5): ResStage(
      (pathway0_res0): ResBlock(
        (branch1): Conv3d(1024, 2048, kernel_size=(1, 1, 1), stride=(1, 2, 2), bias=False)
        (branch1_bn): NaiveSyncBatchNorm3d(2048, eps=1e-05, momentum=0.1, affine=True, track_running_stats=True)
        (branch2): BottleneckTransform(
          (a): Conv3d(1024, 512, kernel_size=(3, 1, 1), stride=(1, 1, 1), padding=(1, 0, 0), bias=False)
          (a_bn): NaiveSyncBatchNorm3d(512, eps=1e-05, momentum=0.1, affine=True, track_running_stats=True)
          (a_relu): ReLU(inplace=True)
          (b): Conv3d(512, 512, kernel_size=(1, 3, 3), stride=(1, 2, 2), padding=(0, 1, 1), bias=False)
          (b_bn): NaiveSyncBatchNorm3d(512, eps=1e-05, momentum=0.1, affine=True, track_running_stats=True)
          (b_relu): ReLU(inplace=True)
          (c): Conv3d(512, 2048, kernel_size=(1, 1, 1), stride=(1, 1, 1), bias=False)
          (c_bn): NaiveSyncBatchNorm3d(2048, eps=1e-05, momentum=0.1, affine=True, track_running_stats=True)
        )
        (relu): ReLU(inplace=True)
      )
      (pathway0_res1): ResBlock(
        (branch2): BottleneckTransform(
          (a): Conv3d(2048, 512, kernel_size=(3, 1, 1), stride=(1, 1, 1), padding=(1, 0, 0), bias=False)
          (a_bn): NaiveSyncBatchNorm3d(512, eps=1e-05, momentum=0.1, affine=True, track_running_stats=True)
          (a_relu): ReLU(inplace=True)
          (b): Conv3d(512, 512, kernel_size=(1, 3, 3), stride=(1, 1, 1), padding=(0, 1, 1), bias=False)
          (b_bn): NaiveSyncBatchNorm3d(512, eps=1e-05, momentum=0.1, affine=True, track_running_stats=True)
          (b_relu): ReLU(inplace=True)
          (c): Conv3d(512, 2048, kernel_size=(1, 1, 1), stride=(1, 1, 1), bias=False)
          (c_bn): NaiveSyncBatchNorm3d(2048, eps=1e-05, momentum=0.1, affine=True, track_running_stats=True)
        )
        (relu): ReLU(inplace=True)
      )
      (pathway0_res2): ResBlock(
        (branch2): BottleneckTransform(
          (a): Conv3d(2048, 512, kernel_size=(3, 1, 1), stride=(1, 1, 1), padding=(1, 0, 0), bias=False)
          (a_bn): NaiveSyncBatchNorm3d(512, eps=1e-05, momentum=0.1, affine=True, track_running_stats=True)
          (a_relu): ReLU(inplace=True)
          (b): Conv3d(512, 512, kernel_size=(1, 3, 3), stride=(1, 1, 1), padding=(0, 1, 1), bias=False)
          (b_bn): NaiveSyncBatchNorm3d(512, eps=1e-05, momentum=0.1, affine=True, track_running_stats=True)
          (b_relu): ReLU(inplace=True)
          (c): Conv3d(512, 2048, kernel_size=(1, 1, 1), stride=(1, 1, 1), bias=False)
          (c_bn): NaiveSyncBatchNorm3d(2048, eps=1e-05, momentum=0.1, affine=True, track_running_stats=True)
        )
        (relu): ReLU(inplace=True)
      )
    )
    (head): ResNetBasicHead(
      (predictors): ModuleList(
        (0): MLPHead(
          (projection): Sequential(
            (0): Linear(in_features=256, out_features=4096, bias=False)
            (1): BatchNorm1d(4096, eps=1e-05, momentum=0.1, affine=True, track_running_stats=True)
            (2): ReLU(inplace=True)
            (3): Linear(in_features=4096, out_features=256, bias=True)
          )
        )
      )
      (pathway0_avgpool): AdaptiveAvgPool3d(output_size=(1, 1, 1))
      (projection): MLPHead(
        (projection): Sequential(
          (0): Linear(in_features=2048, out_features=4096, bias=False)
          (1): BatchNorm1d(4096, eps=1e-05, momentum=0.1, affine=True, track_running_stats=True)
          (2): ReLU(inplace=True)
          (3): Linear(in_features=4096, out_features=256, bias=True)
        )
      )
    )
  )
  (knn_mem): Memory(
    (l2_norm): Normalize()
    (l2_norm2d): Normalize()
  )
)
[03/02 00:09:37][INFO] misc.py:  187: Params: 86,371,456
[03/02 00:09:37][INFO] misc.py:  188: Mem: 0.6158990859985352 MB
[03/02 00:09:38][WARNING] jit_analysis.py:  499: Unsupported operator aten::max_pool3d encountered 2 time(s)
[03/02 00:09:38][WARNING] jit_analysis.py:  499: Unsupported operator aten::add encountered 16 time(s)
[03/02 00:09:38][WARNING] jit_analysis.py:  499: Unsupported operator aten::adaptive_avg_pool3d encountered 1 time(s)
[03/02 00:09:38][WARNING] jit_analysis.py:  511: The following submodules of the model were never called during the trace of the graph. They may be unused, or they were accessed by direct calls to .forward() or via other python methods. In the latter case they will have zeros for statistics, though their statistics will still contribute to their parent calling module.
backbone.head.predictors.0, backbone.head.predictors.0.projection, backbone.head.predictors.0.projection.0, backbone.head.predictors.0.projection.1, backbone.head.predictors.0.projection.2, backbone.head.predictors.0.projection.3, backbone_hist, backbone_hist.head, backbone_hist.head.pathway0_avgpool, backbone_hist.head.predictors.0, backbone_hist.head.predictors.0.projection, backbone_hist.head.predictors.0.projection.0, backbone_hist.head.predictors.0.projection.1, backbone_hist.head.predictors.0.projection.2, backbone_hist.head.predictors.0.projection.3, backbone_hist.head.projection, backbone_hist.head.projection.projection, backbone_hist.head.projection.projection.0, backbone_hist.head.projection.projection.1, backbone_hist.head.projection.projection.2, backbone_hist.head.projection.projection.3, backbone_hist.pathway0_pool, backbone_hist.s1, backbone_hist.s1.pathway0_stem, backbone_hist.s1.pathway0_stem.bn, backbone_hist.s1.pathway0_stem.conv, backbone_hist.s1.pathway0_stem.pool_layer, backbone_hist.s1.pathway0_stem.relu, backbone_hist.s2, backbone_hist.s2.pathway0_res0, backbone_hist.s2.pathway0_res0.branch1, backbone_hist.s2.pathway0_res0.branch1_bn, backbone_hist.s2.pathway0_res0.branch2, backbone_hist.s2.pathway0_res0.branch2.a, backbone_hist.s2.pathway0_res0.branch2.a_bn, backbone_hist.s2.pathway0_res0.branch2.a_relu, backbone_hist.s2.pathway0_res0.branch2.b, backbone_hist.s2.pathway0_res0.branch2.b_bn, backbone_hist.s2.pathway0_res0.branch2.b_relu, backbone_hist.s2.pathway0_res0.branch2.c, backbone_hist.s2.pathway0_res0.branch2.c_bn, backbone_hist.s2.pathway0_res0.relu, backbone_hist.s2.pathway0_res1, backbone_hist.s2.pathway0_res1.branch2, backbone_hist.s2.pathway0_res1.branch2.a, backbone_hist.s2.pathway0_res1.branch2.a_bn, backbone_hist.s2.pathway0_res1.branch2.a_relu, backbone_hist.s2.pathway0_res1.branch2.b, backbone_hist.s2.pathway0_res1.branch2.b_bn, backbone_hist.s2.pathway0_res1.branch2.b_relu, backbone_hist.s2.pathway0_res1.branch2.c, backbone_hist.s2.pathway0_res1.branch2.c_bn, backbone_hist.s2.pathway0_res1.relu, backbone_hist.s2.pathway0_res2, backbone_hist.s2.pathway0_res2.branch2, backbone_hist.s2.pathway0_res2.branch2.a, backbone_hist.s2.pathway0_res2.branch2.a_bn, backbone_hist.s2.pathway0_res2.branch2.a_relu, backbone_hist.s2.pathway0_res2.branch2.b, backbone_hist.s2.pathway0_res2.branch2.b_bn, backbone_hist.s2.pathway0_res2.branch2.b_relu, backbone_hist.s2.pathway0_res2.branch2.c, backbone_hist.s2.pathway0_res2.branch2.c_bn, backbone_hist.s2.pathway0_res2.relu, backbone_hist.s3, backbone_hist.s3.pathway0_res0, backbone_hist.s3.pathway0_res0.branch1, backbone_hist.s3.pathway0_res0.branch1_bn, backbone_hist.s3.pathway0_res0.branch2, backbone_hist.s3.pathway0_res0.branch2.a, backbone_hist.s3.pathway0_res0.branch2.a_bn, backbone_hist.s3.pathway0_res0.branch2.a_relu, backbone_hist.s3.pathway0_res0.branch2.b, backbone_hist.s3.pathway0_res0.branch2.b_bn, backbone_hist.s3.pathway0_res0.branch2.b_relu, backbone_hist.s3.pathway0_res0.branch2.c, backbone_hist.s3.pathway0_res0.branch2.c_bn, backbone_hist.s3.pathway0_res0.relu, backbone_hist.s3.pathway0_res1, backbone_hist.s3.pathway0_res1.branch2, backbone_hist.s3.pathway0_res1.branch2.a, backbone_hist.s3.pathway0_res1.branch2.a_bn, backbone_hist.s3.pathway0_res1.branch2.a_relu, backbone_hist.s3.pathway0_res1.branch2.b, backbone_hist.s3.pathway0_res1.branch2.b_bn, backbone_hist.s3.pathway0_res1.branch2.b_relu, backbone_hist.s3.pathway0_res1.branch2.c, backbone_hist.s3.pathway0_res1.branch2.c_bn, backbone_hist.s3.pathway0_res1.relu, backbone_hist.s3.pathway0_res2, backbone_hist.s3.pathway0_res2.branch2, backbone_hist.s3.pathway0_res2.branch2.a, backbone_hist.s3.pathway0_res2.branch2.a_bn, backbone_hist.s3.pathway0_res2.branch2.a_relu, backbone_hist.s3.pathway0_res2.branch2.b, backbone_hist.s3.pathway0_res2.branch2.b_bn, backbone_hist.s3.pathway0_res2.branch2.b_relu, backbone_hist.s3.pathway0_res2.branch2.c, backbone_hist.s3.pathway0_res2.branch2.c_bn, backbone_hist.s3.pathway0_res2.relu, backbone_hist.s3.pathway0_res3, backbone_hist.s3.pathway0_res3.branch2, backbone_hist.s3.pathway0_res3.branch2.a, backbone_hist.s3.pathway0_res3.branch2.a_bn, backbone_hist.s3.pathway0_res3.branch2.a_relu, backbone_hist.s3.pathway0_res3.branch2.b, backbone_hist.s3.pathway0_res3.branch2.b_bn, backbone_hist.s3.pathway0_res3.branch2.b_relu, backbone_hist.s3.pathway0_res3.branch2.c, backbone_hist.s3.pathway0_res3.branch2.c_bn, backbone_hist.s3.pathway0_res3.relu, backbone_hist.s4, backbone_hist.s4.pathway0_res0, backbone_hist.s4.pathway0_res0.branch1, backbone_hist.s4.pathway0_res0.branch1_bn, backbone_hist.s4.pathway0_res0.branch2, backbone_hist.s4.pathway0_res0.branch2.a, backbone_hist.s4.pathway0_res0.branch2.a_bn, backbone_hist.s4.pathway0_res0.branch2.a_relu, backbone_hist.s4.pathway0_res0.branch2.b, backbone_hist.s4.pathway0_res0.branch2.b_bn, backbone_hist.s4.pathway0_res0.branch2.b_relu, backbone_hist.s4.pathway0_res0.branch2.c, backbone_hist.s4.pathway0_res0.branch2.c_bn, backbone_hist.s4.pathway0_res0.relu, backbone_hist.s4.pathway0_res1, backbone_hist.s4.pathway0_res1.branch2, backbone_hist.s4.pathway0_res1.branch2.a, backbone_hist.s4.pathway0_res1.branch2.a_bn, backbone_hist.s4.pathway0_res1.branch2.a_relu, backbone_hist.s4.pathway0_res1.branch2.b, backbone_hist.s4.pathway0_res1.branch2.b_bn, backbone_hist.s4.pathway0_res1.branch2.b_relu, backbone_hist.s4.pathway0_res1.branch2.c, backbone_hist.s4.pathway0_res1.branch2.c_bn, backbone_hist.s4.pathway0_res1.relu, backbone_hist.s4.pathway0_res2, backbone_hist.s4.pathway0_res2.branch2, backbone_hist.s4.pathway0_res2.branch2.a, backbone_hist.s4.pathway0_res2.branch2.a_bn, backbone_hist.s4.pathway0_res2.branch2.a_relu, backbone_hist.s4.pathway0_res2.branch2.b, backbone_hist.s4.pathway0_res2.branch2.b_bn, backbone_hist.s4.pathway0_res2.branch2.b_relu, backbone_hist.s4.pathway0_res2.branch2.c, backbone_hist.s4.pathway0_res2.branch2.c_bn, backbone_hist.s4.pathway0_res2.relu, backbone_hist.s4.pathway0_res3, backbone_hist.s4.pathway0_res3.branch2, backbone_hist.s4.pathway0_res3.branch2.a, backbone_hist.s4.pathway0_res3.branch2.a_bn, backbone_hist.s4.pathway0_res3.branch2.a_relu, backbone_hist.s4.pathway0_res3.branch2.b, backbone_hist.s4.pathway0_res3.branch2.b_bn, backbone_hist.s4.pathway0_res3.branch2.b_relu, backbone_hist.s4.pathway0_res3.branch2.c, backbone_hist.s4.pathway0_res3.branch2.c_bn, backbone_hist.s4.pathway0_res3.relu, backbone_hist.s4.pathway0_res4, backbone_hist.s4.pathway0_res4.branch2, backbone_hist.s4.pathway0_res4.branch2.a, backbone_hist.s4.pathway0_res4.branch2.a_bn, backbone_hist.s4.pathway0_res4.branch2.a_relu, backbone_hist.s4.pathway0_res4.branch2.b, backbone_hist.s4.pathway0_res4.branch2.b_bn, backbone_hist.s4.pathway0_res4.branch2.b_relu, backbone_hist.s4.pathway0_res4.branch2.c, backbone_hist.s4.pathway0_res4.branch2.c_bn, backbone_hist.s4.pathway0_res4.relu, backbone_hist.s4.pathway0_res5, backbone_hist.s4.pathway0_res5.branch2, backbone_hist.s4.pathway0_res5.branch2.a, backbone_hist.s4.pathway0_res5.branch2.a_bn, backbone_hist.s4.pathway0_res5.branch2.a_relu, backbone_hist.s4.pathway0_res5.branch2.b, backbone_hist.s4.pathway0_res5.branch2.b_bn, backbone_hist.s4.pathway0_res5.branch2.b_relu, backbone_hist.s4.pathway0_res5.branch2.c, backbone_hist.s4.pathway0_res5.branch2.c_bn, backbone_hist.s4.pathway0_res5.relu, backbone_hist.s5, backbone_hist.s5.pathway0_res0, backbone_hist.s5.pathway0_res0.branch1, backbone_hist.s5.pathway0_res0.branch1_bn, backbone_hist.s5.pathway0_res0.branch2, backbone_hist.s5.pathway0_res0.branch2.a, backbone_hist.s5.pathway0_res0.branch2.a_bn, backbone_hist.s5.pathway0_res0.branch2.a_relu, backbone_hist.s5.pathway0_res0.branch2.b, backbone_hist.s5.pathway0_res0.branch2.b_bn, backbone_hist.s5.pathway0_res0.branch2.b_relu, backbone_hist.s5.pathway0_res0.branch2.c, backbone_hist.s5.pathway0_res0.branch2.c_bn, backbone_hist.s5.pathway0_res0.relu, backbone_hist.s5.pathway0_res1, backbone_hist.s5.pathway0_res1.branch2, backbone_hist.s5.pathway0_res1.branch2.a, backbone_hist.s5.pathway0_res1.branch2.a_bn, backbone_hist.s5.pathway0_res1.branch2.a_relu, backbone_hist.s5.pathway0_res1.branch2.b, backbone_hist.s5.pathway0_res1.branch2.b_bn, backbone_hist.s5.pathway0_res1.branch2.b_relu, backbone_hist.s5.pathway0_res1.branch2.c, backbone_hist.s5.pathway0_res1.branch2.c_bn, backbone_hist.s5.pathway0_res1.relu, backbone_hist.s5.pathway0_res2, backbone_hist.s5.pathway0_res2.branch2, backbone_hist.s5.pathway0_res2.branch2.a, backbone_hist.s5.pathway0_res2.branch2.a_bn, backbone_hist.s5.pathway0_res2.branch2.a_relu, backbone_hist.s5.pathway0_res2.branch2.b, backbone_hist.s5.pathway0_res2.branch2.b_bn, backbone_hist.s5.pathway0_res2.branch2.b_relu, backbone_hist.s5.pathway0_res2.branch2.c, backbone_hist.s5.pathway0_res2.branch2.c_bn, backbone_hist.s5.pathway0_res2.relu, knn_mem, knn_mem.l2_norm, knn_mem.l2_norm2d, l2_norm, nce_loss_fun, softmax
[03/02 00:09:38][INFO] misc.py:  190: Flops: 7.708639232 G
[03/02 00:09:38][WARNING] jit_analysis.py:  499: Unsupported operator aten::batch_norm encountered 54 time(s)
[03/02 00:09:38][WARNING] jit_analysis.py:  499: Unsupported operator aten::max_pool3d encountered 2 time(s)
[03/02 00:09:38][WARNING] jit_analysis.py:  499: Unsupported operator aten::add encountered 16 time(s)
[03/02 00:09:38][WARNING] jit_analysis.py:  499: Unsupported operator aten::adaptive_avg_pool3d encountered 1 time(s)
[03/02 00:09:38][WARNING] jit_analysis.py:  511: The following submodules of the model were never called during the trace of the graph. They may be unused, or they were accessed by direct calls to .forward() or via other python methods. In the latter case they will have zeros for statistics, though their statistics will still contribute to their parent calling module.
backbone.head.predictors.0, backbone.head.predictors.0.projection, backbone.head.predictors.0.projection.0, backbone.head.predictors.0.projection.1, backbone.head.predictors.0.projection.2, backbone.head.predictors.0.projection.3, backbone_hist, backbone_hist.head, backbone_hist.head.pathway0_avgpool, backbone_hist.head.predictors.0, backbone_hist.head.predictors.0.projection, backbone_hist.head.predictors.0.projection.0, backbone_hist.head.predictors.0.projection.1, backbone_hist.head.predictors.0.projection.2, backbone_hist.head.predictors.0.projection.3, backbone_hist.head.projection, backbone_hist.head.projection.projection, backbone_hist.head.projection.projection.0, backbone_hist.head.projection.projection.1, backbone_hist.head.projection.projection.2, backbone_hist.head.projection.projection.3, backbone_hist.pathway0_pool, backbone_hist.s1, backbone_hist.s1.pathway0_stem, backbone_hist.s1.pathway0_stem.bn, backbone_hist.s1.pathway0_stem.conv, backbone_hist.s1.pathway0_stem.pool_layer, backbone_hist.s1.pathway0_stem.relu, backbone_hist.s2, backbone_hist.s2.pathway0_res0, backbone_hist.s2.pathway0_res0.branch1, backbone_hist.s2.pathway0_res0.branch1_bn, backbone_hist.s2.pathway0_res0.branch2, backbone_hist.s2.pathway0_res0.branch2.a, backbone_hist.s2.pathway0_res0.branch2.a_bn, backbone_hist.s2.pathway0_res0.branch2.a_relu, backbone_hist.s2.pathway0_res0.branch2.b, backbone_hist.s2.pathway0_res0.branch2.b_bn, backbone_hist.s2.pathway0_res0.branch2.b_relu, backbone_hist.s2.pathway0_res0.branch2.c, backbone_hist.s2.pathway0_res0.branch2.c_bn, backbone_hist.s2.pathway0_res0.relu, backbone_hist.s2.pathway0_res1, backbone_hist.s2.pathway0_res1.branch2, backbone_hist.s2.pathway0_res1.branch2.a, backbone_hist.s2.pathway0_res1.branch2.a_bn, backbone_hist.s2.pathway0_res1.branch2.a_relu, backbone_hist.s2.pathway0_res1.branch2.b, backbone_hist.s2.pathway0_res1.branch2.b_bn, backbone_hist.s2.pathway0_res1.branch2.b_relu, backbone_hist.s2.pathway0_res1.branch2.c, backbone_hist.s2.pathway0_res1.branch2.c_bn, backbone_hist.s2.pathway0_res1.relu, backbone_hist.s2.pathway0_res2, backbone_hist.s2.pathway0_res2.branch2, backbone_hist.s2.pathway0_res2.branch2.a, backbone_hist.s2.pathway0_res2.branch2.a_bn, backbone_hist.s2.pathway0_res2.branch2.a_relu, backbone_hist.s2.pathway0_res2.branch2.b, backbone_hist.s2.pathway0_res2.branch2.b_bn, backbone_hist.s2.pathway0_res2.branch2.b_relu, backbone_hist.s2.pathway0_res2.branch2.c, backbone_hist.s2.pathway0_res2.branch2.c_bn, backbone_hist.s2.pathway0_res2.relu, backbone_hist.s3, backbone_hist.s3.pathway0_res0, backbone_hist.s3.pathway0_res0.branch1, backbone_hist.s3.pathway0_res0.branch1_bn, backbone_hist.s3.pathway0_res0.branch2, backbone_hist.s3.pathway0_res0.branch2.a, backbone_hist.s3.pathway0_res0.branch2.a_bn, backbone_hist.s3.pathway0_res0.branch2.a_relu, backbone_hist.s3.pathway0_res0.branch2.b, backbone_hist.s3.pathway0_res0.branch2.b_bn, backbone_hist.s3.pathway0_res0.branch2.b_relu, backbone_hist.s3.pathway0_res0.branch2.c, backbone_hist.s3.pathway0_res0.branch2.c_bn, backbone_hist.s3.pathway0_res0.relu, backbone_hist.s3.pathway0_res1, backbone_hist.s3.pathway0_res1.branch2, backbone_hist.s3.pathway0_res1.branch2.a, backbone_hist.s3.pathway0_res1.branch2.a_bn, backbone_hist.s3.pathway0_res1.branch2.a_relu, backbone_hist.s3.pathway0_res1.branch2.b, backbone_hist.s3.pathway0_res1.branch2.b_bn, backbone_hist.s3.pathway0_res1.branch2.b_relu, backbone_hist.s3.pathway0_res1.branch2.c, backbone_hist.s3.pathway0_res1.branch2.c_bn, backbone_hist.s3.pathway0_res1.relu, backbone_hist.s3.pathway0_res2, backbone_hist.s3.pathway0_res2.branch2, backbone_hist.s3.pathway0_res2.branch2.a, backbone_hist.s3.pathway0_res2.branch2.a_bn, backbone_hist.s3.pathway0_res2.branch2.a_relu, backbone_hist.s3.pathway0_res2.branch2.b, backbone_hist.s3.pathway0_res2.branch2.b_bn, backbone_hist.s3.pathway0_res2.branch2.b_relu, backbone_hist.s3.pathway0_res2.branch2.c, backbone_hist.s3.pathway0_res2.branch2.c_bn, backbone_hist.s3.pathway0_res2.relu, backbone_hist.s3.pathway0_res3, backbone_hist.s3.pathway0_res3.branch2, backbone_hist.s3.pathway0_res3.branch2.a, backbone_hist.s3.pathway0_res3.branch2.a_bn, backbone_hist.s3.pathway0_res3.branch2.a_relu, backbone_hist.s3.pathway0_res3.branch2.b, backbone_hist.s3.pathway0_res3.branch2.b_bn, backbone_hist.s3.pathway0_res3.branch2.b_relu, backbone_hist.s3.pathway0_res3.branch2.c, backbone_hist.s3.pathway0_res3.branch2.c_bn, backbone_hist.s3.pathway0_res3.relu, backbone_hist.s4, backbone_hist.s4.pathway0_res0, backbone_hist.s4.pathway0_res0.branch1, backbone_hist.s4.pathway0_res0.branch1_bn, backbone_hist.s4.pathway0_res0.branch2, backbone_hist.s4.pathway0_res0.branch2.a, backbone_hist.s4.pathway0_res0.branch2.a_bn, backbone_hist.s4.pathway0_res0.branch2.a_relu, backbone_hist.s4.pathway0_res0.branch2.b, backbone_hist.s4.pathway0_res0.branch2.b_bn, backbone_hist.s4.pathway0_res0.branch2.b_relu, backbone_hist.s4.pathway0_res0.branch2.c, backbone_hist.s4.pathway0_res0.branch2.c_bn, backbone_hist.s4.pathway0_res0.relu, backbone_hist.s4.pathway0_res1, backbone_hist.s4.pathway0_res1.branch2, backbone_hist.s4.pathway0_res1.branch2.a, backbone_hist.s4.pathway0_res1.branch2.a_bn, backbone_hist.s4.pathway0_res1.branch2.a_relu, backbone_hist.s4.pathway0_res1.branch2.b, backbone_hist.s4.pathway0_res1.branch2.b_bn, backbone_hist.s4.pathway0_res1.branch2.b_relu, backbone_hist.s4.pathway0_res1.branch2.c, backbone_hist.s4.pathway0_res1.branch2.c_bn, backbone_hist.s4.pathway0_res1.relu, backbone_hist.s4.pathway0_res2, backbone_hist.s4.pathway0_res2.branch2, backbone_hist.s4.pathway0_res2.branch2.a, backbone_hist.s4.pathway0_res2.branch2.a_bn, backbone_hist.s4.pathway0_res2.branch2.a_relu, backbone_hist.s4.pathway0_res2.branch2.b, backbone_hist.s4.pathway0_res2.branch2.b_bn, backbone_hist.s4.pathway0_res2.branch2.b_relu, backbone_hist.s4.pathway0_res2.branch2.c, backbone_hist.s4.pathway0_res2.branch2.c_bn, backbone_hist.s4.pathway0_res2.relu, backbone_hist.s4.pathway0_res3, backbone_hist.s4.pathway0_res3.branch2, backbone_hist.s4.pathway0_res3.branch2.a, backbone_hist.s4.pathway0_res3.branch2.a_bn, backbone_hist.s4.pathway0_res3.branch2.a_relu, backbone_hist.s4.pathway0_res3.branch2.b, backbone_hist.s4.pathway0_res3.branch2.b_bn, backbone_hist.s4.pathway0_res3.branch2.b_relu, backbone_hist.s4.pathway0_res3.branch2.c, backbone_hist.s4.pathway0_res3.branch2.c_bn, backbone_hist.s4.pathway0_res3.relu, backbone_hist.s4.pathway0_res4, backbone_hist.s4.pathway0_res4.branch2, backbone_hist.s4.pathway0_res4.branch2.a, backbone_hist.s4.pathway0_res4.branch2.a_bn, backbone_hist.s4.pathway0_res4.branch2.a_relu, backbone_hist.s4.pathway0_res4.branch2.b, backbone_hist.s4.pathway0_res4.branch2.b_bn, backbone_hist.s4.pathway0_res4.branch2.b_relu, backbone_hist.s4.pathway0_res4.branch2.c, backbone_hist.s4.pathway0_res4.branch2.c_bn, backbone_hist.s4.pathway0_res4.relu, backbone_hist.s4.pathway0_res5, backbone_hist.s4.pathway0_res5.branch2, backbone_hist.s4.pathway0_res5.branch2.a, backbone_hist.s4.pathway0_res5.branch2.a_bn, backbone_hist.s4.pathway0_res5.branch2.a_relu, backbone_hist.s4.pathway0_res5.branch2.b, backbone_hist.s4.pathway0_res5.branch2.b_bn, backbone_hist.s4.pathway0_res5.branch2.b_relu, backbone_hist.s4.pathway0_res5.branch2.c, backbone_hist.s4.pathway0_res5.branch2.c_bn, backbone_hist.s4.pathway0_res5.relu, backbone_hist.s5, backbone_hist.s5.pathway0_res0, backbone_hist.s5.pathway0_res0.branch1, backbone_hist.s5.pathway0_res0.branch1_bn, backbone_hist.s5.pathway0_res0.branch2, backbone_hist.s5.pathway0_res0.branch2.a, backbone_hist.s5.pathway0_res0.branch2.a_bn, backbone_hist.s5.pathway0_res0.branch2.a_relu, backbone_hist.s5.pathway0_res0.branch2.b, backbone_hist.s5.pathway0_res0.branch2.b_bn, backbone_hist.s5.pathway0_res0.branch2.b_relu, backbone_hist.s5.pathway0_res0.branch2.c, backbone_hist.s5.pathway0_res0.branch2.c_bn, backbone_hist.s5.pathway0_res0.relu, backbone_hist.s5.pathway0_res1, backbone_hist.s5.pathway0_res1.branch2, backbone_hist.s5.pathway0_res1.branch2.a, backbone_hist.s5.pathway0_res1.branch2.a_bn, backbone_hist.s5.pathway0_res1.branch2.a_relu, backbone_hist.s5.pathway0_res1.branch2.b, backbone_hist.s5.pathway0_res1.branch2.b_bn, backbone_hist.s5.pathway0_res1.branch2.b_relu, backbone_hist.s5.pathway0_res1.branch2.c, backbone_hist.s5.pathway0_res1.branch2.c_bn, backbone_hist.s5.pathway0_res1.relu, backbone_hist.s5.pathway0_res2, backbone_hist.s5.pathway0_res2.branch2, backbone_hist.s5.pathway0_res2.branch2.a, backbone_hist.s5.pathway0_res2.branch2.a_bn, backbone_hist.s5.pathway0_res2.branch2.a_relu, backbone_hist.s5.pathway0_res2.branch2.b, backbone_hist.s5.pathway0_res2.branch2.b_bn, backbone_hist.s5.pathway0_res2.branch2.b_relu, backbone_hist.s5.pathway0_res2.branch2.c, backbone_hist.s5.pathway0_res2.branch2.c_bn, backbone_hist.s5.pathway0_res2.relu, knn_mem, knn_mem.l2_norm, knn_mem.l2_norm2d, l2_norm, nce_loss_fun, softmax
[03/02 00:09:38][INFO] misc.py:  191: Activations: 16.335104 M
[03/02 00:09:38][INFO] misc.py:  194: nvidia-smi
Thu Mar  2 00:09:38 2023       
+-----------------------------------------------------------------------------+
| NVIDIA-SMI 510.39.01    Driver Version: 510.39.01    CUDA Version: 11.6     |
|-------------------------------+----------------------+----------------------+
| GPU  Name        Persistence-M| Bus-Id        Disp.A | Volatile Uncorr. ECC |
| Fan  Temp  Perf  Pwr:Usage/Cap|         Memory-Usage | GPU-Util  Compute M. |
|                               |                      |               MIG M. |
|===============================+======================+======================|
|   0  NVIDIA GeForce ...  Off  | 00000000:5E:00.0 Off |                  N/A |
| 22%   26C    P8    15W / 250W |      3MiB / 12288MiB |      0%      Default |
|                               |                      |                  N/A |
+-------------------------------+----------------------+----------------------+
|   1  NVIDIA GeForce ...  Off  | 00000000:B1:00.0 Off |                  N/A |
| 30%   48C    P2   114W / 350W |   7032MiB / 24576MiB |      0%      Default |
|                               |                      |                  N/A |
+-------------------------------+----------------------+----------------------+
|   2  NVIDIA GeForce ...  Off  | 00000000:D9:00.0 Off |                  N/A |
| 30%   31C    P2   102W / 350W |   3453MiB / 24576MiB |      6%      Default |
|                               |                      |                  N/A |
+-------------------------------+----------------------+----------------------+
                                                                               
+-----------------------------------------------------------------------------+
| Processes:                                                                  |
|  GPU   GI   CI        PID   Type   Process name                  GPU Memory |
|        ID   ID                                                   Usage      |
|=============================================================================|
|    1   N/A  N/A   1798442      C                                    5903MiB |
|    1   N/A  N/A   1819689      C   ...da3/envs/torch/bin/python     1127MiB |
|    2   N/A  N/A   2028812      C   ...3/envs/torch10/bin/python     3451MiB |
+-----------------------------------------------------------------------------+
bn 110, non bn 59, zero 0, no grad 169
start_epoch is 0
[03/02 00:09:38][INFO] kinetics.py:   90: Constructing Kinetics train...
here is the path: /home/hong/slowfast/index_files/train.csv
[03/02 00:09:38][INFO] kinetics.py:  146: Constructing kinetics dataloader (size: 2000 skip_rows 0) from /home/hong/slowfast/index_files/train.csv 
[03/02 00:09:38][INFO] kinetics.py:   90: Constructing Kinetics val...
here is the path: /home/hong/slowfast/index_files/val.csv
[03/02 00:09:38][INFO] kinetics.py:  146: Constructing kinetics dataloader (size: 100 skip_rows 0) from /home/hong/slowfast/index_files/val.csv 
[03/02 00:09:38][INFO] contrastive.py:  135: initializing knn labels
[03/02 00:09:38][ERROR] contrastive.py:  148: Kinetics dataloader size: 2000 differs from memorybank length 239975
[03/02 00:09:38][INFO] train_net.py:  628: Start epoch: 1
Failed to decode by pyav with exception: tuple index out of range
[03/02 00:18:16][WARNING] kinetics.py:  325: Failed to decode video idx 658 from /data/hong/k400/reduced/train/XFkykETgkoo_002967_002977.mp4; trial 0
num_retries: 3
Failed to decode by pyav with exception: tuple index out of range
[03/02 00:30:12][WARNING] kinetics.py:  325: Failed to decode video idx 694 from /data/hong/k400/reduced/train/IhanWvpHGu8_001243_001253.mp4; trial 0
num_retries: 3
Failed to decode by pyav with exception: tuple index out of range
[03/02 00:43:41][WARNING] kinetics.py:  325: Failed to decode video idx 749 from /data/hong/k400/reduced/train/BvBVQmm2RcM_000082_000092.mp4; trial 0
num_retries: 3
Failed to decode by pyav with exception: tuple index out of range
[03/02 00:45:35][WARNING] kinetics.py:  325: Failed to decode video idx 701 from /data/hong/k400/reduced/train/Lw14NH9kAqE_000759_000769.mp4; trial 0
num_retries: 3
[03/02 00:55:18][INFO] train_net.py:  686: Epoch 0 takes 2739.46s. Epochs from 0 to 0 take 2739.46s in average and 2739.46s in median.
[03/02 00:55:18][INFO] train_net.py:  692: For epoch 0, each iteraction takes 88.37s in average. From epoch 0 to 0, each iteraction takes 88.37s in average.
Failed to decode by pyav with exception: tuple index out of range
[03/02 01:02:24][WARNING] kinetics.py:  325: Failed to decode video idx 694 from /data/hong/k400/reduced/train/IhanWvpHGu8_001243_001253.mp4; trial 0
num_retries: 3
Failed to decode by pyav with exception: tuple index out of range
[03/02 01:16:14][WARNING] kinetics.py:  325: Failed to decode video idx 658 from /data/hong/k400/reduced/train/XFkykETgkoo_002967_002977.mp4; trial 0
num_retries: 3
Failed to decode by pyav with exception: tuple index out of range
[03/02 01:29:00][WARNING] kinetics.py:  325: Failed to decode video idx 701 from /data/hong/k400/reduced/train/Lw14NH9kAqE_000759_000769.mp4; trial 0
num_retries: 3
Failed to decode by pyav with exception: tuple index out of range
[03/02 01:31:19][WARNING] kinetics.py:  325: Failed to decode video idx 749 from /data/hong/k400/reduced/train/BvBVQmm2RcM_000082_000092.mp4; trial 0
num_retries: 3
[03/02 01:40:35][INFO] train_net.py:  686: Epoch 1 takes 2717.24s. Epochs from 0 to 1 take 2728.35s in average and 2728.35s in median.
[03/02 01:40:35][INFO] train_net.py:  692: For epoch 1, each iteraction takes 87.65s in average. From epoch 0 to 1, each iteraction takes 88.01s in average.
Failed to decode by pyav with exception: tuple index out of range
[03/02 02:04:26][WARNING] kinetics.py:  325: Failed to decode video idx 749 from /data/hong/k400/reduced/train/BvBVQmm2RcM_000082_000092.mp4; trial 0
num_retries: 3
Failed to decode by pyav with exception: tuple index out of range
[03/02 02:06:34][WARNING] kinetics.py:  325: Failed to decode video idx 694 from /data/hong/k400/reduced/train/IhanWvpHGu8_001243_001253.mp4; trial 0
num_retries: 3
Failed to decode by pyav with exception: tuple index out of range
[03/02 02:17:15][WARNING] kinetics.py:  325: Failed to decode video idx 658 from /data/hong/k400/reduced/train/XFkykETgkoo_002967_002977.mp4; trial 0
num_retries: 3
Failed to decode by pyav with exception: tuple index out of range
[03/02 02:17:24][WARNING] kinetics.py:  325: Failed to decode video idx 701 from /data/hong/k400/reduced/train/Lw14NH9kAqE_000759_000769.mp4; trial 0
num_retries: 3
[03/02 02:26:08][INFO] train_net.py:  686: Epoch 2 takes 2732.73s. Epochs from 0 to 2 take 2729.81s in average and 2732.73s in median.
[03/02 02:26:08][INFO] train_net.py:  692: For epoch 2, each iteraction takes 88.15s in average. From epoch 0 to 2, each iteraction takes 88.06s in average.
Failed to decode by pyav with exception: tuple index out of range
[03/02 02:31:51][WARNING] kinetics.py:  325: Failed to decode video idx 694 from /data/hong/k400/reduced/train/IhanWvpHGu8_001243_001253.mp4; trial 0
num_retries: 3
Failed to decode by pyav with exception: tuple index out of range
[03/02 02:42:02][WARNING] kinetics.py:  325: Failed to decode video idx 749 from /data/hong/k400/reduced/train/BvBVQmm2RcM_000082_000092.mp4; trial 0
num_retries: 3
Failed to decode by pyav with exception: tuple index out of range
[03/02 02:42:51][WARNING] kinetics.py:  325: Failed to decode video idx 701 from /data/hong/k400/reduced/train/Lw14NH9kAqE_000759_000769.mp4; trial 0
num_retries: 3
Failed to decode by pyav with exception: tuple index out of range
[03/02 02:54:52][WARNING] kinetics.py:  325: Failed to decode video idx 658 from /data/hong/k400/reduced/train/XFkykETgkoo_002967_002977.mp4; trial 0
num_retries: 3
Failed to decode by pyav with exception: tuple index out of range
[03/02 02:54:52][WARNING] kinetics.py:  325: Failed to decode video idx 658 from /data/hong/k400/reduced/train/XFkykETgkoo_002967_002977.mp4; trial 1
num_retries: 3
[03/02 03:10:57][INFO] train_net.py:  686: Epoch 3 takes 2689.09s. Epochs from 0 to 3 take 2719.63s in average and 2724.98s in median.
[03/02 03:10:57][INFO] train_net.py:  692: For epoch 3, each iteraction takes 86.74s in average. From epoch 0 to 3, each iteraction takes 87.73s in average.
Failed to decode by pyav with exception: tuple index out of range
[03/02 03:20:02][WARNING] kinetics.py:  325: Failed to decode video idx 701 from /data/hong/k400/reduced/train/Lw14NH9kAqE_000759_000769.mp4; trial 0
num_retries: 3
Failed to decode by pyav with exception: tuple index out of range
[03/02 03:21:38][WARNING] kinetics.py:  325: Failed to decode video idx 749 from /data/hong/k400/reduced/train/BvBVQmm2RcM_000082_000092.mp4; trial 0
num_retries: 3
Failed to decode by pyav with exception: tuple index out of range
[03/02 03:33:41][WARNING] kinetics.py:  325: Failed to decode video idx 658 from /data/hong/k400/reduced/train/XFkykETgkoo_002967_002977.mp4; trial 0
num_retries: 3
Failed to decode by pyav with exception: tuple index out of range
[03/02 03:45:07][WARNING] kinetics.py:  325: Failed to decode video idx 694 from /data/hong/k400/reduced/train/IhanWvpHGu8_001243_001253.mp4; trial 0
num_retries: 3
[03/02 03:55:39][INFO] train_net.py:  686: Epoch 4 takes 2681.94s. Epochs from 0 to 4 take 2712.09s in average and 2717.24s in median.
[03/02 03:55:39][INFO] train_net.py:  692: For epoch 4, each iteraction takes 86.51s in average. From epoch 0 to 4, each iteraction takes 87.49s in average.
Failed to decode by pyav with exception: tuple index out of range
[03/02 03:55:43][WARNING] kinetics.py:  325: Failed to decode video idx 694 from /data/hong/k400/reduced/train/IhanWvpHGu8_001243_001253.mp4; trial 0
num_retries: 3
Failed to decode by pyav with exception: tuple index out of range
[03/02 04:07:58][WARNING] kinetics.py:  325: Failed to decode video idx 749 from /data/hong/k400/reduced/train/BvBVQmm2RcM_000082_000092.mp4; trial 0
num_retries: 3
Failed to decode by pyav with exception: tuple index out of range
[03/02 04:15:53][WARNING] kinetics.py:  325: Failed to decode video idx 701 from /data/hong/k400/reduced/train/Lw14NH9kAqE_000759_000769.mp4; trial 0
num_retries: 3
Failed to decode by pyav with exception: tuple index out of range
[03/02 04:34:00][WARNING] kinetics.py:  325: Failed to decode video idx 658 from /data/hong/k400/reduced/train/XFkykETgkoo_002967_002977.mp4; trial 0
num_retries: 3
[03/02 04:40:39][INFO] train_net.py:  686: Epoch 5 takes 2700.41s. Epochs from 0 to 5 take 2710.15s in average and 2708.82s in median.
[03/02 04:40:39][INFO] train_net.py:  692: For epoch 5, each iteraction takes 87.11s in average. From epoch 0 to 5, each iteraction takes 87.42s in average.
Failed to decode by pyav with exception: tuple index out of range
[03/02 04:47:52][WARNING] kinetics.py:  325: Failed to decode video idx 701 from /data/hong/k400/reduced/train/Lw14NH9kAqE_000759_000769.mp4; trial 0
num_retries: 3
Failed to decode by pyav with exception: tuple index out of range
[03/02 05:00:01][WARNING] kinetics.py:  325: Failed to decode video idx 749 from /data/hong/k400/reduced/train/BvBVQmm2RcM_000082_000092.mp4; trial 0
num_retries: 3
Failed to decode by pyav with exception: tuple index out of range
[03/02 05:00:02][WARNING] kinetics.py:  325: Failed to decode video idx 749 from /data/hong/k400/reduced/train/BvBVQmm2RcM_000082_000092.mp4; trial 1
num_retries: 3
Failed to decode by pyav with exception: tuple index out of range
[03/02 05:03:22][WARNING] kinetics.py:  325: Failed to decode video idx 658 from /data/hong/k400/reduced/train/XFkykETgkoo_002967_002977.mp4; trial 0
num_retries: 3
Failed to decode by pyav with exception: tuple index out of range
[03/02 05:05:39][WARNING] kinetics.py:  325: Failed to decode video idx 694 from /data/hong/k400/reduced/train/IhanWvpHGu8_001243_001253.mp4; trial 0
num_retries: 3
[03/02 05:25:05][INFO] train_net.py:  686: Epoch 6 takes 2665.90s. Epochs from 0 to 6 take 2703.82s in average and 2700.41s in median.
[03/02 05:25:05][INFO] train_net.py:  692: For epoch 6, each iteraction takes 86.00s in average. From epoch 0 to 6, each iteraction takes 87.22s in average.
Failed to decode by pyav with exception: tuple index out of range
[03/02 05:33:45][WARNING] kinetics.py:  325: Failed to decode video idx 694 from /data/hong/k400/reduced/train/IhanWvpHGu8_001243_001253.mp4; trial 0
num_retries: 3
Failed to decode by pyav with exception: tuple index out of range
[03/02 05:38:46][WARNING] kinetics.py:  325: Failed to decode video idx 749 from /data/hong/k400/reduced/train/BvBVQmm2RcM_000082_000092.mp4; trial 0
num_retries: 3
Failed to decode by pyav with exception: tuple index out of range
[03/02 05:50:17][WARNING] kinetics.py:  325: Failed to decode video idx 701 from /data/hong/k400/reduced/train/Lw14NH9kAqE_000759_000769.mp4; trial 0
num_retries: 3
Failed to decode by pyav with exception: tuple index out of range
[03/02 05:59:35][WARNING] kinetics.py:  325: Failed to decode video idx 658 from /data/hong/k400/reduced/train/XFkykETgkoo_002967_002977.mp4; trial 0
num_retries: 3
[03/02 06:09:50][INFO] train_net.py:  686: Epoch 7 takes 2684.61s. Epochs from 0 to 7 take 2701.42s in average and 2694.75s in median.
[03/02 06:09:50][INFO] train_net.py:  692: For epoch 7, each iteraction takes 86.60s in average. From epoch 0 to 7, each iteraction takes 87.14s in average.
Failed to decode by pyav with exception: tuple index out of range
[03/02 06:51:13][WARNING] kinetics.py:  325: Failed to decode video idx 658 from /data/hong/k400/reduced/train/XFkykETgkoo_002967_002977.mp4; trial 0
num_retries: 3
Failed to decode by pyav with exception: tuple index out of range
[03/02 06:51:50][WARNING] kinetics.py:  325: Failed to decode video idx 701 from /data/hong/k400/reduced/train/Lw14NH9kAqE_000759_000769.mp4; trial 0
num_retries: 3
Failed to decode by pyav with exception: tuple index out of range
[03/02 06:52:22][WARNING] kinetics.py:  325: Failed to decode video idx 694 from /data/hong/k400/reduced/train/IhanWvpHGu8_001243_001253.mp4; trial 0
num_retries: 3
Failed to decode by pyav with exception: tuple index out of range
[03/02 06:53:27][WARNING] kinetics.py:  325: Failed to decode video idx 749 from /data/hong/k400/reduced/train/BvBVQmm2RcM_000082_000092.mp4; trial 0
num_retries: 3
[03/02 06:54:22][INFO] train_net.py:  686: Epoch 8 takes 2672.13s. Epochs from 0 to 8 take 2698.17s in average and 2689.09s in median.
[03/02 06:54:22][INFO] train_net.py:  692: For epoch 8, each iteraction takes 86.20s in average. From epoch 0 to 8, each iteraction takes 87.04s in average.
Failed to decode by pyav with exception: tuple index out of range
[03/02 07:08:17][WARNING] kinetics.py:  325: Failed to decode video idx 694 from /data/hong/k400/reduced/train/IhanWvpHGu8_001243_001253.mp4; trial 0
num_retries: 3
Failed to decode by pyav with exception: tuple index out of range
[03/02 07:13:16][WARNING] kinetics.py:  325: Failed to decode video idx 701 from /data/hong/k400/reduced/train/Lw14NH9kAqE_000759_000769.mp4; trial 0
num_retries: 3
Failed to decode by pyav with exception: tuple index out of range
[03/02 07:18:59][WARNING] kinetics.py:  325: Failed to decode video idx 658 from /data/hong/k400/reduced/train/XFkykETgkoo_002967_002977.mp4; trial 0
num_retries: 3
Failed to decode by pyav with exception: tuple index out of range
[03/02 07:26:25][WARNING] kinetics.py:  325: Failed to decode video idx 749 from /data/hong/k400/reduced/train/BvBVQmm2RcM_000082_000092.mp4; trial 0
num_retries: 3
[03/02 07:39:15][INFO] train_net.py:  686: Epoch 9 takes 2693.78s. Epochs from 0 to 9 take 2697.73s in average and 2691.44s in median.
[03/02 07:39:15][INFO] train_net.py:  692: For epoch 9, each iteraction takes 86.90s in average. From epoch 0 to 9, each iteraction takes 87.02s in average.
[03/02 07:39:16][INFO] train_net.py:  762: training done: _p86.37_f7.71 _t44.86_m9.28 _a0.00 Top5 Acc: 0.00 MEM: 9.28 f: 7.7086
