config files: ['configs/contrastive_ssl/custom_BYOL_SlowR50_8x8.yaml']
num gpus: 1
[03/02 07:39:22][INFO] train_net.py:  542: Train with config:
[03/02 07:39:28][INFO] misc.py:  185: Model:
ContrastiveModel(
  (backbone): ResNet(
    (s1): VideoModelStem(
      (pathway0_stem): ResNetBasicStem(
        (conv): Conv3d(3, 64, kernel_size=(1, 7, 7), stride=(1, 2, 2), padding=(0, 3, 3), bias=False)
        (bn): NaiveSyncBatchNorm3d(64, eps=1e-05, momentum=0.1, affine=True, track_running_stats=True)
        (relu): ReLU(inplace=True)
        (pool_layer): MaxPool3d(kernel_size=[1, 3, 3], stride=[1, 2, 2], padding=[0, 1, 1], dilation=1, ceil_mode=False)
      )
    )
    (s2): ResStage(
      (pathway0_res0): ResBlock(
        (branch1): Conv3d(64, 256, kernel_size=(1, 1, 1), stride=(1, 1, 1), bias=False)
        (branch1_bn): NaiveSyncBatchNorm3d(256, eps=1e-05, momentum=0.1, affine=True, track_running_stats=True)
        (branch2): BottleneckTransform(
          (a): Conv3d(64, 64, kernel_size=(1, 1, 1), stride=(1, 1, 1), bias=False)
          (a_bn): NaiveSyncBatchNorm3d(64, eps=1e-05, momentum=0.1, affine=True, track_running_stats=True)
          (a_relu): ReLU(inplace=True)
          (b): Conv3d(64, 64, kernel_size=(1, 3, 3), stride=(1, 1, 1), padding=(0, 1, 1), bias=False)
          (b_bn): NaiveSyncBatchNorm3d(64, eps=1e-05, momentum=0.1, affine=True, track_running_stats=True)
          (b_relu): ReLU(inplace=True)
          (c): Conv3d(64, 256, kernel_size=(1, 1, 1), stride=(1, 1, 1), bias=False)
          (c_bn): NaiveSyncBatchNorm3d(256, eps=1e-05, momentum=0.1, affine=True, track_running_stats=True)
        )
        (relu): ReLU(inplace=True)
      )
      (pathway0_res1): ResBlock(
        (branch2): BottleneckTransform(
          (a): Conv3d(256, 64, kernel_size=(1, 1, 1), stride=(1, 1, 1), bias=False)
          (a_bn): NaiveSyncBatchNorm3d(64, eps=1e-05, momentum=0.1, affine=True, track_running_stats=True)
          (a_relu): ReLU(inplace=True)
          (b): Conv3d(64, 64, kernel_size=(1, 3, 3), stride=(1, 1, 1), padding=(0, 1, 1), bias=False)
          (b_bn): NaiveSyncBatchNorm3d(64, eps=1e-05, momentum=0.1, affine=True, track_running_stats=True)
          (b_relu): ReLU(inplace=True)
          (c): Conv3d(64, 256, kernel_size=(1, 1, 1), stride=(1, 1, 1), bias=False)
          (c_bn): NaiveSyncBatchNorm3d(256, eps=1e-05, momentum=0.1, affine=True, track_running_stats=True)
        )
        (relu): ReLU(inplace=True)
      )
      (pathway0_res2): ResBlock(
        (branch2): BottleneckTransform(
          (a): Conv3d(256, 64, kernel_size=(1, 1, 1), stride=(1, 1, 1), bias=False)
          (a_bn): NaiveSyncBatchNorm3d(64, eps=1e-05, momentum=0.1, affine=True, track_running_stats=True)
          (a_relu): ReLU(inplace=True)
          (b): Conv3d(64, 64, kernel_size=(1, 3, 3), stride=(1, 1, 1), padding=(0, 1, 1), bias=False)
          (b_bn): NaiveSyncBatchNorm3d(64, eps=1e-05, momentum=0.1, affine=True, track_running_stats=True)
          (b_relu): ReLU(inplace=True)
          (c): Conv3d(64, 256, kernel_size=(1, 1, 1), stride=(1, 1, 1), bias=False)
          (c_bn): NaiveSyncBatchNorm3d(256, eps=1e-05, momentum=0.1, affine=True, track_running_stats=True)
        )
        (relu): ReLU(inplace=True)
      )
    )
    (pathway0_pool): MaxPool3d(kernel_size=[1, 1, 1], stride=[1, 1, 1], padding=[0, 0, 0], dilation=1, ceil_mode=False)
    (s3): ResStage(
      (pathway0_res0): ResBlock(
        (branch1): Conv3d(256, 512, kernel_size=(1, 1, 1), stride=(1, 2, 2), bias=False)
        (branch1_bn): NaiveSyncBatchNorm3d(512, eps=1e-05, momentum=0.1, affine=True, track_running_stats=True)
        (branch2): BottleneckTransform(
          (a): Conv3d(256, 128, kernel_size=(1, 1, 1), stride=(1, 1, 1), bias=False)
          (a_bn): NaiveSyncBatchNorm3d(128, eps=1e-05, momentum=0.1, affine=True, track_running_stats=True)
          (a_relu): ReLU(inplace=True)
          (b): Conv3d(128, 128, kernel_size=(1, 3, 3), stride=(1, 2, 2), padding=(0, 1, 1), bias=False)
          (b_bn): NaiveSyncBatchNorm3d(128, eps=1e-05, momentum=0.1, affine=True, track_running_stats=True)
          (b_relu): ReLU(inplace=True)
          (c): Conv3d(128, 512, kernel_size=(1, 1, 1), stride=(1, 1, 1), bias=False)
          (c_bn): NaiveSyncBatchNorm3d(512, eps=1e-05, momentum=0.1, affine=True, track_running_stats=True)
        )
        (relu): ReLU(inplace=True)
      )
      (pathway0_res1): ResBlock(
        (branch2): BottleneckTransform(
          (a): Conv3d(512, 128, kernel_size=(1, 1, 1), stride=(1, 1, 1), bias=False)
          (a_bn): NaiveSyncBatchNorm3d(128, eps=1e-05, momentum=0.1, affine=True, track_running_stats=True)
          (a_relu): ReLU(inplace=True)
          (b): Conv3d(128, 128, kernel_size=(1, 3, 3), stride=(1, 1, 1), padding=(0, 1, 1), bias=False)
          (b_bn): NaiveSyncBatchNorm3d(128, eps=1e-05, momentum=0.1, affine=True, track_running_stats=True)
          (b_relu): ReLU(inplace=True)
          (c): Conv3d(128, 512, kernel_size=(1, 1, 1), stride=(1, 1, 1), bias=False)
          (c_bn): NaiveSyncBatchNorm3d(512, eps=1e-05, momentum=0.1, affine=True, track_running_stats=True)
        )
        (relu): ReLU(inplace=True)
      )
      (pathway0_res2): ResBlock(
        (branch2): BottleneckTransform(
          (a): Conv3d(512, 128, kernel_size=(1, 1, 1), stride=(1, 1, 1), bias=False)
          (a_bn): NaiveSyncBatchNorm3d(128, eps=1e-05, momentum=0.1, affine=True, track_running_stats=True)
          (a_relu): ReLU(inplace=True)
          (b): Conv3d(128, 128, kernel_size=(1, 3, 3), stride=(1, 1, 1), padding=(0, 1, 1), bias=False)
          (b_bn): NaiveSyncBatchNorm3d(128, eps=1e-05, momentum=0.1, affine=True, track_running_stats=True)
          (b_relu): ReLU(inplace=True)
          (c): Conv3d(128, 512, kernel_size=(1, 1, 1), stride=(1, 1, 1), bias=False)
          (c_bn): NaiveSyncBatchNorm3d(512, eps=1e-05, momentum=0.1, affine=True, track_running_stats=True)
        )
        (relu): ReLU(inplace=True)
      )
      (pathway0_res3): ResBlock(
        (branch2): BottleneckTransform(
          (a): Conv3d(512, 128, kernel_size=(1, 1, 1), stride=(1, 1, 1), bias=False)
          (a_bn): NaiveSyncBatchNorm3d(128, eps=1e-05, momentum=0.1, affine=True, track_running_stats=True)
          (a_relu): ReLU(inplace=True)
          (b): Conv3d(128, 128, kernel_size=(1, 3, 3), stride=(1, 1, 1), padding=(0, 1, 1), bias=False)
          (b_bn): NaiveSyncBatchNorm3d(128, eps=1e-05, momentum=0.1, affine=True, track_running_stats=True)
          (b_relu): ReLU(inplace=True)
          (c): Conv3d(128, 512, kernel_size=(1, 1, 1), stride=(1, 1, 1), bias=False)
          (c_bn): NaiveSyncBatchNorm3d(512, eps=1e-05, momentum=0.1, affine=True, track_running_stats=True)
        )
        (relu): ReLU(inplace=True)
      )
    )
    (s4): ResStage(
      (pathway0_res0): ResBlock(
        (branch1): Conv3d(512, 1024, kernel_size=(1, 1, 1), stride=(1, 2, 2), bias=False)
        (branch1_bn): NaiveSyncBatchNorm3d(1024, eps=1e-05, momentum=0.1, affine=True, track_running_stats=True)
        (branch2): BottleneckTransform(
          (a): Conv3d(512, 256, kernel_size=(3, 1, 1), stride=(1, 1, 1), padding=(1, 0, 0), bias=False)
          (a_bn): NaiveSyncBatchNorm3d(256, eps=1e-05, momentum=0.1, affine=True, track_running_stats=True)
          (a_relu): ReLU(inplace=True)
          (b): Conv3d(256, 256, kernel_size=(1, 3, 3), stride=(1, 2, 2), padding=(0, 1, 1), bias=False)
          (b_bn): NaiveSyncBatchNorm3d(256, eps=1e-05, momentum=0.1, affine=True, track_running_stats=True)
          (b_relu): ReLU(inplace=True)
          (c): Conv3d(256, 1024, kernel_size=(1, 1, 1), stride=(1, 1, 1), bias=False)
          (c_bn): NaiveSyncBatchNorm3d(1024, eps=1e-05, momentum=0.1, affine=True, track_running_stats=True)
        )
        (relu): ReLU(inplace=True)
      )
      (pathway0_res1): ResBlock(
        (branch2): BottleneckTransform(
          (a): Conv3d(1024, 256, kernel_size=(3, 1, 1), stride=(1, 1, 1), padding=(1, 0, 0), bias=False)
          (a_bn): NaiveSyncBatchNorm3d(256, eps=1e-05, momentum=0.1, affine=True, track_running_stats=True)
          (a_relu): ReLU(inplace=True)
          (b): Conv3d(256, 256, kernel_size=(1, 3, 3), stride=(1, 1, 1), padding=(0, 1, 1), bias=False)
          (b_bn): NaiveSyncBatchNorm3d(256, eps=1e-05, momentum=0.1, affine=True, track_running_stats=True)
          (b_relu): ReLU(inplace=True)
          (c): Conv3d(256, 1024, kernel_size=(1, 1, 1), stride=(1, 1, 1), bias=False)
          (c_bn): NaiveSyncBatchNorm3d(1024, eps=1e-05, momentum=0.1, affine=True, track_running_stats=True)
        )
        (relu): ReLU(inplace=True)
      )
      (pathway0_res2): ResBlock(
        (branch2): BottleneckTransform(
          (a): Conv3d(1024, 256, kernel_size=(3, 1, 1), stride=(1, 1, 1), padding=(1, 0, 0), bias=False)
          (a_bn): NaiveSyncBatchNorm3d(256, eps=1e-05, momentum=0.1, affine=True, track_running_stats=True)
          (a_relu): ReLU(inplace=True)
          (b): Conv3d(256, 256, kernel_size=(1, 3, 3), stride=(1, 1, 1), padding=(0, 1, 1), bias=False)
          (b_bn): NaiveSyncBatchNorm3d(256, eps=1e-05, momentum=0.1, affine=True, track_running_stats=True)
          (b_relu): ReLU(inplace=True)
          (c): Conv3d(256, 1024, kernel_size=(1, 1, 1), stride=(1, 1, 1), bias=False)
          (c_bn): NaiveSyncBatchNorm3d(1024, eps=1e-05, momentum=0.1, affine=True, track_running_stats=True)
        )
        (relu): ReLU(inplace=True)
      )
      (pathway0_res3): ResBlock(
        (branch2): BottleneckTransform(
          (a): Conv3d(1024, 256, kernel_size=(3, 1, 1), stride=(1, 1, 1), padding=(1, 0, 0), bias=False)
          (a_bn): NaiveSyncBatchNorm3d(256, eps=1e-05, momentum=0.1, affine=True, track_running_stats=True)
          (a_relu): ReLU(inplace=True)
          (b): Conv3d(256, 256, kernel_size=(1, 3, 3), stride=(1, 1, 1), padding=(0, 1, 1), bias=False)
          (b_bn): NaiveSyncBatchNorm3d(256, eps=1e-05, momentum=0.1, affine=True, track_running_stats=True)
          (b_relu): ReLU(inplace=True)
          (c): Conv3d(256, 1024, kernel_size=(1, 1, 1), stride=(1, 1, 1), bias=False)
          (c_bn): NaiveSyncBatchNorm3d(1024, eps=1e-05, momentum=0.1, affine=True, track_running_stats=True)
        )
        (relu): ReLU(inplace=True)
      )
      (pathway0_res4): ResBlock(
        (branch2): BottleneckTransform(
          (a): Conv3d(1024, 256, kernel_size=(3, 1, 1), stride=(1, 1, 1), padding=(1, 0, 0), bias=False)
          (a_bn): NaiveSyncBatchNorm3d(256, eps=1e-05, momentum=0.1, affine=True, track_running_stats=True)
          (a_relu): ReLU(inplace=True)
          (b): Conv3d(256, 256, kernel_size=(1, 3, 3), stride=(1, 1, 1), padding=(0, 1, 1), bias=False)
          (b_bn): NaiveSyncBatchNorm3d(256, eps=1e-05, momentum=0.1, affine=True, track_running_stats=True)
          (b_relu): ReLU(inplace=True)
          (c): Conv3d(256, 1024, kernel_size=(1, 1, 1), stride=(1, 1, 1), bias=False)
          (c_bn): NaiveSyncBatchNorm3d(1024, eps=1e-05, momentum=0.1, affine=True, track_running_stats=True)
        )
        (relu): ReLU(inplace=True)
      )
      (pathway0_res5): ResBlock(
        (branch2): BottleneckTransform(
          (a): Conv3d(1024, 256, kernel_size=(3, 1, 1), stride=(1, 1, 1), padding=(1, 0, 0), bias=False)
          (a_bn): NaiveSyncBatchNorm3d(256, eps=1e-05, momentum=0.1, affine=True, track_running_stats=True)
          (a_relu): ReLU(inplace=True)
          (b): Conv3d(256, 256, kernel_size=(1, 3, 3), stride=(1, 1, 1), padding=(0, 1, 1), bias=False)
          (b_bn): NaiveSyncBatchNorm3d(256, eps=1e-05, momentum=0.1, affine=True, track_running_stats=True)
          (b_relu): ReLU(inplace=True)
          (c): Conv3d(256, 1024, kernel_size=(1, 1, 1), stride=(1, 1, 1), bias=False)
          (c_bn): NaiveSyncBatchNorm3d(1024, eps=1e-05, momentum=0.1, affine=True, track_running_stats=True)
        )
        (relu): ReLU(inplace=True)
      )
    )
    (s5): ResStage(
      (pathway0_res0): ResBlock(
        (branch1): Conv3d(1024, 2048, kernel_size=(1, 1, 1), stride=(1, 2, 2), bias=False)
        (branch1_bn): NaiveSyncBatchNorm3d(2048, eps=1e-05, momentum=0.1, affine=True, track_running_stats=True)
        (branch2): BottleneckTransform(
          (a): Conv3d(1024, 512, kernel_size=(3, 1, 1), stride=(1, 1, 1), padding=(1, 0, 0), bias=False)
          (a_bn): NaiveSyncBatchNorm3d(512, eps=1e-05, momentum=0.1, affine=True, track_running_stats=True)
          (a_relu): ReLU(inplace=True)
          (b): Conv3d(512, 512, kernel_size=(1, 3, 3), stride=(1, 2, 2), padding=(0, 1, 1), bias=False)
          (b_bn): NaiveSyncBatchNorm3d(512, eps=1e-05, momentum=0.1, affine=True, track_running_stats=True)
          (b_relu): ReLU(inplace=True)
          (c): Conv3d(512, 2048, kernel_size=(1, 1, 1), stride=(1, 1, 1), bias=False)
          (c_bn): NaiveSyncBatchNorm3d(2048, eps=1e-05, momentum=0.1, affine=True, track_running_stats=True)
        )
        (relu): ReLU(inplace=True)
      )
      (pathway0_res1): ResBlock(
        (branch2): BottleneckTransform(
          (a): Conv3d(2048, 512, kernel_size=(3, 1, 1), stride=(1, 1, 1), padding=(1, 0, 0), bias=False)
          (a_bn): NaiveSyncBatchNorm3d(512, eps=1e-05, momentum=0.1, affine=True, track_running_stats=True)
          (a_relu): ReLU(inplace=True)
          (b): Conv3d(512, 512, kernel_size=(1, 3, 3), stride=(1, 1, 1), padding=(0, 1, 1), bias=False)
          (b_bn): NaiveSyncBatchNorm3d(512, eps=1e-05, momentum=0.1, affine=True, track_running_stats=True)
          (b_relu): ReLU(inplace=True)
          (c): Conv3d(512, 2048, kernel_size=(1, 1, 1), stride=(1, 1, 1), bias=False)
          (c_bn): NaiveSyncBatchNorm3d(2048, eps=1e-05, momentum=0.1, affine=True, track_running_stats=True)
        )
        (relu): ReLU(inplace=True)
      )
      (pathway0_res2): ResBlock(
        (branch2): BottleneckTransform(
          (a): Conv3d(2048, 512, kernel_size=(3, 1, 1), stride=(1, 1, 1), padding=(1, 0, 0), bias=False)
          (a_bn): NaiveSyncBatchNorm3d(512, eps=1e-05, momentum=0.1, affine=True, track_running_stats=True)
          (a_relu): ReLU(inplace=True)
          (b): Conv3d(512, 512, kernel_size=(1, 3, 3), stride=(1, 1, 1), padding=(0, 1, 1), bias=False)
          (b_bn): NaiveSyncBatchNorm3d(512, eps=1e-05, momentum=0.1, affine=True, track_running_stats=True)
          (b_relu): ReLU(inplace=True)
          (c): Conv3d(512, 2048, kernel_size=(1, 1, 1), stride=(1, 1, 1), bias=False)
          (c_bn): NaiveSyncBatchNorm3d(2048, eps=1e-05, momentum=0.1, affine=True, track_running_stats=True)
        )
        (relu): ReLU(inplace=True)
      )
    )
    (head): ResNetBasicHead(
      (predictors): ModuleList(
        (0): MLPHead(
          (projection): Sequential(
            (0): Linear(in_features=256, out_features=4096, bias=False)
            (1): BatchNorm1d(4096, eps=1e-05, momentum=0.1, affine=True, track_running_stats=True)
            (2): ReLU(inplace=True)
            (3): Linear(in_features=4096, out_features=256, bias=True)
          )
        )
      )
      (pathway0_avgpool): AdaptiveAvgPool3d(output_size=(1, 1, 1))
      (projection): MLPHead(
        (projection): Sequential(
          (0): Linear(in_features=2048, out_features=4096, bias=False)
          (1): BatchNorm1d(4096, eps=1e-05, momentum=0.1, affine=True, track_running_stats=True)
          (2): ReLU(inplace=True)
          (3): Linear(in_features=4096, out_features=256, bias=True)
        )
      )
    )
  )
  (l2_norm): Normalize()
  (nce_loss_fun): ContrastiveLoss()
  (softmax): Softmax(dim=1)
  (backbone_hist): ResNet(
    (s1): VideoModelStem(
      (pathway0_stem): ResNetBasicStem(
        (conv): Conv3d(3, 64, kernel_size=(1, 7, 7), stride=(1, 2, 2), padding=(0, 3, 3), bias=False)
        (bn): NaiveSyncBatchNorm3d(64, eps=1e-05, momentum=0.1, affine=True, track_running_stats=True)
        (relu): ReLU(inplace=True)
        (pool_layer): MaxPool3d(kernel_size=[1, 3, 3], stride=[1, 2, 2], padding=[0, 1, 1], dilation=1, ceil_mode=False)
      )
    )
    (s2): ResStage(
      (pathway0_res0): ResBlock(
        (branch1): Conv3d(64, 256, kernel_size=(1, 1, 1), stride=(1, 1, 1), bias=False)
        (branch1_bn): NaiveSyncBatchNorm3d(256, eps=1e-05, momentum=0.1, affine=True, track_running_stats=True)
        (branch2): BottleneckTransform(
          (a): Conv3d(64, 64, kernel_size=(1, 1, 1), stride=(1, 1, 1), bias=False)
          (a_bn): NaiveSyncBatchNorm3d(64, eps=1e-05, momentum=0.1, affine=True, track_running_stats=True)
          (a_relu): ReLU(inplace=True)
          (b): Conv3d(64, 64, kernel_size=(1, 3, 3), stride=(1, 1, 1), padding=(0, 1, 1), bias=False)
          (b_bn): NaiveSyncBatchNorm3d(64, eps=1e-05, momentum=0.1, affine=True, track_running_stats=True)
          (b_relu): ReLU(inplace=True)
          (c): Conv3d(64, 256, kernel_size=(1, 1, 1), stride=(1, 1, 1), bias=False)
          (c_bn): NaiveSyncBatchNorm3d(256, eps=1e-05, momentum=0.1, affine=True, track_running_stats=True)
        )
        (relu): ReLU(inplace=True)
      )
      (pathway0_res1): ResBlock(
        (branch2): BottleneckTransform(
          (a): Conv3d(256, 64, kernel_size=(1, 1, 1), stride=(1, 1, 1), bias=False)
          (a_bn): NaiveSyncBatchNorm3d(64, eps=1e-05, momentum=0.1, affine=True, track_running_stats=True)
          (a_relu): ReLU(inplace=True)
          (b): Conv3d(64, 64, kernel_size=(1, 3, 3), stride=(1, 1, 1), padding=(0, 1, 1), bias=False)
          (b_bn): NaiveSyncBatchNorm3d(64, eps=1e-05, momentum=0.1, affine=True, track_running_stats=True)
          (b_relu): ReLU(inplace=True)
          (c): Conv3d(64, 256, kernel_size=(1, 1, 1), stride=(1, 1, 1), bias=False)
          (c_bn): NaiveSyncBatchNorm3d(256, eps=1e-05, momentum=0.1, affine=True, track_running_stats=True)
        )
        (relu): ReLU(inplace=True)
      )
      (pathway0_res2): ResBlock(
        (branch2): BottleneckTransform(
          (a): Conv3d(256, 64, kernel_size=(1, 1, 1), stride=(1, 1, 1), bias=False)
          (a_bn): NaiveSyncBatchNorm3d(64, eps=1e-05, momentum=0.1, affine=True, track_running_stats=True)
          (a_relu): ReLU(inplace=True)
          (b): Conv3d(64, 64, kernel_size=(1, 3, 3), stride=(1, 1, 1), padding=(0, 1, 1), bias=False)
          (b_bn): NaiveSyncBatchNorm3d(64, eps=1e-05, momentum=0.1, affine=True, track_running_stats=True)
          (b_relu): ReLU(inplace=True)
          (c): Conv3d(64, 256, kernel_size=(1, 1, 1), stride=(1, 1, 1), bias=False)
          (c_bn): NaiveSyncBatchNorm3d(256, eps=1e-05, momentum=0.1, affine=True, track_running_stats=True)
        )
        (relu): ReLU(inplace=True)
      )
    )
    (pathway0_pool): MaxPool3d(kernel_size=[1, 1, 1], stride=[1, 1, 1], padding=[0, 0, 0], dilation=1, ceil_mode=False)
    (s3): ResStage(
      (pathway0_res0): ResBlock(
        (branch1): Conv3d(256, 512, kernel_size=(1, 1, 1), stride=(1, 2, 2), bias=False)
        (branch1_bn): NaiveSyncBatchNorm3d(512, eps=1e-05, momentum=0.1, affine=True, track_running_stats=True)
        (branch2): BottleneckTransform(
          (a): Conv3d(256, 128, kernel_size=(1, 1, 1), stride=(1, 1, 1), bias=False)
          (a_bn): NaiveSyncBatchNorm3d(128, eps=1e-05, momentum=0.1, affine=True, track_running_stats=True)
          (a_relu): ReLU(inplace=True)
          (b): Conv3d(128, 128, kernel_size=(1, 3, 3), stride=(1, 2, 2), padding=(0, 1, 1), bias=False)
          (b_bn): NaiveSyncBatchNorm3d(128, eps=1e-05, momentum=0.1, affine=True, track_running_stats=True)
          (b_relu): ReLU(inplace=True)
          (c): Conv3d(128, 512, kernel_size=(1, 1, 1), stride=(1, 1, 1), bias=False)
          (c_bn): NaiveSyncBatchNorm3d(512, eps=1e-05, momentum=0.1, affine=True, track_running_stats=True)
        )
        (relu): ReLU(inplace=True)
      )
      (pathway0_res1): ResBlock(
        (branch2): BottleneckTransform(
          (a): Conv3d(512, 128, kernel_size=(1, 1, 1), stride=(1, 1, 1), bias=False)
          (a_bn): NaiveSyncBatchNorm3d(128, eps=1e-05, momentum=0.1, affine=True, track_running_stats=True)
          (a_relu): ReLU(inplace=True)
          (b): Conv3d(128, 128, kernel_size=(1, 3, 3), stride=(1, 1, 1), padding=(0, 1, 1), bias=False)
          (b_bn): NaiveSyncBatchNorm3d(128, eps=1e-05, momentum=0.1, affine=True, track_running_stats=True)
          (b_relu): ReLU(inplace=True)
          (c): Conv3d(128, 512, kernel_size=(1, 1, 1), stride=(1, 1, 1), bias=False)
          (c_bn): NaiveSyncBatchNorm3d(512, eps=1e-05, momentum=0.1, affine=True, track_running_stats=True)
        )
        (relu): ReLU(inplace=True)
      )
      (pathway0_res2): ResBlock(
        (branch2): BottleneckTransform(
          (a): Conv3d(512, 128, kernel_size=(1, 1, 1), stride=(1, 1, 1), bias=False)
          (a_bn): NaiveSyncBatchNorm3d(128, eps=1e-05, momentum=0.1, affine=True, track_running_stats=True)
          (a_relu): ReLU(inplace=True)
          (b): Conv3d(128, 128, kernel_size=(1, 3, 3), stride=(1, 1, 1), padding=(0, 1, 1), bias=False)
          (b_bn): NaiveSyncBatchNorm3d(128, eps=1e-05, momentum=0.1, affine=True, track_running_stats=True)
          (b_relu): ReLU(inplace=True)
          (c): Conv3d(128, 512, kernel_size=(1, 1, 1), stride=(1, 1, 1), bias=False)
          (c_bn): NaiveSyncBatchNorm3d(512, eps=1e-05, momentum=0.1, affine=True, track_running_stats=True)
        )
        (relu): ReLU(inplace=True)
      )
      (pathway0_res3): ResBlock(
        (branch2): BottleneckTransform(
          (a): Conv3d(512, 128, kernel_size=(1, 1, 1), stride=(1, 1, 1), bias=False)
          (a_bn): NaiveSyncBatchNorm3d(128, eps=1e-05, momentum=0.1, affine=True, track_running_stats=True)
          (a_relu): ReLU(inplace=True)
          (b): Conv3d(128, 128, kernel_size=(1, 3, 3), stride=(1, 1, 1), padding=(0, 1, 1), bias=False)
          (b_bn): NaiveSyncBatchNorm3d(128, eps=1e-05, momentum=0.1, affine=True, track_running_stats=True)
          (b_relu): ReLU(inplace=True)
          (c): Conv3d(128, 512, kernel_size=(1, 1, 1), stride=(1, 1, 1), bias=False)
          (c_bn): NaiveSyncBatchNorm3d(512, eps=1e-05, momentum=0.1, affine=True, track_running_stats=True)
        )
        (relu): ReLU(inplace=True)
      )
    )
    (s4): ResStage(
      (pathway0_res0): ResBlock(
        (branch1): Conv3d(512, 1024, kernel_size=(1, 1, 1), stride=(1, 2, 2), bias=False)
        (branch1_bn): NaiveSyncBatchNorm3d(1024, eps=1e-05, momentum=0.1, affine=True, track_running_stats=True)
        (branch2): BottleneckTransform(
          (a): Conv3d(512, 256, kernel_size=(3, 1, 1), stride=(1, 1, 1), padding=(1, 0, 0), bias=False)
          (a_bn): NaiveSyncBatchNorm3d(256, eps=1e-05, momentum=0.1, affine=True, track_running_stats=True)
          (a_relu): ReLU(inplace=True)
          (b): Conv3d(256, 256, kernel_size=(1, 3, 3), stride=(1, 2, 2), padding=(0, 1, 1), bias=False)
          (b_bn): NaiveSyncBatchNorm3d(256, eps=1e-05, momentum=0.1, affine=True, track_running_stats=True)
          (b_relu): ReLU(inplace=True)
          (c): Conv3d(256, 1024, kernel_size=(1, 1, 1), stride=(1, 1, 1), bias=False)
          (c_bn): NaiveSyncBatchNorm3d(1024, eps=1e-05, momentum=0.1, affine=True, track_running_stats=True)
        )
        (relu): ReLU(inplace=True)
      )
      (pathway0_res1): ResBlock(
        (branch2): BottleneckTransform(
          (a): Conv3d(1024, 256, kernel_size=(3, 1, 1), stride=(1, 1, 1), padding=(1, 0, 0), bias=False)
          (a_bn): NaiveSyncBatchNorm3d(256, eps=1e-05, momentum=0.1, affine=True, track_running_stats=True)
          (a_relu): ReLU(inplace=True)
          (b): Conv3d(256, 256, kernel_size=(1, 3, 3), stride=(1, 1, 1), padding=(0, 1, 1), bias=False)
          (b_bn): NaiveSyncBatchNorm3d(256, eps=1e-05, momentum=0.1, affine=True, track_running_stats=True)
          (b_relu): ReLU(inplace=True)
          (c): Conv3d(256, 1024, kernel_size=(1, 1, 1), stride=(1, 1, 1), bias=False)
          (c_bn): NaiveSyncBatchNorm3d(1024, eps=1e-05, momentum=0.1, affine=True, track_running_stats=True)
        )
        (relu): ReLU(inplace=True)
      )
      (pathway0_res2): ResBlock(
        (branch2): BottleneckTransform(
          (a): Conv3d(1024, 256, kernel_size=(3, 1, 1), stride=(1, 1, 1), padding=(1, 0, 0), bias=False)
          (a_bn): NaiveSyncBatchNorm3d(256, eps=1e-05, momentum=0.1, affine=True, track_running_stats=True)
          (a_relu): ReLU(inplace=True)
          (b): Conv3d(256, 256, kernel_size=(1, 3, 3), stride=(1, 1, 1), padding=(0, 1, 1), bias=False)
          (b_bn): NaiveSyncBatchNorm3d(256, eps=1e-05, momentum=0.1, affine=True, track_running_stats=True)
          (b_relu): ReLU(inplace=True)
          (c): Conv3d(256, 1024, kernel_size=(1, 1, 1), stride=(1, 1, 1), bias=False)
          (c_bn): NaiveSyncBatchNorm3d(1024, eps=1e-05, momentum=0.1, affine=True, track_running_stats=True)
        )
        (relu): ReLU(inplace=True)
      )
      (pathway0_res3): ResBlock(
        (branch2): BottleneckTransform(
          (a): Conv3d(1024, 256, kernel_size=(3, 1, 1), stride=(1, 1, 1), padding=(1, 0, 0), bias=False)
          (a_bn): NaiveSyncBatchNorm3d(256, eps=1e-05, momentum=0.1, affine=True, track_running_stats=True)
          (a_relu): ReLU(inplace=True)
          (b): Conv3d(256, 256, kernel_size=(1, 3, 3), stride=(1, 1, 1), padding=(0, 1, 1), bias=False)
          (b_bn): NaiveSyncBatchNorm3d(256, eps=1e-05, momentum=0.1, affine=True, track_running_stats=True)
          (b_relu): ReLU(inplace=True)
          (c): Conv3d(256, 1024, kernel_size=(1, 1, 1), stride=(1, 1, 1), bias=False)
          (c_bn): NaiveSyncBatchNorm3d(1024, eps=1e-05, momentum=0.1, affine=True, track_running_stats=True)
        )
        (relu): ReLU(inplace=True)
      )
      (pathway0_res4): ResBlock(
        (branch2): BottleneckTransform(
          (a): Conv3d(1024, 256, kernel_size=(3, 1, 1), stride=(1, 1, 1), padding=(1, 0, 0), bias=False)
          (a_bn): NaiveSyncBatchNorm3d(256, eps=1e-05, momentum=0.1, affine=True, track_running_stats=True)
          (a_relu): ReLU(inplace=True)
          (b): Conv3d(256, 256, kernel_size=(1, 3, 3), stride=(1, 1, 1), padding=(0, 1, 1), bias=False)
          (b_bn): NaiveSyncBatchNorm3d(256, eps=1e-05, momentum=0.1, affine=True, track_running_stats=True)
          (b_relu): ReLU(inplace=True)
          (c): Conv3d(256, 1024, kernel_size=(1, 1, 1), stride=(1, 1, 1), bias=False)
          (c_bn): NaiveSyncBatchNorm3d(1024, eps=1e-05, momentum=0.1, affine=True, track_running_stats=True)
        )
        (relu): ReLU(inplace=True)
      )
      (pathway0_res5): ResBlock(
        (branch2): BottleneckTransform(
          (a): Conv3d(1024, 256, kernel_size=(3, 1, 1), stride=(1, 1, 1), padding=(1, 0, 0), bias=False)
          (a_bn): NaiveSyncBatchNorm3d(256, eps=1e-05, momentum=0.1, affine=True, track_running_stats=True)
          (a_relu): ReLU(inplace=True)
          (b): Conv3d(256, 256, kernel_size=(1, 3, 3), stride=(1, 1, 1), padding=(0, 1, 1), bias=False)
          (b_bn): NaiveSyncBatchNorm3d(256, eps=1e-05, momentum=0.1, affine=True, track_running_stats=True)
          (b_relu): ReLU(inplace=True)
          (c): Conv3d(256, 1024, kernel_size=(1, 1, 1), stride=(1, 1, 1), bias=False)
          (c_bn): NaiveSyncBatchNorm3d(1024, eps=1e-05, momentum=0.1, affine=True, track_running_stats=True)
        )
        (relu): ReLU(inplace=True)
      )
    )
    (s5): ResStage(
      (pathway0_res0): ResBlock(
        (branch1): Conv3d(1024, 2048, kernel_size=(1, 1, 1), stride=(1, 2, 2), bias=False)
        (branch1_bn): NaiveSyncBatchNorm3d(2048, eps=1e-05, momentum=0.1, affine=True, track_running_stats=True)
        (branch2): BottleneckTransform(
          (a): Conv3d(1024, 512, kernel_size=(3, 1, 1), stride=(1, 1, 1), padding=(1, 0, 0), bias=False)
          (a_bn): NaiveSyncBatchNorm3d(512, eps=1e-05, momentum=0.1, affine=True, track_running_stats=True)
          (a_relu): ReLU(inplace=True)
          (b): Conv3d(512, 512, kernel_size=(1, 3, 3), stride=(1, 2, 2), padding=(0, 1, 1), bias=False)
          (b_bn): NaiveSyncBatchNorm3d(512, eps=1e-05, momentum=0.1, affine=True, track_running_stats=True)
          (b_relu): ReLU(inplace=True)
          (c): Conv3d(512, 2048, kernel_size=(1, 1, 1), stride=(1, 1, 1), bias=False)
          (c_bn): NaiveSyncBatchNorm3d(2048, eps=1e-05, momentum=0.1, affine=True, track_running_stats=True)
        )
        (relu): ReLU(inplace=True)
      )
      (pathway0_res1): ResBlock(
        (branch2): BottleneckTransform(
          (a): Conv3d(2048, 512, kernel_size=(3, 1, 1), stride=(1, 1, 1), padding=(1, 0, 0), bias=False)
          (a_bn): NaiveSyncBatchNorm3d(512, eps=1e-05, momentum=0.1, affine=True, track_running_stats=True)
          (a_relu): ReLU(inplace=True)
          (b): Conv3d(512, 512, kernel_size=(1, 3, 3), stride=(1, 1, 1), padding=(0, 1, 1), bias=False)
          (b_bn): NaiveSyncBatchNorm3d(512, eps=1e-05, momentum=0.1, affine=True, track_running_stats=True)
          (b_relu): ReLU(inplace=True)
          (c): Conv3d(512, 2048, kernel_size=(1, 1, 1), stride=(1, 1, 1), bias=False)
          (c_bn): NaiveSyncBatchNorm3d(2048, eps=1e-05, momentum=0.1, affine=True, track_running_stats=True)
        )
        (relu): ReLU(inplace=True)
      )
      (pathway0_res2): ResBlock(
        (branch2): BottleneckTransform(
          (a): Conv3d(2048, 512, kernel_size=(3, 1, 1), stride=(1, 1, 1), padding=(1, 0, 0), bias=False)
          (a_bn): NaiveSyncBatchNorm3d(512, eps=1e-05, momentum=0.1, affine=True, track_running_stats=True)
          (a_relu): ReLU(inplace=True)
          (b): Conv3d(512, 512, kernel_size=(1, 3, 3), stride=(1, 1, 1), padding=(0, 1, 1), bias=False)
          (b_bn): NaiveSyncBatchNorm3d(512, eps=1e-05, momentum=0.1, affine=True, track_running_stats=True)
          (b_relu): ReLU(inplace=True)
          (c): Conv3d(512, 2048, kernel_size=(1, 1, 1), stride=(1, 1, 1), bias=False)
          (c_bn): NaiveSyncBatchNorm3d(2048, eps=1e-05, momentum=0.1, affine=True, track_running_stats=True)
        )
        (relu): ReLU(inplace=True)
      )
    )
    (head): ResNetBasicHead(
      (predictors): ModuleList(
        (0): MLPHead(
          (projection): Sequential(
            (0): Linear(in_features=256, out_features=4096, bias=False)
            (1): BatchNorm1d(4096, eps=1e-05, momentum=0.1, affine=True, track_running_stats=True)
            (2): ReLU(inplace=True)
            (3): Linear(in_features=4096, out_features=256, bias=True)
          )
        )
      )
      (pathway0_avgpool): AdaptiveAvgPool3d(output_size=(1, 1, 1))
      (projection): MLPHead(
        (projection): Sequential(
          (0): Linear(in_features=2048, out_features=4096, bias=False)
          (1): BatchNorm1d(4096, eps=1e-05, momentum=0.1, affine=True, track_running_stats=True)
          (2): ReLU(inplace=True)
          (3): Linear(in_features=4096, out_features=256, bias=True)
        )
      )
    )
  )
  (knn_mem): Memory(
    (l2_norm): Normalize()
    (l2_norm2d): Normalize()
  )
)
[03/02 07:39:28][INFO] misc.py:  187: Params: 86,371,456
[03/02 07:39:28][INFO] misc.py:  188: Mem: 0.6158990859985352 MB
[03/02 07:39:30][WARNING] jit_analysis.py:  499: Unsupported operator aten::max_pool3d encountered 2 time(s)
[03/02 07:39:30][WARNING] jit_analysis.py:  499: Unsupported operator aten::add encountered 16 time(s)
[03/02 07:39:30][WARNING] jit_analysis.py:  499: Unsupported operator aten::adaptive_avg_pool3d encountered 1 time(s)
[03/02 07:39:30][WARNING] jit_analysis.py:  511: The following submodules of the model were never called during the trace of the graph. They may be unused, or they were accessed by direct calls to .forward() or via other python methods. In the latter case they will have zeros for statistics, though their statistics will still contribute to their parent calling module.
backbone.head.predictors.0, backbone.head.predictors.0.projection, backbone.head.predictors.0.projection.0, backbone.head.predictors.0.projection.1, backbone.head.predictors.0.projection.2, backbone.head.predictors.0.projection.3, backbone_hist, backbone_hist.head, backbone_hist.head.pathway0_avgpool, backbone_hist.head.predictors.0, backbone_hist.head.predictors.0.projection, backbone_hist.head.predictors.0.projection.0, backbone_hist.head.predictors.0.projection.1, backbone_hist.head.predictors.0.projection.2, backbone_hist.head.predictors.0.projection.3, backbone_hist.head.projection, backbone_hist.head.projection.projection, backbone_hist.head.projection.projection.0, backbone_hist.head.projection.projection.1, backbone_hist.head.projection.projection.2, backbone_hist.head.projection.projection.3, backbone_hist.pathway0_pool, backbone_hist.s1, backbone_hist.s1.pathway0_stem, backbone_hist.s1.pathway0_stem.bn, backbone_hist.s1.pathway0_stem.conv, backbone_hist.s1.pathway0_stem.pool_layer, backbone_hist.s1.pathway0_stem.relu, backbone_hist.s2, backbone_hist.s2.pathway0_res0, backbone_hist.s2.pathway0_res0.branch1, backbone_hist.s2.pathway0_res0.branch1_bn, backbone_hist.s2.pathway0_res0.branch2, backbone_hist.s2.pathway0_res0.branch2.a, backbone_hist.s2.pathway0_res0.branch2.a_bn, backbone_hist.s2.pathway0_res0.branch2.a_relu, backbone_hist.s2.pathway0_res0.branch2.b, backbone_hist.s2.pathway0_res0.branch2.b_bn, backbone_hist.s2.pathway0_res0.branch2.b_relu, backbone_hist.s2.pathway0_res0.branch2.c, backbone_hist.s2.pathway0_res0.branch2.c_bn, backbone_hist.s2.pathway0_res0.relu, backbone_hist.s2.pathway0_res1, backbone_hist.s2.pathway0_res1.branch2, backbone_hist.s2.pathway0_res1.branch2.a, backbone_hist.s2.pathway0_res1.branch2.a_bn, backbone_hist.s2.pathway0_res1.branch2.a_relu, backbone_hist.s2.pathway0_res1.branch2.b, backbone_hist.s2.pathway0_res1.branch2.b_bn, backbone_hist.s2.pathway0_res1.branch2.b_relu, backbone_hist.s2.pathway0_res1.branch2.c, backbone_hist.s2.pathway0_res1.branch2.c_bn, backbone_hist.s2.pathway0_res1.relu, backbone_hist.s2.pathway0_res2, backbone_hist.s2.pathway0_res2.branch2, backbone_hist.s2.pathway0_res2.branch2.a, backbone_hist.s2.pathway0_res2.branch2.a_bn, backbone_hist.s2.pathway0_res2.branch2.a_relu, backbone_hist.s2.pathway0_res2.branch2.b, backbone_hist.s2.pathway0_res2.branch2.b_bn, backbone_hist.s2.pathway0_res2.branch2.b_relu, backbone_hist.s2.pathway0_res2.branch2.c, backbone_hist.s2.pathway0_res2.branch2.c_bn, backbone_hist.s2.pathway0_res2.relu, backbone_hist.s3, backbone_hist.s3.pathway0_res0, backbone_hist.s3.pathway0_res0.branch1, backbone_hist.s3.pathway0_res0.branch1_bn, backbone_hist.s3.pathway0_res0.branch2, backbone_hist.s3.pathway0_res0.branch2.a, backbone_hist.s3.pathway0_res0.branch2.a_bn, backbone_hist.s3.pathway0_res0.branch2.a_relu, backbone_hist.s3.pathway0_res0.branch2.b, backbone_hist.s3.pathway0_res0.branch2.b_bn, backbone_hist.s3.pathway0_res0.branch2.b_relu, backbone_hist.s3.pathway0_res0.branch2.c, backbone_hist.s3.pathway0_res0.branch2.c_bn, backbone_hist.s3.pathway0_res0.relu, backbone_hist.s3.pathway0_res1, backbone_hist.s3.pathway0_res1.branch2, backbone_hist.s3.pathway0_res1.branch2.a, backbone_hist.s3.pathway0_res1.branch2.a_bn, backbone_hist.s3.pathway0_res1.branch2.a_relu, backbone_hist.s3.pathway0_res1.branch2.b, backbone_hist.s3.pathway0_res1.branch2.b_bn, backbone_hist.s3.pathway0_res1.branch2.b_relu, backbone_hist.s3.pathway0_res1.branch2.c, backbone_hist.s3.pathway0_res1.branch2.c_bn, backbone_hist.s3.pathway0_res1.relu, backbone_hist.s3.pathway0_res2, backbone_hist.s3.pathway0_res2.branch2, backbone_hist.s3.pathway0_res2.branch2.a, backbone_hist.s3.pathway0_res2.branch2.a_bn, backbone_hist.s3.pathway0_res2.branch2.a_relu, backbone_hist.s3.pathway0_res2.branch2.b, backbone_hist.s3.pathway0_res2.branch2.b_bn, backbone_hist.s3.pathway0_res2.branch2.b_relu, backbone_hist.s3.pathway0_res2.branch2.c, backbone_hist.s3.pathway0_res2.branch2.c_bn, backbone_hist.s3.pathway0_res2.relu, backbone_hist.s3.pathway0_res3, backbone_hist.s3.pathway0_res3.branch2, backbone_hist.s3.pathway0_res3.branch2.a, backbone_hist.s3.pathway0_res3.branch2.a_bn, backbone_hist.s3.pathway0_res3.branch2.a_relu, backbone_hist.s3.pathway0_res3.branch2.b, backbone_hist.s3.pathway0_res3.branch2.b_bn, backbone_hist.s3.pathway0_res3.branch2.b_relu, backbone_hist.s3.pathway0_res3.branch2.c, backbone_hist.s3.pathway0_res3.branch2.c_bn, backbone_hist.s3.pathway0_res3.relu, backbone_hist.s4, backbone_hist.s4.pathway0_res0, backbone_hist.s4.pathway0_res0.branch1, backbone_hist.s4.pathway0_res0.branch1_bn, backbone_hist.s4.pathway0_res0.branch2, backbone_hist.s4.pathway0_res0.branch2.a, backbone_hist.s4.pathway0_res0.branch2.a_bn, backbone_hist.s4.pathway0_res0.branch2.a_relu, backbone_hist.s4.pathway0_res0.branch2.b, backbone_hist.s4.pathway0_res0.branch2.b_bn, backbone_hist.s4.pathway0_res0.branch2.b_relu, backbone_hist.s4.pathway0_res0.branch2.c, backbone_hist.s4.pathway0_res0.branch2.c_bn, backbone_hist.s4.pathway0_res0.relu, backbone_hist.s4.pathway0_res1, backbone_hist.s4.pathway0_res1.branch2, backbone_hist.s4.pathway0_res1.branch2.a, backbone_hist.s4.pathway0_res1.branch2.a_bn, backbone_hist.s4.pathway0_res1.branch2.a_relu, backbone_hist.s4.pathway0_res1.branch2.b, backbone_hist.s4.pathway0_res1.branch2.b_bn, backbone_hist.s4.pathway0_res1.branch2.b_relu, backbone_hist.s4.pathway0_res1.branch2.c, backbone_hist.s4.pathway0_res1.branch2.c_bn, backbone_hist.s4.pathway0_res1.relu, backbone_hist.s4.pathway0_res2, backbone_hist.s4.pathway0_res2.branch2, backbone_hist.s4.pathway0_res2.branch2.a, backbone_hist.s4.pathway0_res2.branch2.a_bn, backbone_hist.s4.pathway0_res2.branch2.a_relu, backbone_hist.s4.pathway0_res2.branch2.b, backbone_hist.s4.pathway0_res2.branch2.b_bn, backbone_hist.s4.pathway0_res2.branch2.b_relu, backbone_hist.s4.pathway0_res2.branch2.c, backbone_hist.s4.pathway0_res2.branch2.c_bn, backbone_hist.s4.pathway0_res2.relu, backbone_hist.s4.pathway0_res3, backbone_hist.s4.pathway0_res3.branch2, backbone_hist.s4.pathway0_res3.branch2.a, backbone_hist.s4.pathway0_res3.branch2.a_bn, backbone_hist.s4.pathway0_res3.branch2.a_relu, backbone_hist.s4.pathway0_res3.branch2.b, backbone_hist.s4.pathway0_res3.branch2.b_bn, backbone_hist.s4.pathway0_res3.branch2.b_relu, backbone_hist.s4.pathway0_res3.branch2.c, backbone_hist.s4.pathway0_res3.branch2.c_bn, backbone_hist.s4.pathway0_res3.relu, backbone_hist.s4.pathway0_res4, backbone_hist.s4.pathway0_res4.branch2, backbone_hist.s4.pathway0_res4.branch2.a, backbone_hist.s4.pathway0_res4.branch2.a_bn, backbone_hist.s4.pathway0_res4.branch2.a_relu, backbone_hist.s4.pathway0_res4.branch2.b, backbone_hist.s4.pathway0_res4.branch2.b_bn, backbone_hist.s4.pathway0_res4.branch2.b_relu, backbone_hist.s4.pathway0_res4.branch2.c, backbone_hist.s4.pathway0_res4.branch2.c_bn, backbone_hist.s4.pathway0_res4.relu, backbone_hist.s4.pathway0_res5, backbone_hist.s4.pathway0_res5.branch2, backbone_hist.s4.pathway0_res5.branch2.a, backbone_hist.s4.pathway0_res5.branch2.a_bn, backbone_hist.s4.pathway0_res5.branch2.a_relu, backbone_hist.s4.pathway0_res5.branch2.b, backbone_hist.s4.pathway0_res5.branch2.b_bn, backbone_hist.s4.pathway0_res5.branch2.b_relu, backbone_hist.s4.pathway0_res5.branch2.c, backbone_hist.s4.pathway0_res5.branch2.c_bn, backbone_hist.s4.pathway0_res5.relu, backbone_hist.s5, backbone_hist.s5.pathway0_res0, backbone_hist.s5.pathway0_res0.branch1, backbone_hist.s5.pathway0_res0.branch1_bn, backbone_hist.s5.pathway0_res0.branch2, backbone_hist.s5.pathway0_res0.branch2.a, backbone_hist.s5.pathway0_res0.branch2.a_bn, backbone_hist.s5.pathway0_res0.branch2.a_relu, backbone_hist.s5.pathway0_res0.branch2.b, backbone_hist.s5.pathway0_res0.branch2.b_bn, backbone_hist.s5.pathway0_res0.branch2.b_relu, backbone_hist.s5.pathway0_res0.branch2.c, backbone_hist.s5.pathway0_res0.branch2.c_bn, backbone_hist.s5.pathway0_res0.relu, backbone_hist.s5.pathway0_res1, backbone_hist.s5.pathway0_res1.branch2, backbone_hist.s5.pathway0_res1.branch2.a, backbone_hist.s5.pathway0_res1.branch2.a_bn, backbone_hist.s5.pathway0_res1.branch2.a_relu, backbone_hist.s5.pathway0_res1.branch2.b, backbone_hist.s5.pathway0_res1.branch2.b_bn, backbone_hist.s5.pathway0_res1.branch2.b_relu, backbone_hist.s5.pathway0_res1.branch2.c, backbone_hist.s5.pathway0_res1.branch2.c_bn, backbone_hist.s5.pathway0_res1.relu, backbone_hist.s5.pathway0_res2, backbone_hist.s5.pathway0_res2.branch2, backbone_hist.s5.pathway0_res2.branch2.a, backbone_hist.s5.pathway0_res2.branch2.a_bn, backbone_hist.s5.pathway0_res2.branch2.a_relu, backbone_hist.s5.pathway0_res2.branch2.b, backbone_hist.s5.pathway0_res2.branch2.b_bn, backbone_hist.s5.pathway0_res2.branch2.b_relu, backbone_hist.s5.pathway0_res2.branch2.c, backbone_hist.s5.pathway0_res2.branch2.c_bn, backbone_hist.s5.pathway0_res2.relu, knn_mem, knn_mem.l2_norm, knn_mem.l2_norm2d, l2_norm, nce_loss_fun, softmax
[03/02 07:39:30][INFO] misc.py:  190: Flops: 7.708639232 G
[03/02 07:39:30][WARNING] jit_analysis.py:  499: Unsupported operator aten::batch_norm encountered 54 time(s)
[03/02 07:39:30][WARNING] jit_analysis.py:  499: Unsupported operator aten::max_pool3d encountered 2 time(s)
[03/02 07:39:30][WARNING] jit_analysis.py:  499: Unsupported operator aten::add encountered 16 time(s)
[03/02 07:39:30][WARNING] jit_analysis.py:  499: Unsupported operator aten::adaptive_avg_pool3d encountered 1 time(s)
[03/02 07:39:30][WARNING] jit_analysis.py:  511: The following submodules of the model were never called during the trace of the graph. They may be unused, or they were accessed by direct calls to .forward() or via other python methods. In the latter case they will have zeros for statistics, though their statistics will still contribute to their parent calling module.
backbone.head.predictors.0, backbone.head.predictors.0.projection, backbone.head.predictors.0.projection.0, backbone.head.predictors.0.projection.1, backbone.head.predictors.0.projection.2, backbone.head.predictors.0.projection.3, backbone_hist, backbone_hist.head, backbone_hist.head.pathway0_avgpool, backbone_hist.head.predictors.0, backbone_hist.head.predictors.0.projection, backbone_hist.head.predictors.0.projection.0, backbone_hist.head.predictors.0.projection.1, backbone_hist.head.predictors.0.projection.2, backbone_hist.head.predictors.0.projection.3, backbone_hist.head.projection, backbone_hist.head.projection.projection, backbone_hist.head.projection.projection.0, backbone_hist.head.projection.projection.1, backbone_hist.head.projection.projection.2, backbone_hist.head.projection.projection.3, backbone_hist.pathway0_pool, backbone_hist.s1, backbone_hist.s1.pathway0_stem, backbone_hist.s1.pathway0_stem.bn, backbone_hist.s1.pathway0_stem.conv, backbone_hist.s1.pathway0_stem.pool_layer, backbone_hist.s1.pathway0_stem.relu, backbone_hist.s2, backbone_hist.s2.pathway0_res0, backbone_hist.s2.pathway0_res0.branch1, backbone_hist.s2.pathway0_res0.branch1_bn, backbone_hist.s2.pathway0_res0.branch2, backbone_hist.s2.pathway0_res0.branch2.a, backbone_hist.s2.pathway0_res0.branch2.a_bn, backbone_hist.s2.pathway0_res0.branch2.a_relu, backbone_hist.s2.pathway0_res0.branch2.b, backbone_hist.s2.pathway0_res0.branch2.b_bn, backbone_hist.s2.pathway0_res0.branch2.b_relu, backbone_hist.s2.pathway0_res0.branch2.c, backbone_hist.s2.pathway0_res0.branch2.c_bn, backbone_hist.s2.pathway0_res0.relu, backbone_hist.s2.pathway0_res1, backbone_hist.s2.pathway0_res1.branch2, backbone_hist.s2.pathway0_res1.branch2.a, backbone_hist.s2.pathway0_res1.branch2.a_bn, backbone_hist.s2.pathway0_res1.branch2.a_relu, backbone_hist.s2.pathway0_res1.branch2.b, backbone_hist.s2.pathway0_res1.branch2.b_bn, backbone_hist.s2.pathway0_res1.branch2.b_relu, backbone_hist.s2.pathway0_res1.branch2.c, backbone_hist.s2.pathway0_res1.branch2.c_bn, backbone_hist.s2.pathway0_res1.relu, backbone_hist.s2.pathway0_res2, backbone_hist.s2.pathway0_res2.branch2, backbone_hist.s2.pathway0_res2.branch2.a, backbone_hist.s2.pathway0_res2.branch2.a_bn, backbone_hist.s2.pathway0_res2.branch2.a_relu, backbone_hist.s2.pathway0_res2.branch2.b, backbone_hist.s2.pathway0_res2.branch2.b_bn, backbone_hist.s2.pathway0_res2.branch2.b_relu, backbone_hist.s2.pathway0_res2.branch2.c, backbone_hist.s2.pathway0_res2.branch2.c_bn, backbone_hist.s2.pathway0_res2.relu, backbone_hist.s3, backbone_hist.s3.pathway0_res0, backbone_hist.s3.pathway0_res0.branch1, backbone_hist.s3.pathway0_res0.branch1_bn, backbone_hist.s3.pathway0_res0.branch2, backbone_hist.s3.pathway0_res0.branch2.a, backbone_hist.s3.pathway0_res0.branch2.a_bn, backbone_hist.s3.pathway0_res0.branch2.a_relu, backbone_hist.s3.pathway0_res0.branch2.b, backbone_hist.s3.pathway0_res0.branch2.b_bn, backbone_hist.s3.pathway0_res0.branch2.b_relu, backbone_hist.s3.pathway0_res0.branch2.c, backbone_hist.s3.pathway0_res0.branch2.c_bn, backbone_hist.s3.pathway0_res0.relu, backbone_hist.s3.pathway0_res1, backbone_hist.s3.pathway0_res1.branch2, backbone_hist.s3.pathway0_res1.branch2.a, backbone_hist.s3.pathway0_res1.branch2.a_bn, backbone_hist.s3.pathway0_res1.branch2.a_relu, backbone_hist.s3.pathway0_res1.branch2.b, backbone_hist.s3.pathway0_res1.branch2.b_bn, backbone_hist.s3.pathway0_res1.branch2.b_relu, backbone_hist.s3.pathway0_res1.branch2.c, backbone_hist.s3.pathway0_res1.branch2.c_bn, backbone_hist.s3.pathway0_res1.relu, backbone_hist.s3.pathway0_res2, backbone_hist.s3.pathway0_res2.branch2, backbone_hist.s3.pathway0_res2.branch2.a, backbone_hist.s3.pathway0_res2.branch2.a_bn, backbone_hist.s3.pathway0_res2.branch2.a_relu, backbone_hist.s3.pathway0_res2.branch2.b, backbone_hist.s3.pathway0_res2.branch2.b_bn, backbone_hist.s3.pathway0_res2.branch2.b_relu, backbone_hist.s3.pathway0_res2.branch2.c, backbone_hist.s3.pathway0_res2.branch2.c_bn, backbone_hist.s3.pathway0_res2.relu, backbone_hist.s3.pathway0_res3, backbone_hist.s3.pathway0_res3.branch2, backbone_hist.s3.pathway0_res3.branch2.a, backbone_hist.s3.pathway0_res3.branch2.a_bn, backbone_hist.s3.pathway0_res3.branch2.a_relu, backbone_hist.s3.pathway0_res3.branch2.b, backbone_hist.s3.pathway0_res3.branch2.b_bn, backbone_hist.s3.pathway0_res3.branch2.b_relu, backbone_hist.s3.pathway0_res3.branch2.c, backbone_hist.s3.pathway0_res3.branch2.c_bn, backbone_hist.s3.pathway0_res3.relu, backbone_hist.s4, backbone_hist.s4.pathway0_res0, backbone_hist.s4.pathway0_res0.branch1, backbone_hist.s4.pathway0_res0.branch1_bn, backbone_hist.s4.pathway0_res0.branch2, backbone_hist.s4.pathway0_res0.branch2.a, backbone_hist.s4.pathway0_res0.branch2.a_bn, backbone_hist.s4.pathway0_res0.branch2.a_relu, backbone_hist.s4.pathway0_res0.branch2.b, backbone_hist.s4.pathway0_res0.branch2.b_bn, backbone_hist.s4.pathway0_res0.branch2.b_relu, backbone_hist.s4.pathway0_res0.branch2.c, backbone_hist.s4.pathway0_res0.branch2.c_bn, backbone_hist.s4.pathway0_res0.relu, backbone_hist.s4.pathway0_res1, backbone_hist.s4.pathway0_res1.branch2, backbone_hist.s4.pathway0_res1.branch2.a, backbone_hist.s4.pathway0_res1.branch2.a_bn, backbone_hist.s4.pathway0_res1.branch2.a_relu, backbone_hist.s4.pathway0_res1.branch2.b, backbone_hist.s4.pathway0_res1.branch2.b_bn, backbone_hist.s4.pathway0_res1.branch2.b_relu, backbone_hist.s4.pathway0_res1.branch2.c, backbone_hist.s4.pathway0_res1.branch2.c_bn, backbone_hist.s4.pathway0_res1.relu, backbone_hist.s4.pathway0_res2, backbone_hist.s4.pathway0_res2.branch2, backbone_hist.s4.pathway0_res2.branch2.a, backbone_hist.s4.pathway0_res2.branch2.a_bn, backbone_hist.s4.pathway0_res2.branch2.a_relu, backbone_hist.s4.pathway0_res2.branch2.b, backbone_hist.s4.pathway0_res2.branch2.b_bn, backbone_hist.s4.pathway0_res2.branch2.b_relu, backbone_hist.s4.pathway0_res2.branch2.c, backbone_hist.s4.pathway0_res2.branch2.c_bn, backbone_hist.s4.pathway0_res2.relu, backbone_hist.s4.pathway0_res3, backbone_hist.s4.pathway0_res3.branch2, backbone_hist.s4.pathway0_res3.branch2.a, backbone_hist.s4.pathway0_res3.branch2.a_bn, backbone_hist.s4.pathway0_res3.branch2.a_relu, backbone_hist.s4.pathway0_res3.branch2.b, backbone_hist.s4.pathway0_res3.branch2.b_bn, backbone_hist.s4.pathway0_res3.branch2.b_relu, backbone_hist.s4.pathway0_res3.branch2.c, backbone_hist.s4.pathway0_res3.branch2.c_bn, backbone_hist.s4.pathway0_res3.relu, backbone_hist.s4.pathway0_res4, backbone_hist.s4.pathway0_res4.branch2, backbone_hist.s4.pathway0_res4.branch2.a, backbone_hist.s4.pathway0_res4.branch2.a_bn, backbone_hist.s4.pathway0_res4.branch2.a_relu, backbone_hist.s4.pathway0_res4.branch2.b, backbone_hist.s4.pathway0_res4.branch2.b_bn, backbone_hist.s4.pathway0_res4.branch2.b_relu, backbone_hist.s4.pathway0_res4.branch2.c, backbone_hist.s4.pathway0_res4.branch2.c_bn, backbone_hist.s4.pathway0_res4.relu, backbone_hist.s4.pathway0_res5, backbone_hist.s4.pathway0_res5.branch2, backbone_hist.s4.pathway0_res5.branch2.a, backbone_hist.s4.pathway0_res5.branch2.a_bn, backbone_hist.s4.pathway0_res5.branch2.a_relu, backbone_hist.s4.pathway0_res5.branch2.b, backbone_hist.s4.pathway0_res5.branch2.b_bn, backbone_hist.s4.pathway0_res5.branch2.b_relu, backbone_hist.s4.pathway0_res5.branch2.c, backbone_hist.s4.pathway0_res5.branch2.c_bn, backbone_hist.s4.pathway0_res5.relu, backbone_hist.s5, backbone_hist.s5.pathway0_res0, backbone_hist.s5.pathway0_res0.branch1, backbone_hist.s5.pathway0_res0.branch1_bn, backbone_hist.s5.pathway0_res0.branch2, backbone_hist.s5.pathway0_res0.branch2.a, backbone_hist.s5.pathway0_res0.branch2.a_bn, backbone_hist.s5.pathway0_res0.branch2.a_relu, backbone_hist.s5.pathway0_res0.branch2.b, backbone_hist.s5.pathway0_res0.branch2.b_bn, backbone_hist.s5.pathway0_res0.branch2.b_relu, backbone_hist.s5.pathway0_res0.branch2.c, backbone_hist.s5.pathway0_res0.branch2.c_bn, backbone_hist.s5.pathway0_res0.relu, backbone_hist.s5.pathway0_res1, backbone_hist.s5.pathway0_res1.branch2, backbone_hist.s5.pathway0_res1.branch2.a, backbone_hist.s5.pathway0_res1.branch2.a_bn, backbone_hist.s5.pathway0_res1.branch2.a_relu, backbone_hist.s5.pathway0_res1.branch2.b, backbone_hist.s5.pathway0_res1.branch2.b_bn, backbone_hist.s5.pathway0_res1.branch2.b_relu, backbone_hist.s5.pathway0_res1.branch2.c, backbone_hist.s5.pathway0_res1.branch2.c_bn, backbone_hist.s5.pathway0_res1.relu, backbone_hist.s5.pathway0_res2, backbone_hist.s5.pathway0_res2.branch2, backbone_hist.s5.pathway0_res2.branch2.a, backbone_hist.s5.pathway0_res2.branch2.a_bn, backbone_hist.s5.pathway0_res2.branch2.a_relu, backbone_hist.s5.pathway0_res2.branch2.b, backbone_hist.s5.pathway0_res2.branch2.b_bn, backbone_hist.s5.pathway0_res2.branch2.b_relu, backbone_hist.s5.pathway0_res2.branch2.c, backbone_hist.s5.pathway0_res2.branch2.c_bn, backbone_hist.s5.pathway0_res2.relu, knn_mem, knn_mem.l2_norm, knn_mem.l2_norm2d, l2_norm, nce_loss_fun, softmax
[03/02 07:39:30][INFO] misc.py:  191: Activations: 16.335104 M
[03/02 07:39:30][INFO] misc.py:  194: nvidia-smi
Thu Mar  2 07:39:30 2023       
+-----------------------------------------------------------------------------+
| NVIDIA-SMI 510.39.01    Driver Version: 510.39.01    CUDA Version: 11.6     |
|-------------------------------+----------------------+----------------------+
| GPU  Name        Persistence-M| Bus-Id        Disp.A | Volatile Uncorr. ECC |
| Fan  Temp  Perf  Pwr:Usage/Cap|         Memory-Usage | GPU-Util  Compute M. |
|                               |                      |               MIG M. |
|===============================+======================+======================|
|   0  NVIDIA GeForce ...  Off  | 00000000:5E:00.0 Off |                  N/A |
| 22%   27C    P8    15W / 250W |      3MiB / 12288MiB |      0%      Default |
|                               |                      |                  N/A |
+-------------------------------+----------------------+----------------------+
|   1  NVIDIA GeForce ...  Off  | 00000000:B1:00.0 Off |                  N/A |
| 30%   49C    P2   115W / 350W |   7032MiB / 24576MiB |      0%      Default |
|                               |                      |                  N/A |
+-------------------------------+----------------------+----------------------+
|   2  NVIDIA GeForce ...  Off  | 00000000:D9:00.0 Off |                  N/A |
| 30%   34C    P2   104W / 350W |   3453MiB / 24576MiB |      6%      Default |
|                               |                      |                  N/A |
+-------------------------------+----------------------+----------------------+
                                                                               
+-----------------------------------------------------------------------------+
| Processes:                                                                  |
|  GPU   GI   CI        PID   Type   Process name                  GPU Memory |
|        ID   ID                                                   Usage      |
|=============================================================================|
|    1   N/A  N/A   1798442      C                                    5903MiB |
|    1   N/A  N/A   1819689      C   ...da3/envs/torch/bin/python     1127MiB |
|    2   N/A  N/A   2324370      C   ...3/envs/torch10/bin/python     3451MiB |
+-----------------------------------------------------------------------------+
bn 110, non bn 59, zero 0, no grad 169
[03/02 07:39:30][INFO] train_net.py:  558: Load from last checkpoint.
[03/02 07:39:30][INFO] checkpoint.py:  222: Loading network weights from ./checkpoints/ssl_checkpoint_epoch_00010.pyth.
[03/02 07:39:30][INFO] checkpoint.py:  541: Network weights knn_mem.memory not loaded.
missing keys: ['knn_mem.memory']
unexpected keys: []
start_epoch is 10
[03/02 07:39:30][INFO] kinetics.py:   90: Constructing Kinetics train...
here is the path: /home/hong/slowfast/index_files/train.csv
[03/02 07:39:30][INFO] kinetics.py:  146: Constructing kinetics dataloader (size: 2000 skip_rows 0) from /home/hong/slowfast/index_files/train.csv 
[03/02 07:39:30][INFO] kinetics.py:   90: Constructing Kinetics val...
here is the path: /home/hong/slowfast/index_files/val.csv
[03/02 07:39:30][INFO] kinetics.py:  146: Constructing kinetics dataloader (size: 100 skip_rows 0) from /home/hong/slowfast/index_files/val.csv 
[03/02 07:39:30][INFO] contrastive.py:  135: initializing knn labels
[03/02 07:39:30][ERROR] contrastive.py:  148: Kinetics dataloader size: 2000 differs from memorybank length 239975
[03/02 07:39:30][INFO] train_net.py:  628: Start epoch: 1
Failed to decode by pyav with exception: tuple index out of range
[03/02 07:42:09][WARNING] kinetics.py:  325: Failed to decode video idx 658 from /data/hong/k400/reduced/train/XFkykETgkoo_002967_002977.mp4; trial 0
num_retries: 3
Failed to decode by pyav with exception: tuple index out of range
[03/02 07:45:47][WARNING] kinetics.py:  325: Failed to decode video idx 694 from /data/hong/k400/reduced/train/IhanWvpHGu8_001243_001253.mp4; trial 0
Failed to decode by pyav with exception: tuple index out of range
[03/02 07:47:52][WARNING] kinetics.py:  325: Failed to decode video idx 749 from /data/hong/k400/reduced/train/BvBVQmm2RcM_000082_000092.mp4; trial 0
Failed to decode by pyav with exception: tuple index out of range
[03/02 07:49:34][WARNING] kinetics.py:  325: Failed to decode video idx 701 from /data/hong/k400/reduced/train/Lw14NH9kAqE_000759_000769.mp4; trial 0
num_retries: 3
num_retries: 3
num_retries: 3
[03/02 07:52:57][INFO] train_net.py:  686: Epoch 0 takes 806.84s. Epochs from 0 to 0 take 806.84s in average and 806.84s in median.
[03/02 07:52:57][INFO] train_net.py:  692: For epoch 0, each iteraction takes 26.03s in average. From epoch 0 to 0, each iteraction takes 26.03s in average.
Failed to decode by pyav with exception: tuple index out of range
[03/02 07:55:43][WARNING] kinetics.py:  325: Failed to decode video idx 694 from /data/hong/k400/reduced/train/IhanWvpHGu8_001243_001253.mp4; trial 0
Failed to decode by pyav with exception: tuple index out of range
[03/02 07:58:01][WARNING] kinetics.py:  325: Failed to decode video idx 658 from /data/hong/k400/reduced/train/XFkykETgkoo_002967_002977.mp4; trial 0
num_retries: 3
Failed to decode by pyav with exception: tuple index out of range
[03/02 08:02:42][WARNING] kinetics.py:  325: Failed to decode video idx 701 from /data/hong/k400/reduced/train/Lw14NH9kAqE_000759_000769.mp4; trial 0
num_retries: 3
Failed to decode by pyav with exception: tuple index out of range
[03/02 08:04:31][WARNING] kinetics.py:  325: Failed to decode video idx 749 from /data/hong/k400/reduced/train/BvBVQmm2RcM_000082_000092.mp4; trial 0
num_retries: 3
num_retries: 3
[03/02 08:07:06][INFO] train_net.py:  686: Epoch 1 takes 849.17s. Epochs from 0 to 1 take 828.00s in average and 828.00s in median.
[03/02 08:07:06][INFO] train_net.py:  692: For epoch 1, each iteraction takes 27.39s in average. From epoch 0 to 1, each iteraction takes 26.71s in average.
Failed to decode by pyav with exception: tuple index out of range
[03/02 08:14:13][WARNING] kinetics.py:  325: Failed to decode video idx 749 from /data/hong/k400/reduced/train/BvBVQmm2RcM_000082_000092.mp4; trial 0
Failed to decode by pyav with exception: tuple index out of range
[03/02 08:14:24][WARNING] kinetics.py:  325: Failed to decode video idx 694 from /data/hong/k400/reduced/train/IhanWvpHGu8_001243_001253.mp4; trial 0
num_retries: 3
Failed to decode by pyav with exception: tuple index out of range
[03/02 08:16:43][WARNING] kinetics.py:  325: Failed to decode video idx 701 from /data/hong/k400/reduced/train/Lw14NH9kAqE_000759_000769.mp4; trial 0
num_retries: 3
Failed to decode by pyav with exception: tuple index out of range
[03/02 08:18:45][WARNING] kinetics.py:  325: Failed to decode video idx 658 from /data/hong/k400/reduced/train/XFkykETgkoo_002967_002977.mp4; trial 0
num_retries: 3
num_retries: 3
[03/02 08:20:18][INFO] train_net.py:  686: Epoch 2 takes 791.24s. Epochs from 0 to 2 take 815.75s in average and 806.84s in median.
[03/02 08:20:18][INFO] train_net.py:  692: For epoch 2, each iteraction takes 25.52s in average. From epoch 0 to 2, each iteraction takes 26.31s in average.
Failed to decode by pyav with exception: tuple index out of range
[03/02 08:21:15][WARNING] kinetics.py:  325: Failed to decode video idx 694 from /data/hong/k400/reduced/train/IhanWvpHGu8_001243_001253.mp4; trial 0
Failed to decode by pyav with exception: tuple index out of range
[03/02 08:24:21][WARNING] kinetics.py:  325: Failed to decode video idx 749 from /data/hong/k400/reduced/train/BvBVQmm2RcM_000082_000092.mp4; trial 0
num_retries: 3
Failed to decode by pyav with exception: tuple index out of range
[03/02 08:25:14][WARNING] kinetics.py:  325: Failed to decode video idx 701 from /data/hong/k400/reduced/train/Lw14NH9kAqE_000759_000769.mp4; trial 0
num_retries: 3
Failed to decode by pyav with exception: tuple index out of range
[03/02 08:28:01][WARNING] kinetics.py:  325: Failed to decode video idx 658 from /data/hong/k400/reduced/train/XFkykETgkoo_002967_002977.mp4; trial 0
num_retries: 3
num_retries: 3
[03/02 08:34:33][INFO] train_net.py:  686: Epoch 3 takes 855.81s. Epochs from 0 to 3 take 825.76s in average and 828.00s in median.
[03/02 08:34:33][INFO] train_net.py:  692: For epoch 3, each iteraction takes 27.61s in average. From epoch 0 to 3, each iteraction takes 26.64s in average.
Failed to decode by pyav with exception: tuple index out of range
[03/02 08:37:10][WARNING] kinetics.py:  325: Failed to decode video idx 749 from /data/hong/k400/reduced/train/BvBVQmm2RcM_000082_000092.mp4; trial 0
Failed to decode by pyav with exception: tuple index out of range
[03/02 08:37:36][WARNING] kinetics.py:  325: Failed to decode video idx 701 from /data/hong/k400/reduced/train/Lw14NH9kAqE_000759_000769.mp4; trial 0
Failed to decode by pyav with exception: tuple index out of range
[03/02 08:40:12][WARNING] kinetics.py:  325: Failed to decode video idx 658 from /data/hong/k400/reduced/train/XFkykETgkoo_002967_002977.mp4; trial 0
num_retries: 3
Failed to decode by pyav with exception: tuple index out of range
[03/02 08:43:59][WARNING] kinetics.py:  325: Failed to decode video idx 694 from /data/hong/k400/reduced/train/IhanWvpHGu8_001243_001253.mp4; trial 0
num_retries: 3
num_retries: 3
num_retries: 3
[03/02 08:48:53][INFO] train_net.py:  686: Epoch 4 takes 859.49s. Epochs from 0 to 4 take 832.51s in average and 849.17s in median.
[03/02 08:48:53][INFO] train_net.py:  692: For epoch 4, each iteraction takes 27.73s in average. From epoch 0 to 4, each iteraction takes 26.86s in average.
Failed to decode by pyav with exception: tuple index out of range
[03/02 08:48:58][WARNING] kinetics.py:  325: Failed to decode video idx 694 from /data/hong/k400/reduced/train/IhanWvpHGu8_001243_001253.mp4; trial 0
num_retries: 3
Failed to decode by pyav with exception: tuple index out of range
[03/02 08:52:24][WARNING] kinetics.py:  325: Failed to decode video idx 749 from /data/hong/k400/reduced/train/BvBVQmm2RcM_000082_000092.mp4; trial 0
Failed to decode by pyav with exception: tuple index out of range
[03/02 08:55:21][WARNING] kinetics.py:  325: Failed to decode video idx 701 from /data/hong/k400/reduced/train/Lw14NH9kAqE_000759_000769.mp4; trial 0
Failed to decode by pyav with exception: tuple index out of range
[03/02 08:59:26][WARNING] kinetics.py:  325: Failed to decode video idx 658 from /data/hong/k400/reduced/train/XFkykETgkoo_002967_002977.mp4; trial 0
num_retries: 3
num_retries: 3
num_retries: 3
[03/02 09:02:20][INFO] train_net.py:  686: Epoch 5 takes 807.38s. Epochs from 0 to 5 take 828.32s in average and 828.28s in median.
[03/02 09:02:20][INFO] train_net.py:  692: For epoch 5, each iteraction takes 26.04s in average. From epoch 0 to 5, each iteraction takes 26.72s in average.
Failed to decode by pyav with exception: tuple index out of range
[03/02 09:04:57][WARNING] kinetics.py:  325: Failed to decode video idx 701 from /data/hong/k400/reduced/train/Lw14NH9kAqE_000759_000769.mp4; trial 0
Failed to decode by pyav with exception: tuple index out of range
[03/02 09:07:36][WARNING] kinetics.py:  325: Failed to decode video idx 658 from /data/hong/k400/reduced/train/XFkykETgkoo_002967_002977.mp4; trial 0
num_retries: 3
Failed to decode by pyav with exception: tuple index out of range
[03/02 09:09:04][WARNING] kinetics.py:  325: Failed to decode video idx 749 from /data/hong/k400/reduced/train/BvBVQmm2RcM_000082_000092.mp4; trial 0
num_retries: 3
Failed to decode by pyav with exception: tuple index out of range
[03/02 09:10:47][WARNING] kinetics.py:  325: Failed to decode video idx 694 from /data/hong/k400/reduced/train/IhanWvpHGu8_001243_001253.mp4; trial 0
num_retries: 3
num_retries: 3
[03/02 09:16:12][INFO] train_net.py:  686: Epoch 6 takes 831.56s. Epochs from 0 to 6 take 828.78s in average and 831.56s in median.
[03/02 09:16:12][INFO] train_net.py:  692: For epoch 6, each iteraction takes 26.82s in average. From epoch 0 to 6, each iteraction takes 26.73s in average.
Failed to decode by pyav with exception: tuple index out of range
[03/02 09:18:55][WARNING] kinetics.py:  325: Failed to decode video idx 694 from /data/hong/k400/reduced/train/IhanWvpHGu8_001243_001253.mp4; trial 0
Failed to decode by pyav with exception: tuple index out of range
[03/02 09:20:56][WARNING] kinetics.py:  325: Failed to decode video idx 749 from /data/hong/k400/reduced/train/BvBVQmm2RcM_000082_000092.mp4; trial 0
num_retries: 3
Failed to decode by pyav with exception: tuple index out of range
[03/02 09:23:52][WARNING] kinetics.py:  325: Failed to decode video idx 701 from /data/hong/k400/reduced/train/Lw14NH9kAqE_000759_000769.mp4; trial 0
Failed to decode by pyav with exception: tuple index out of range
[03/02 09:25:09][WARNING] kinetics.py:  325: Failed to decode video idx 658 from /data/hong/k400/reduced/train/XFkykETgkoo_002967_002977.mp4; trial 0
num_retries: 3
num_retries: 3
num_retries: 3
[03/02 09:30:27][INFO] train_net.py:  686: Epoch 7 takes 855.40s. Epochs from 0 to 7 take 832.11s in average and 840.36s in median.
[03/02 09:30:27][INFO] train_net.py:  692: For epoch 7, each iteraction takes 27.59s in average. From epoch 0 to 7, each iteraction takes 26.84s in average.
Failed to decode by pyav with exception: tuple index out of range
[03/02 09:41:57][WARNING] kinetics.py:  325: Failed to decode video idx 658 from /data/hong/k400/reduced/train/XFkykETgkoo_002967_002977.mp4; trial 0
num_retries: 3
Failed to decode by pyav with exception: tuple index out of range
[03/02 09:42:35][WARNING] kinetics.py:  325: Failed to decode video idx 701 from /data/hong/k400/reduced/train/Lw14NH9kAqE_000759_000769.mp4; trial 0
Failed to decode by pyav with exception: tuple index out of range
[03/02 09:42:48][WARNING] kinetics.py:  325: Failed to decode video idx 749 from /data/hong/k400/reduced/train/BvBVQmm2RcM_000082_000092.mp4; trial 0
Failed to decode by pyav with exception: tuple index out of range
[03/02 09:43:06][WARNING] kinetics.py:  325: Failed to decode video idx 694 from /data/hong/k400/reduced/train/IhanWvpHGu8_001243_001253.mp4; trial 0
num_retries: 3
num_retries: 3
num_retries: 3
[03/02 09:43:49][INFO] train_net.py:  686: Epoch 8 takes 801.48s. Epochs from 0 to 8 take 828.71s in average and 831.56s in median.
[03/02 09:43:49][INFO] train_net.py:  692: For epoch 8, each iteraction takes 25.85s in average. From epoch 0 to 8, each iteraction takes 26.73s in average.
Failed to decode by pyav with exception: tuple index out of range
[03/02 09:47:30][WARNING] kinetics.py:  325: Failed to decode video idx 694 from /data/hong/k400/reduced/train/IhanWvpHGu8_001243_001253.mp4; trial 0
Failed to decode by pyav with exception: tuple index out of range
[03/02 09:49:55][WARNING] kinetics.py:  325: Failed to decode video idx 701 from /data/hong/k400/reduced/train/Lw14NH9kAqE_000759_000769.mp4; trial 0
num_retries: 3
Failed to decode by pyav with exception: tuple index out of range
[03/02 09:51:58][WARNING] kinetics.py:  325: Failed to decode video idx 658 from /data/hong/k400/reduced/train/XFkykETgkoo_002967_002977.mp4; trial 0
Failed to decode by pyav with exception: tuple index out of range
[03/02 09:52:59][WARNING] kinetics.py:  325: Failed to decode video idx 749 from /data/hong/k400/reduced/train/BvBVQmm2RcM_000082_000092.mp4; trial 0
num_retries: 3
num_retries: 3
num_retries: 3
[03/02 09:57:28][INFO] train_net.py:  686: Epoch 9 takes 819.71s. Epochs from 0 to 9 take 827.81s in average and 825.63s in median.
[03/02 09:57:28][INFO] train_net.py:  692: For epoch 9, each iteraction takes 26.44s in average. From epoch 0 to 9, each iteraction takes 26.70s in average.
[03/02 09:57:30][INFO] train_net.py:  762: training done: _p86.37_f7.71 _t13.76_m9.38 _a0.00 Top5 Acc: 0.00 MEM: 9.38 f: 7.7086
